CRITICAL - 2023-10-02 03:39:00 --> Undefined variable $status
in APPPATH\Views\pages\charity\addcharity.php on line 31.
 1 APPPATH\Views\pages\charity\addcharity.php(31): CodeIgniter\Debug\Exceptions->errorHandler(2, 'Undefined variable $status', 'D:\\htdocs\\codeigniter\\codeIgniter\\app\\Views\\pages\\charity\\addcharity.php', 31)
 2 SYSTEMPATH\View\View.php(226): include('D:\\htdocs\\codeigniter\\codeIgniter\\app\\Views\\pages\\charity\\addcharity.php')
 3 SYSTEMPATH\View\View.php(229): CodeIgniter\View\View->CodeIgniter\View\{closure}()
 4 SYSTEMPATH\Common.php(1188): CodeIgniter\View\View->render('pages/charity/addcharity', [], true)
 5 APPPATH\Controllers\CharityController.php(17): view('pages/charity/addcharity', [...])
 6 SYSTEMPATH\CodeIgniter.php(919): App\Controllers\CharityController->index()
 7 SYSTEMPATH\CodeIgniter.php(494): CodeIgniter\CodeIgniter->runController(Object(App\Controllers\CharityController))
 8 SYSTEMPATH\CodeIgniter.php(353): CodeIgniter\CodeIgniter->handleRequest(null, Object(Config\Cache), false)
 9 FCPATH\index.php(79): CodeIgniter\CodeIgniter->run()
10 SYSTEMPATH\Commands\Server\rewrite.php(47): require_once('D:\\htdocs\\codeigniter\\codeIgniter\\index.php')
CRITICAL - 2023-10-02 03:39:37 --> Undefined variable $status
in APPPATH\Views\pages\charity\addcharity.php on line 31.
 1 APPPATH\Views\pages\charity\addcharity.php(31): CodeIgniter\Debug\Exceptions->errorHandler(2, 'Undefined variable $status', 'D:\\htdocs\\codeigniter\\codeIgniter\\app\\Views\\pages\\charity\\addcharity.php', 31)
 2 SYSTEMPATH\View\View.php(226): include('D:\\htdocs\\codeigniter\\codeIgniter\\app\\Views\\pages\\charity\\addcharity.php')
 3 SYSTEMPATH\View\View.php(229): CodeIgniter\View\View->CodeIgniter\View\{closure}()
 4 SYSTEMPATH\Common.php(1188): CodeIgniter\View\View->render('pages/charity/addcharity', [], true)
 5 APPPATH\Controllers\CharityController.php(17): view('pages/charity/addcharity', [...])
 6 SYSTEMPATH\CodeIgniter.php(919): App\Controllers\CharityController->index()
 7 SYSTEMPATH\CodeIgniter.php(494): CodeIgniter\CodeIgniter->runController(Object(App\Controllers\CharityController))
 8 SYSTEMPATH\CodeIgniter.php(353): CodeIgniter\CodeIgniter->handleRequest(null, Object(Config\Cache), false)
 9 FCPATH\index.php(79): CodeIgniter\CodeIgniter->run()
10 SYSTEMPATH\Commands\Server\rewrite.php(47): require_once('D:\\htdocs\\codeigniter\\codeIgniter\\index.php')
CRITICAL - 2023-10-02 03:40:07 --> Undefined variable $status
in APPPATH\Views\pages\charity\addcharity.php on line 31.
 1 APPPATH\Views\pages\charity\addcharity.php(31): CodeIgniter\Debug\Exceptions->errorHandler(2, 'Undefined variable $status', 'D:\\htdocs\\codeigniter\\codeIgniter\\app\\Views\\pages\\charity\\addcharity.php', 31)
 2 SYSTEMPATH\View\View.php(226): include('D:\\htdocs\\codeigniter\\codeIgniter\\app\\Views\\pages\\charity\\addcharity.php')
 3 SYSTEMPATH\View\View.php(229): CodeIgniter\View\View->CodeIgniter\View\{closure}()
 4 SYSTEMPATH\Common.php(1188): CodeIgniter\View\View->render('pages/charity/addcharity', [], true)
 5 APPPATH\Controllers\CharityController.php(17): view('pages/charity/addcharity', [...])
 6 SYSTEMPATH\CodeIgniter.php(919): App\Controllers\CharityController->index()
 7 SYSTEMPATH\CodeIgniter.php(494): CodeIgniter\CodeIgniter->runController(Object(App\Controllers\CharityController))
 8 SYSTEMPATH\CodeIgniter.php(353): CodeIgniter\CodeIgniter->handleRequest(null, Object(Config\Cache), false)
 9 FCPATH\index.php(79): CodeIgniter\CodeIgniter->run()
10 SYSTEMPATH\Commands\Server\rewrite.php(47): require_once('D:\\htdocs\\codeigniter\\codeIgniter\\index.php')
CRITICAL - 2023-10-02 03:41:26 --> Undefined variable $sta
in APPPATH\Views\pages\charity\addcharity.php on line 31.
 1 APPPATH\Views\pages\charity\addcharity.php(31): CodeIgniter\Debug\Exceptions->errorHandler(2, 'Undefined variable $sta', 'D:\\htdocs\\codeigniter\\codeIgniter\\app\\Views\\pages\\charity\\addcharity.php', 31)
 2 SYSTEMPATH\View\View.php(226): include('D:\\htdocs\\codeigniter\\codeIgniter\\app\\Views\\pages\\charity\\addcharity.php')
 3 SYSTEMPATH\View\View.php(229): CodeIgniter\View\View->CodeIgniter\View\{closure}()
 4 SYSTEMPATH\Common.php(1188): CodeIgniter\View\View->render('pages/charity/addcharity', [], true)
 5 APPPATH\Controllers\CharityController.php(17): view('pages/charity/addcharity', [...])
 6 SYSTEMPATH\CodeIgniter.php(919): App\Controllers\CharityController->index()
 7 SYSTEMPATH\CodeIgniter.php(494): CodeIgniter\CodeIgniter->runController(Object(App\Controllers\CharityController))
 8 SYSTEMPATH\CodeIgniter.php(353): CodeIgniter\CodeIgniter->handleRequest(null, Object(Config\Cache), false)
 9 FCPATH\index.php(79): CodeIgniter\CodeIgniter->run()
10 SYSTEMPATH\Commands\Server\rewrite.php(47): require_once('D:\\htdocs\\codeigniter\\codeIgniter\\index.php')
CRITICAL - 2023-10-02 03:43:18 --> Undefined variable $sta
in APPPATH\Views\pages\charity\addcharity.php on line 31.
 1 APPPATH\Views\pages\charity\addcharity.php(31): CodeIgniter\Debug\Exceptions->errorHandler(2, 'Undefined variable $sta', 'D:\\htdocs\\codeigniter\\codeIgniter\\app\\Views\\pages\\charity\\addcharity.php', 31)
 2 SYSTEMPATH\View\View.php(226): include('D:\\htdocs\\codeigniter\\codeIgniter\\app\\Views\\pages\\charity\\addcharity.php')
 3 SYSTEMPATH\View\View.php(229): CodeIgniter\View\View->CodeIgniter\View\{closure}()
 4 SYSTEMPATH\Common.php(1188): CodeIgniter\View\View->render('pages/charity/addcharity', [], true)
 5 APPPATH\Controllers\CharityController.php(17): view('pages/charity/addcharity', [...])
 6 SYSTEMPATH\CodeIgniter.php(919): App\Controllers\CharityController->index()
 7 SYSTEMPATH\CodeIgniter.php(494): CodeIgniter\CodeIgniter->runController(Object(App\Controllers\CharityController))
 8 SYSTEMPATH\CodeIgniter.php(353): CodeIgniter\CodeIgniter->handleRequest(null, Object(Config\Cache), false)
 9 FCPATH\index.php(79): CodeIgniter\CodeIgniter->run()
10 SYSTEMPATH\Commands\Server\rewrite.php(47): require_once('D:\\htdocs\\codeigniter\\codeIgniter\\index.php')
CRITICAL - 2023-10-02 03:43:19 --> Undefined variable $sta
in APPPATH\Views\pages\charity\addcharity.php on line 31.
 1 APPPATH\Views\pages\charity\addcharity.php(31): CodeIgniter\Debug\Exceptions->errorHandler(2, 'Undefined variable $sta', 'D:\\htdocs\\codeigniter\\codeIgniter\\app\\Views\\pages\\charity\\addcharity.php', 31)
 2 SYSTEMPATH\View\View.php(226): include('D:\\htdocs\\codeigniter\\codeIgniter\\app\\Views\\pages\\charity\\addcharity.php')
 3 SYSTEMPATH\View\View.php(229): CodeIgniter\View\View->CodeIgniter\View\{closure}()
 4 SYSTEMPATH\Common.php(1188): CodeIgniter\View\View->render('pages/charity/addcharity', [], true)
 5 APPPATH\Controllers\CharityController.php(17): view('pages/charity/addcharity', [...])
 6 SYSTEMPATH\CodeIgniter.php(919): App\Controllers\CharityController->index()
 7 SYSTEMPATH\CodeIgniter.php(494): CodeIgniter\CodeIgniter->runController(Object(App\Controllers\CharityController))
 8 SYSTEMPATH\CodeIgniter.php(353): CodeIgniter\CodeIgniter->handleRequest(null, Object(Config\Cache), false)
 9 FCPATH\index.php(79): CodeIgniter\CodeIgniter->run()
10 SYSTEMPATH\Commands\Server\rewrite.php(47): require_once('D:\\htdocs\\codeigniter\\codeIgniter\\index.php')
CRITICAL - 2023-10-02 03:43:19 --> Undefined variable $sta
in APPPATH\Views\pages\charity\addcharity.php on line 31.
 1 APPPATH\Views\pages\charity\addcharity.php(31): CodeIgniter\Debug\Exceptions->errorHandler(2, 'Undefined variable $sta', 'D:\\htdocs\\codeigniter\\codeIgniter\\app\\Views\\pages\\charity\\addcharity.php', 31)
 2 SYSTEMPATH\View\View.php(226): include('D:\\htdocs\\codeigniter\\codeIgniter\\app\\Views\\pages\\charity\\addcharity.php')
 3 SYSTEMPATH\View\View.php(229): CodeIgniter\View\View->CodeIgniter\View\{closure}()
 4 SYSTEMPATH\Common.php(1188): CodeIgniter\View\View->render('pages/charity/addcharity', [], true)
 5 APPPATH\Controllers\CharityController.php(17): view('pages/charity/addcharity', [...])
 6 SYSTEMPATH\CodeIgniter.php(919): App\Controllers\CharityController->index()
 7 SYSTEMPATH\CodeIgniter.php(494): CodeIgniter\CodeIgniter->runController(Object(App\Controllers\CharityController))
 8 SYSTEMPATH\CodeIgniter.php(353): CodeIgniter\CodeIgniter->handleRequest(null, Object(Config\Cache), false)
 9 FCPATH\index.php(79): CodeIgniter\CodeIgniter->run()
10 SYSTEMPATH\Commands\Server\rewrite.php(47): require_once('D:\\htdocs\\codeigniter\\codeIgniter\\index.php')
CRITICAL - 2023-10-02 03:44:57 --> Undefined variable $sta
in APPPATH\Views\pages\charity\addcharity.php on line 31.
 1 APPPATH\Views\pages\charity\addcharity.php(31): CodeIgniter\Debug\Exceptions->errorHandler(2, 'Undefined variable $sta', 'D:\\htdocs\\codeigniter\\codeIgniter\\app\\Views\\pages\\charity\\addcharity.php', 31)
 2 SYSTEMPATH\View\View.php(226): include('D:\\htdocs\\codeigniter\\codeIgniter\\app\\Views\\pages\\charity\\addcharity.php')
 3 SYSTEMPATH\View\View.php(229): CodeIgniter\View\View->CodeIgniter\View\{closure}()
 4 SYSTEMPATH\Common.php(1188): CodeIgniter\View\View->render('pages/charity/addcharity', [], true)
 5 APPPATH\Controllers\CharityController.php(17): view('pages/charity/addcharity', [...])
 6 SYSTEMPATH\CodeIgniter.php(919): App\Controllers\CharityController->index()
 7 SYSTEMPATH\CodeIgniter.php(494): CodeIgniter\CodeIgniter->runController(Object(App\Controllers\CharityController))
 8 SYSTEMPATH\CodeIgniter.php(353): CodeIgniter\CodeIgniter->handleRequest(null, Object(Config\Cache), false)
 9 FCPATH\index.php(79): CodeIgniter\CodeIgniter->run()
10 SYSTEMPATH\Commands\Server\rewrite.php(47): require_once('D:\\htdocs\\codeigniter\\codeIgniter\\index.php')
CRITICAL - 2023-10-02 03:44:58 --> Undefined variable $sta
in APPPATH\Views\pages\charity\addcharity.php on line 31.
 1 APPPATH\Views\pages\charity\addcharity.php(31): CodeIgniter\Debug\Exceptions->errorHandler(2, 'Undefined variable $sta', 'D:\\htdocs\\codeigniter\\codeIgniter\\app\\Views\\pages\\charity\\addcharity.php', 31)
 2 SYSTEMPATH\View\View.php(226): include('D:\\htdocs\\codeigniter\\codeIgniter\\app\\Views\\pages\\charity\\addcharity.php')
 3 SYSTEMPATH\View\View.php(229): CodeIgniter\View\View->CodeIgniter\View\{closure}()
 4 SYSTEMPATH\Common.php(1188): CodeIgniter\View\View->render('pages/charity/addcharity', [], true)
 5 APPPATH\Controllers\CharityController.php(17): view('pages/charity/addcharity', [...])
 6 SYSTEMPATH\CodeIgniter.php(919): App\Controllers\CharityController->index()
 7 SYSTEMPATH\CodeIgniter.php(494): CodeIgniter\CodeIgniter->runController(Object(App\Controllers\CharityController))
 8 SYSTEMPATH\CodeIgniter.php(353): CodeIgniter\CodeIgniter->handleRequest(null, Object(Config\Cache), false)
 9 FCPATH\index.php(79): CodeIgniter\CodeIgniter->run()
10 SYSTEMPATH\Commands\Server\rewrite.php(47): require_once('D:\\htdocs\\codeigniter\\codeIgniter\\index.php')
CRITICAL - 2023-10-02 03:44:58 --> Undefined variable $sta
in APPPATH\Views\pages\charity\addcharity.php on line 31.
 1 APPPATH\Views\pages\charity\addcharity.php(31): CodeIgniter\Debug\Exceptions->errorHandler(2, 'Undefined variable $sta', 'D:\\htdocs\\codeigniter\\codeIgniter\\app\\Views\\pages\\charity\\addcharity.php', 31)
 2 SYSTEMPATH\View\View.php(226): include('D:\\htdocs\\codeigniter\\codeIgniter\\app\\Views\\pages\\charity\\addcharity.php')
 3 SYSTEMPATH\View\View.php(229): CodeIgniter\View\View->CodeIgniter\View\{closure}()
 4 SYSTEMPATH\Common.php(1188): CodeIgniter\View\View->render('pages/charity/addcharity', [], true)
 5 APPPATH\Controllers\CharityController.php(17): view('pages/charity/addcharity', [...])
 6 SYSTEMPATH\CodeIgniter.php(919): App\Controllers\CharityController->index()
 7 SYSTEMPATH\CodeIgniter.php(494): CodeIgniter\CodeIgniter->runController(Object(App\Controllers\CharityController))
 8 SYSTEMPATH\CodeIgniter.php(353): CodeIgniter\CodeIgniter->handleRequest(null, Object(Config\Cache), false)
 9 FCPATH\index.php(79): CodeIgniter\CodeIgniter->run()
10 SYSTEMPATH\Commands\Server\rewrite.php(47): require_once('D:\\htdocs\\codeigniter\\codeIgniter\\index.php')
CRITICAL - 2023-10-02 03:44:58 --> Undefined variable $sta
in APPPATH\Views\pages\charity\addcharity.php on line 31.
 1 APPPATH\Views\pages\charity\addcharity.php(31): CodeIgniter\Debug\Exceptions->errorHandler(2, 'Undefined variable $sta', 'D:\\htdocs\\codeigniter\\codeIgniter\\app\\Views\\pages\\charity\\addcharity.php', 31)
 2 SYSTEMPATH\View\View.php(226): include('D:\\htdocs\\codeigniter\\codeIgniter\\app\\Views\\pages\\charity\\addcharity.php')
 3 SYSTEMPATH\View\View.php(229): CodeIgniter\View\View->CodeIgniter\View\{closure}()
 4 SYSTEMPATH\Common.php(1188): CodeIgniter\View\View->render('pages/charity/addcharity', [], true)
 5 APPPATH\Controllers\CharityController.php(17): view('pages/charity/addcharity', [...])
 6 SYSTEMPATH\CodeIgniter.php(919): App\Controllers\CharityController->index()
 7 SYSTEMPATH\CodeIgniter.php(494): CodeIgniter\CodeIgniter->runController(Object(App\Controllers\CharityController))
 8 SYSTEMPATH\CodeIgniter.php(353): CodeIgniter\CodeIgniter->handleRequest(null, Object(Config\Cache), false)
 9 FCPATH\index.php(79): CodeIgniter\CodeIgniter->run()
10 SYSTEMPATH\Commands\Server\rewrite.php(47): require_once('D:\\htdocs\\codeigniter\\codeIgniter\\index.php')
CRITICAL - 2023-10-02 03:44:58 --> Undefined variable $sta
in APPPATH\Views\pages\charity\addcharity.php on line 31.
 1 APPPATH\Views\pages\charity\addcharity.php(31): CodeIgniter\Debug\Exceptions->errorHandler(2, 'Undefined variable $sta', 'D:\\htdocs\\codeigniter\\codeIgniter\\app\\Views\\pages\\charity\\addcharity.php', 31)
 2 SYSTEMPATH\View\View.php(226): include('D:\\htdocs\\codeigniter\\codeIgniter\\app\\Views\\pages\\charity\\addcharity.php')
 3 SYSTEMPATH\View\View.php(229): CodeIgniter\View\View->CodeIgniter\View\{closure}()
 4 SYSTEMPATH\Common.php(1188): CodeIgniter\View\View->render('pages/charity/addcharity', [], true)
 5 APPPATH\Controllers\CharityController.php(17): view('pages/charity/addcharity', [...])
 6 SYSTEMPATH\CodeIgniter.php(919): App\Controllers\CharityController->index()
 7 SYSTEMPATH\CodeIgniter.php(494): CodeIgniter\CodeIgniter->runController(Object(App\Controllers\CharityController))
 8 SYSTEMPATH\CodeIgniter.php(353): CodeIgniter\CodeIgniter->handleRequest(null, Object(Config\Cache), false)
 9 FCPATH\index.php(79): CodeIgniter\CodeIgniter->run()
10 SYSTEMPATH\Commands\Server\rewrite.php(47): require_once('D:\\htdocs\\codeigniter\\codeIgniter\\index.php')
CRITICAL - 2023-10-02 03:44:59 --> Undefined variable $sta
in APPPATH\Views\pages\charity\addcharity.php on line 31.
 1 APPPATH\Views\pages\charity\addcharity.php(31): CodeIgniter\Debug\Exceptions->errorHandler(2, 'Undefined variable $sta', 'D:\\htdocs\\codeigniter\\codeIgniter\\app\\Views\\pages\\charity\\addcharity.php', 31)
 2 SYSTEMPATH\View\View.php(226): include('D:\\htdocs\\codeigniter\\codeIgniter\\app\\Views\\pages\\charity\\addcharity.php')
 3 SYSTEMPATH\View\View.php(229): CodeIgniter\View\View->CodeIgniter\View\{closure}()
 4 SYSTEMPATH\Common.php(1188): CodeIgniter\View\View->render('pages/charity/addcharity', [], true)
 5 APPPATH\Controllers\CharityController.php(17): view('pages/charity/addcharity', [...])
 6 SYSTEMPATH\CodeIgniter.php(919): App\Controllers\CharityController->index()
 7 SYSTEMPATH\CodeIgniter.php(494): CodeIgniter\CodeIgniter->runController(Object(App\Controllers\CharityController))
 8 SYSTEMPATH\CodeIgniter.php(353): CodeIgniter\CodeIgniter->handleRequest(null, Object(Config\Cache), false)
 9 FCPATH\index.php(79): CodeIgniter\CodeIgniter->run()
10 SYSTEMPATH\Commands\Server\rewrite.php(47): require_once('D:\\htdocs\\codeigniter\\codeIgniter\\index.php')
CRITICAL - 2023-10-02 03:44:59 --> Undefined variable $sta
in APPPATH\Views\pages\charity\addcharity.php on line 31.
 1 APPPATH\Views\pages\charity\addcharity.php(31): CodeIgniter\Debug\Exceptions->errorHandler(2, 'Undefined variable $sta', 'D:\\htdocs\\codeigniter\\codeIgniter\\app\\Views\\pages\\charity\\addcharity.php', 31)
 2 SYSTEMPATH\View\View.php(226): include('D:\\htdocs\\codeigniter\\codeIgniter\\app\\Views\\pages\\charity\\addcharity.php')
 3 SYSTEMPATH\View\View.php(229): CodeIgniter\View\View->CodeIgniter\View\{closure}()
 4 SYSTEMPATH\Common.php(1188): CodeIgniter\View\View->render('pages/charity/addcharity', [], true)
 5 APPPATH\Controllers\CharityController.php(17): view('pages/charity/addcharity', [...])
 6 SYSTEMPATH\CodeIgniter.php(919): App\Controllers\CharityController->index()
 7 SYSTEMPATH\CodeIgniter.php(494): CodeIgniter\CodeIgniter->runController(Object(App\Controllers\CharityController))
 8 SYSTEMPATH\CodeIgniter.php(353): CodeIgniter\CodeIgniter->handleRequest(null, Object(Config\Cache), false)
 9 FCPATH\index.php(79): CodeIgniter\CodeIgniter->run()
10 SYSTEMPATH\Commands\Server\rewrite.php(47): require_once('D:\\htdocs\\codeigniter\\codeIgniter\\index.php')
CRITICAL - 2023-10-02 03:44:59 --> Undefined variable $sta
in APPPATH\Views\pages\charity\addcharity.php on line 31.
 1 APPPATH\Views\pages\charity\addcharity.php(31): CodeIgniter\Debug\Exceptions->errorHandler(2, 'Undefined variable $sta', 'D:\\htdocs\\codeigniter\\codeIgniter\\app\\Views\\pages\\charity\\addcharity.php', 31)
 2 SYSTEMPATH\View\View.php(226): include('D:\\htdocs\\codeigniter\\codeIgniter\\app\\Views\\pages\\charity\\addcharity.php')
 3 SYSTEMPATH\View\View.php(229): CodeIgniter\View\View->CodeIgniter\View\{closure}()
 4 SYSTEMPATH\Common.php(1188): CodeIgniter\View\View->render('pages/charity/addcharity', [], true)
 5 APPPATH\Controllers\CharityController.php(17): view('pages/charity/addcharity', [...])
 6 SYSTEMPATH\CodeIgniter.php(919): App\Controllers\CharityController->index()
 7 SYSTEMPATH\CodeIgniter.php(494): CodeIgniter\CodeIgniter->runController(Object(App\Controllers\CharityController))
 8 SYSTEMPATH\CodeIgniter.php(353): CodeIgniter\CodeIgniter->handleRequest(null, Object(Config\Cache), false)
 9 FCPATH\index.php(79): CodeIgniter\CodeIgniter->run()
10 SYSTEMPATH\Commands\Server\rewrite.php(47): require_once('D:\\htdocs\\codeigniter\\codeIgniter\\index.php')
CRITICAL - 2023-10-02 03:46:09 --> Undefined variable $sta
in APPPATH\Views\pages\charity\addcharity.php on line 31.
 1 APPPATH\Views\pages\charity\addcharity.php(31): CodeIgniter\Debug\Exceptions->errorHandler(2, 'Undefined variable $sta', 'D:\\htdocs\\codeigniter\\codeIgniter\\app\\Views\\pages\\charity\\addcharity.php', 31)
 2 SYSTEMPATH\View\View.php(226): include('D:\\htdocs\\codeigniter\\codeIgniter\\app\\Views\\pages\\charity\\addcharity.php')
 3 SYSTEMPATH\View\View.php(229): CodeIgniter\View\View->CodeIgniter\View\{closure}()
 4 SYSTEMPATH\Common.php(1188): CodeIgniter\View\View->render('pages/charity/addcharity', [], true)
 5 APPPATH\Controllers\CharityController.php(17): view('pages/charity/addcharity', [...])
 6 SYSTEMPATH\CodeIgniter.php(919): App\Controllers\CharityController->index()
 7 SYSTEMPATH\CodeIgniter.php(494): CodeIgniter\CodeIgniter->runController(Object(App\Controllers\CharityController))
 8 SYSTEMPATH\CodeIgniter.php(353): CodeIgniter\CodeIgniter->handleRequest(null, Object(Config\Cache), false)
 9 FCPATH\index.php(79): CodeIgniter\CodeIgniter->run()
10 SYSTEMPATH\Commands\Server\rewrite.php(47): require_once('D:\\htdocs\\codeigniter\\codeIgniter\\index.php')
CRITICAL - 2023-10-02 03:46:10 --> Undefined variable $sta
in APPPATH\Views\pages\charity\addcharity.php on line 31.
 1 APPPATH\Views\pages\charity\addcharity.php(31): CodeIgniter\Debug\Exceptions->errorHandler(2, 'Undefined variable $sta', 'D:\\htdocs\\codeigniter\\codeIgniter\\app\\Views\\pages\\charity\\addcharity.php', 31)
 2 SYSTEMPATH\View\View.php(226): include('D:\\htdocs\\codeigniter\\codeIgniter\\app\\Views\\pages\\charity\\addcharity.php')
 3 SYSTEMPATH\View\View.php(229): CodeIgniter\View\View->CodeIgniter\View\{closure}()
 4 SYSTEMPATH\Common.php(1188): CodeIgniter\View\View->render('pages/charity/addcharity', [], true)
 5 APPPATH\Controllers\CharityController.php(17): view('pages/charity/addcharity', [...])
 6 SYSTEMPATH\CodeIgniter.php(919): App\Controllers\CharityController->index()
 7 SYSTEMPATH\CodeIgniter.php(494): CodeIgniter\CodeIgniter->runController(Object(App\Controllers\CharityController))
 8 SYSTEMPATH\CodeIgniter.php(353): CodeIgniter\CodeIgniter->handleRequest(null, Object(Config\Cache), false)
 9 FCPATH\index.php(79): CodeIgniter\CodeIgniter->run()
10 SYSTEMPATH\Commands\Server\rewrite.php(47): require_once('D:\\htdocs\\codeigniter\\codeIgniter\\index.php')
CRITICAL - 2023-10-02 03:46:10 --> Undefined variable $sta
in APPPATH\Views\pages\charity\addcharity.php on line 31.
 1 APPPATH\Views\pages\charity\addcharity.php(31): CodeIgniter\Debug\Exceptions->errorHandler(2, 'Undefined variable $sta', 'D:\\htdocs\\codeigniter\\codeIgniter\\app\\Views\\pages\\charity\\addcharity.php', 31)
 2 SYSTEMPATH\View\View.php(226): include('D:\\htdocs\\codeigniter\\codeIgniter\\app\\Views\\pages\\charity\\addcharity.php')
 3 SYSTEMPATH\View\View.php(229): CodeIgniter\View\View->CodeIgniter\View\{closure}()
 4 SYSTEMPATH\Common.php(1188): CodeIgniter\View\View->render('pages/charity/addcharity', [], true)
 5 APPPATH\Controllers\CharityController.php(17): view('pages/charity/addcharity', [...])
 6 SYSTEMPATH\CodeIgniter.php(919): App\Controllers\CharityController->index()
 7 SYSTEMPATH\CodeIgniter.php(494): CodeIgniter\CodeIgniter->runController(Object(App\Controllers\CharityController))
 8 SYSTEMPATH\CodeIgniter.php(353): CodeIgniter\CodeIgniter->handleRequest(null, Object(Config\Cache), false)
 9 FCPATH\index.php(79): CodeIgniter\CodeIgniter->run()
10 SYSTEMPATH\Commands\Server\rewrite.php(47): require_once('D:\\htdocs\\codeigniter\\codeIgniter\\index.php')
CRITICAL - 2023-10-02 03:46:55 --> Undefined variable $sta
in APPPATH\Views\pages\charity\addcharity.php on line 31.
 1 APPPATH\Views\pages\charity\addcharity.php(31): CodeIgniter\Debug\Exceptions->errorHandler(2, 'Undefined variable $sta', 'D:\\htdocs\\codeigniter\\codeIgniter\\app\\Views\\pages\\charity\\addcharity.php', 31)
 2 SYSTEMPATH\View\View.php(226): include('D:\\htdocs\\codeigniter\\codeIgniter\\app\\Views\\pages\\charity\\addcharity.php')
 3 SYSTEMPATH\View\View.php(229): CodeIgniter\View\View->CodeIgniter\View\{closure}()
 4 SYSTEMPATH\Common.php(1188): CodeIgniter\View\View->render('pages/charity/addcharity', [], true)
 5 APPPATH\Controllers\CharityController.php(17): view('pages/charity/addcharity', [...])
 6 SYSTEMPATH\CodeIgniter.php(919): App\Controllers\CharityController->index()
 7 SYSTEMPATH\CodeIgniter.php(494): CodeIgniter\CodeIgniter->runController(Object(App\Controllers\CharityController))
 8 SYSTEMPATH\CodeIgniter.php(353): CodeIgniter\CodeIgniter->handleRequest(null, Object(Config\Cache), false)
 9 FCPATH\index.php(79): CodeIgniter\CodeIgniter->run()
10 SYSTEMPATH\Commands\Server\rewrite.php(47): require_once('D:\\htdocs\\codeigniter\\codeIgniter\\index.php')
CRITICAL - 2023-10-02 03:48:16 --> Undefined variable $sta
in APPPATH\Views\pages\charity\addcharity.php on line 31.
 1 APPPATH\Views\pages\charity\addcharity.php(31): CodeIgniter\Debug\Exceptions->errorHandler(2, 'Undefined variable $sta', 'D:\\htdocs\\codeigniter\\codeIgniter\\app\\Views\\pages\\charity\\addcharity.php', 31)
 2 SYSTEMPATH\View\View.php(226): include('D:\\htdocs\\codeigniter\\codeIgniter\\app\\Views\\pages\\charity\\addcharity.php')
 3 SYSTEMPATH\View\View.php(229): CodeIgniter\View\View->CodeIgniter\View\{closure}()
 4 SYSTEMPATH\Common.php(1188): CodeIgniter\View\View->render('pages/charity/addcharity', [], true)
 5 APPPATH\Controllers\CharityController.php(17): view('pages/charity/addcharity', [...])
 6 SYSTEMPATH\CodeIgniter.php(919): App\Controllers\CharityController->index()
 7 SYSTEMPATH\CodeIgniter.php(494): CodeIgniter\CodeIgniter->runController(Object(App\Controllers\CharityController))
 8 SYSTEMPATH\CodeIgniter.php(353): CodeIgniter\CodeIgniter->handleRequest(null, Object(Config\Cache), false)
 9 FCPATH\index.php(79): CodeIgniter\CodeIgniter->run()
10 SYSTEMPATH\Commands\Server\rewrite.php(47): require_once('D:\\htdocs\\codeigniter\\codeIgniter\\index.php')
CRITICAL - 2023-10-02 03:49:58 --> Undefined variable $sta
in APPPATH\Views\pages\charity\addcharity.php on line 31.
 1 APPPATH\Views\pages\charity\addcharity.php(31): CodeIgniter\Debug\Exceptions->errorHandler(2, 'Undefined variable $sta', 'D:\\htdocs\\codeigniter\\codeIgniter\\app\\Views\\pages\\charity\\addcharity.php', 31)
 2 SYSTEMPATH\View\View.php(226): include('D:\\htdocs\\codeigniter\\codeIgniter\\app\\Views\\pages\\charity\\addcharity.php')
 3 SYSTEMPATH\View\View.php(229): CodeIgniter\View\View->CodeIgniter\View\{closure}()
 4 SYSTEMPATH\Common.php(1188): CodeIgniter\View\View->render('pages/charity/addcharity', [], true)
 5 APPPATH\Controllers\CharityController.php(17): view('pages/charity/addcharity', [...])
 6 SYSTEMPATH\CodeIgniter.php(919): App\Controllers\CharityController->index()
 7 SYSTEMPATH\CodeIgniter.php(494): CodeIgniter\CodeIgniter->runController(Object(App\Controllers\CharityController))
 8 SYSTEMPATH\CodeIgniter.php(353): CodeIgniter\CodeIgniter->handleRequest(null, Object(Config\Cache), false)
 9 FCPATH\index.php(79): CodeIgniter\CodeIgniter->run()
10 SYSTEMPATH\Commands\Server\rewrite.php(47): require_once('D:\\htdocs\\codeigniter\\codeIgniter\\index.php')
CRITICAL - 2023-10-02 03:49:59 --> Undefined variable $sta
in APPPATH\Views\pages\charity\addcharity.php on line 31.
 1 APPPATH\Views\pages\charity\addcharity.php(31): CodeIgniter\Debug\Exceptions->errorHandler(2, 'Undefined variable $sta', 'D:\\htdocs\\codeigniter\\codeIgniter\\app\\Views\\pages\\charity\\addcharity.php', 31)
 2 SYSTEMPATH\View\View.php(226): include('D:\\htdocs\\codeigniter\\codeIgniter\\app\\Views\\pages\\charity\\addcharity.php')
 3 SYSTEMPATH\View\View.php(229): CodeIgniter\View\View->CodeIgniter\View\{closure}()
 4 SYSTEMPATH\Common.php(1188): CodeIgniter\View\View->render('pages/charity/addcharity', [], true)
 5 APPPATH\Controllers\CharityController.php(17): view('pages/charity/addcharity', [...])
 6 SYSTEMPATH\CodeIgniter.php(919): App\Controllers\CharityController->index()
 7 SYSTEMPATH\CodeIgniter.php(494): CodeIgniter\CodeIgniter->runController(Object(App\Controllers\CharityController))
 8 SYSTEMPATH\CodeIgniter.php(353): CodeIgniter\CodeIgniter->handleRequest(null, Object(Config\Cache), false)
 9 FCPATH\index.php(79): CodeIgniter\CodeIgniter->run()
10 SYSTEMPATH\Commands\Server\rewrite.php(47): require_once('D:\\htdocs\\codeigniter\\codeIgniter\\index.php')
CRITICAL - 2023-10-02 03:50:00 --> Undefined variable $sta
in APPPATH\Views\pages\charity\addcharity.php on line 31.
 1 APPPATH\Views\pages\charity\addcharity.php(31): CodeIgniter\Debug\Exceptions->errorHandler(2, 'Undefined variable $sta', 'D:\\htdocs\\codeigniter\\codeIgniter\\app\\Views\\pages\\charity\\addcharity.php', 31)
 2 SYSTEMPATH\View\View.php(226): include('D:\\htdocs\\codeigniter\\codeIgniter\\app\\Views\\pages\\charity\\addcharity.php')
 3 SYSTEMPATH\View\View.php(229): CodeIgniter\View\View->CodeIgniter\View\{closure}()
 4 SYSTEMPATH\Common.php(1188): CodeIgniter\View\View->render('pages/charity/addcharity', [], true)
 5 APPPATH\Controllers\CharityController.php(17): view('pages/charity/addcharity', [...])
 6 SYSTEMPATH\CodeIgniter.php(919): App\Controllers\CharityController->index()
 7 SYSTEMPATH\CodeIgniter.php(494): CodeIgniter\CodeIgniter->runController(Object(App\Controllers\CharityController))
 8 SYSTEMPATH\CodeIgniter.php(353): CodeIgniter\CodeIgniter->handleRequest(null, Object(Config\Cache), false)
 9 FCPATH\index.php(79): CodeIgniter\CodeIgniter->run()
10 SYSTEMPATH\Commands\Server\rewrite.php(47): require_once('D:\\htdocs\\codeigniter\\codeIgniter\\index.php')
CRITICAL - 2023-10-02 03:52:09 --> Undefined variable $cata
in APPPATH\Views\pages\charity\addcharity.php on line 48.
 1 APPPATH\Views\pages\charity\addcharity.php(48): CodeIgniter\Debug\Exceptions->errorHandler(2, 'Undefined variable $cata', 'D:\\htdocs\\codeigniter\\codeIgniter\\app\\Views\\pages\\charity\\addcharity.php', 48)
 2 SYSTEMPATH\View\View.php(226): include('D:\\htdocs\\codeigniter\\codeIgniter\\app\\Views\\pages\\charity\\addcharity.php')
 3 SYSTEMPATH\View\View.php(229): CodeIgniter\View\View->CodeIgniter\View\{closure}()
 4 SYSTEMPATH\Common.php(1188): CodeIgniter\View\View->render('pages/charity/addcharity', [], true)
 5 APPPATH\Controllers\CharityController.php(17): view('pages/charity/addcharity', [...])
 6 SYSTEMPATH\CodeIgniter.php(919): App\Controllers\CharityController->index()
 7 SYSTEMPATH\CodeIgniter.php(494): CodeIgniter\CodeIgniter->runController(Object(App\Controllers\CharityController))
 8 SYSTEMPATH\CodeIgniter.php(353): CodeIgniter\CodeIgniter->handleRequest(null, Object(Config\Cache), false)
 9 FCPATH\index.php(79): CodeIgniter\CodeIgniter->run()
10 SYSTEMPATH\Commands\Server\rewrite.php(47): require_once('D:\\htdocs\\codeigniter\\codeIgniter\\index.php')
CRITICAL - 2023-10-02 03:52:09 --> Undefined variable $cata
in APPPATH\Views\pages\charity\addcharity.php on line 48.
 1 APPPATH\Views\pages\charity\addcharity.php(48): CodeIgniter\Debug\Exceptions->errorHandler(2, 'Undefined variable $cata', 'D:\\htdocs\\codeigniter\\codeIgniter\\app\\Views\\pages\\charity\\addcharity.php', 48)
 2 SYSTEMPATH\View\View.php(226): include('D:\\htdocs\\codeigniter\\codeIgniter\\app\\Views\\pages\\charity\\addcharity.php')
 3 SYSTEMPATH\View\View.php(229): CodeIgniter\View\View->CodeIgniter\View\{closure}()
 4 SYSTEMPATH\Common.php(1188): CodeIgniter\View\View->render('pages/charity/addcharity', [], true)
 5 APPPATH\Controllers\CharityController.php(17): view('pages/charity/addcharity', [...])
 6 SYSTEMPATH\CodeIgniter.php(919): App\Controllers\CharityController->index()
 7 SYSTEMPATH\CodeIgniter.php(494): CodeIgniter\CodeIgniter->runController(Object(App\Controllers\CharityController))
 8 SYSTEMPATH\CodeIgniter.php(353): CodeIgniter\CodeIgniter->handleRequest(null, Object(Config\Cache), false)
 9 FCPATH\index.php(79): CodeIgniter\CodeIgniter->run()
10 SYSTEMPATH\Commands\Server\rewrite.php(47): require_once('D:\\htdocs\\codeigniter\\codeIgniter\\index.php')
CRITICAL - 2023-10-02 03:52:10 --> Undefined variable $cata
in APPPATH\Views\pages\charity\addcharity.php on line 48.
 1 APPPATH\Views\pages\charity\addcharity.php(48): CodeIgniter\Debug\Exceptions->errorHandler(2, 'Undefined variable $cata', 'D:\\htdocs\\codeigniter\\codeIgniter\\app\\Views\\pages\\charity\\addcharity.php', 48)
 2 SYSTEMPATH\View\View.php(226): include('D:\\htdocs\\codeigniter\\codeIgniter\\app\\Views\\pages\\charity\\addcharity.php')
 3 SYSTEMPATH\View\View.php(229): CodeIgniter\View\View->CodeIgniter\View\{closure}()
 4 SYSTEMPATH\Common.php(1188): CodeIgniter\View\View->render('pages/charity/addcharity', [], true)
 5 APPPATH\Controllers\CharityController.php(17): view('pages/charity/addcharity', [...])
 6 SYSTEMPATH\CodeIgniter.php(919): App\Controllers\CharityController->index()
 7 SYSTEMPATH\CodeIgniter.php(494): CodeIgniter\CodeIgniter->runController(Object(App\Controllers\CharityController))
 8 SYSTEMPATH\CodeIgniter.php(353): CodeIgniter\CodeIgniter->handleRequest(null, Object(Config\Cache), false)
 9 FCPATH\index.php(79): CodeIgniter\CodeIgniter->run()
10 SYSTEMPATH\Commands\Server\rewrite.php(47): require_once('D:\\htdocs\\codeigniter\\codeIgniter\\index.php')
CRITICAL - 2023-10-02 03:52:11 --> Undefined variable $cata
in APPPATH\Views\pages\charity\addcharity.php on line 48.
 1 APPPATH\Views\pages\charity\addcharity.php(48): CodeIgniter\Debug\Exceptions->errorHandler(2, 'Undefined variable $cata', 'D:\\htdocs\\codeigniter\\codeIgniter\\app\\Views\\pages\\charity\\addcharity.php', 48)
 2 SYSTEMPATH\View\View.php(226): include('D:\\htdocs\\codeigniter\\codeIgniter\\app\\Views\\pages\\charity\\addcharity.php')
 3 SYSTEMPATH\View\View.php(229): CodeIgniter\View\View->CodeIgniter\View\{closure}()
 4 SYSTEMPATH\Common.php(1188): CodeIgniter\View\View->render('pages/charity/addcharity', [], true)
 5 APPPATH\Controllers\CharityController.php(17): view('pages/charity/addcharity', [...])
 6 SYSTEMPATH\CodeIgniter.php(919): App\Controllers\CharityController->index()
 7 SYSTEMPATH\CodeIgniter.php(494): CodeIgniter\CodeIgniter->runController(Object(App\Controllers\CharityController))
 8 SYSTEMPATH\CodeIgniter.php(353): CodeIgniter\CodeIgniter->handleRequest(null, Object(Config\Cache), false)
 9 FCPATH\index.php(79): CodeIgniter\CodeIgniter->run()
10 SYSTEMPATH\Commands\Server\rewrite.php(47): require_once('D:\\htdocs\\codeigniter\\codeIgniter\\index.php')
CRITICAL - 2023-10-02 06:37:15 --> Undefined variable $sta
in APPPATH\Views\pages\event\addevent.php on line 23.
 1 APPPATH\Views\pages\event\addevent.php(23): CodeIgniter\Debug\Exceptions->errorHandler(2, 'Undefined variable $sta', 'D:\\htdocs\\codeigniter\\codeIgniter\\app\\Views\\pages\\event\\addevent.php', 23)
 2 SYSTEMPATH\View\View.php(226): include('D:\\htdocs\\codeigniter\\codeIgniter\\app\\Views\\pages\\event\\addevent.php')
 3 SYSTEMPATH\View\View.php(229): CodeIgniter\View\View->CodeIgniter\View\{closure}()
 4 SYSTEMPATH\Common.php(1188): CodeIgniter\View\View->render('pages/event/addevent', [], true)
 5 APPPATH\Controllers\EventController.php(15): view('pages/event/addevent', [...])
 6 SYSTEMPATH\CodeIgniter.php(919): App\Controllers\EventController->index()
 7 SYSTEMPATH\CodeIgniter.php(494): CodeIgniter\CodeIgniter->runController(Object(App\Controllers\EventController))
 8 SYSTEMPATH\CodeIgniter.php(353): CodeIgniter\CodeIgniter->handleRequest(null, Object(Config\Cache), false)
 9 FCPATH\index.php(79): CodeIgniter\CodeIgniter->run()
10 SYSTEMPATH\Commands\Server\rewrite.php(47): require_once('D:\\htdocs\\codeigniter\\codeIgniter\\index.php')
CRITICAL - 2023-10-02 10:31:06 --> Undefined array key "fullname"
in APPPATH\Views\pages\event\viewevent.php on line 26.
 1 APPPATH\Views\pages\event\viewevent.php(26): CodeIgniter\Debug\Exceptions->errorHandler(2, 'Undefined array key "fullname"', 'D:\\xampp\\htdocs\\codeIgniter\\app\\Views\\pages\\event\\viewevent.php', 26)
 2 SYSTEMPATH\View\View.php(226): include('D:\\xampp\\htdocs\\codeIgniter\\app\\Views\\pages\\event\\viewevent.php')
 3 SYSTEMPATH\View\View.php(229): CodeIgniter\View\View->CodeIgniter\View\{closure}()
 4 SYSTEMPATH\Common.php(1188): CodeIgniter\View\View->render('pages/event/viewevent', [], true)
 5 APPPATH\Controllers\EventController.php(38): view('pages/event/viewevent', [...])
 6 SYSTEMPATH\CodeIgniter.php(919): App\Controllers\EventController->fetchevent()
 7 SYSTEMPATH\CodeIgniter.php(494): CodeIgniter\CodeIgniter->runController(Object(App\Controllers\EventController))
 8 SYSTEMPATH\CodeIgniter.php(353): CodeIgniter\CodeIgniter->handleRequest(null, Object(Config\Cache), false)
 9 FCPATH\index.php(79): CodeIgniter\CodeIgniter->run()
10 SYSTEMPATH\Commands\Server\rewrite.php(47): require_once('D:\\xampp\\htdocs\\codeIgniter\\index.php')
CRITICAL - 2023-10-02 10:31:50 --> Undefined array key "id"
in APPPATH\Views\pages\event\viewevent.php on line 31.
 1 APPPATH\Views\pages\event\viewevent.php(31): CodeIgniter\Debug\Exceptions->errorHandler(2, 'Undefined array key "id"', 'D:\\xampp\\htdocs\\codeIgniter\\app\\Views\\pages\\event\\viewevent.php', 31)
 2 SYSTEMPATH\View\View.php(226): include('D:\\xampp\\htdocs\\codeIgniter\\app\\Views\\pages\\event\\viewevent.php')
 3 SYSTEMPATH\View\View.php(229): CodeIgniter\View\View->CodeIgniter\View\{closure}()
 4 SYSTEMPATH\Common.php(1188): CodeIgniter\View\View->render('pages/event/viewevent', [], true)
 5 APPPATH\Controllers\EventController.php(38): view('pages/event/viewevent', [...])
 6 SYSTEMPATH\CodeIgniter.php(919): App\Controllers\EventController->fetchevent()
 7 SYSTEMPATH\CodeIgniter.php(494): CodeIgniter\CodeIgniter->runController(Object(App\Controllers\EventController))
 8 SYSTEMPATH\CodeIgniter.php(353): CodeIgniter\CodeIgniter->handleRequest(null, Object(Config\Cache), false)
 9 FCPATH\index.php(79): CodeIgniter\CodeIgniter->run()
10 SYSTEMPATH\Commands\Server\rewrite.php(47): require_once('D:\\xampp\\htdocs\\codeIgniter\\index.php')
CRITICAL - 2023-10-02 10:50:48 --> Trying to access array offset on value of type null
in APPPATH\Views\pages\user\edituser.php on line 56.
 1 APPPATH\Views\pages\user\edituser.php(56): CodeIgniter\Debug\Exceptions->errorHandler(2, 'Trying to access array offset on value of type null', 'D:\\xampp\\htdocs\\codeIgniter\\app\\Views\\pages\\user\\edituser.php', 56)
 2 SYSTEMPATH\View\View.php(226): include('D:\\xampp\\htdocs\\codeIgniter\\app\\Views\\pages\\user\\edituser.php')
 3 SYSTEMPATH\View\View.php(229): CodeIgniter\View\View->CodeIgniter\View\{closure}()
 4 SYSTEMPATH\Common.php(1188): CodeIgniter\View\View->render('pages/user/edituser', [], true)
 5 APPPATH\Controllers\LoginController.php(67): view('pages/user/edituser', [...])
 6 SYSTEMPATH\CodeIgniter.php(919): App\Controllers\LoginController->edit('4')
 7 SYSTEMPATH\CodeIgniter.php(494): CodeIgniter\CodeIgniter->runController(Object(App\Controllers\LoginController))
 8 SYSTEMPATH\CodeIgniter.php(353): CodeIgniter\CodeIgniter->handleRequest(null, Object(Config\Cache), false)
 9 FCPATH\index.php(79): CodeIgniter\CodeIgniter->run()
10 SYSTEMPATH\Commands\Server\rewrite.php(47): require_once('D:\\xampp\\htdocs\\codeIgniter\\index.php')
ERROR - 2023-10-02 11:27:03 --> mysqli_sql_exception: Unknown column 'charity_id' in 'where clause' in D:\xampp\htdocs\codeIgniter\system\Database\MySQLi\Connection.php:306
Stack trace:
#0 D:\xampp\htdocs\codeIgniter\system\Database\MySQLi\Connection.php(306): mysqli->query('SELECT *\nFROM `...', 0)
#1 D:\xampp\htdocs\codeIgniter\system\Database\BaseConnection.php(692): CodeIgniter\Database\MySQLi\Connection->execute('SELECT *\nFROM `...')
#2 D:\xampp\htdocs\codeIgniter\system\Database\BaseConnection.php(606): CodeIgniter\Database\BaseConnection->simpleQuery('SELECT *\nFROM `...')
#3 D:\xampp\htdocs\codeIgniter\system\Database\BaseBuilder.php(1615): CodeIgniter\Database\BaseConnection->query('SELECT *\nFROM `...', Array, false)
#4 D:\xampp\htdocs\codeIgniter\system\Model.php(264): CodeIgniter\Database\BaseBuilder->get()
#5 D:\xampp\htdocs\codeIgniter\system\BaseModel.php(662): CodeIgniter\Model->doFirst()
#6 D:\xampp\htdocs\codeIgniter\app\Controllers\EventController.php(59): CodeIgniter\BaseModel->first()
#7 D:\xampp\htdocs\codeIgniter\system\CodeIgniter.php(919): App\Controllers\EventController->fetchsingel('7')
#8 D:\xampp\htdocs\codeIgniter\system\CodeIgniter.php(494): CodeIgniter\CodeIgniter->runController(Object(App\Controllers\EventController))
#9 D:\xampp\htdocs\codeIgniter\system\CodeIgniter.php(353): CodeIgniter\CodeIgniter->handleRequest(NULL, Object(Config\Cache), false)
#10 D:\xampp\htdocs\codeIgniter\index.php(79): CodeIgniter\CodeIgniter->run()
#11 D:\xampp\htdocs\codeIgniter\system\Commands\Server\rewrite.php(47): require_once('D:\\xampp\\htdocs...')
#12 {main}
CRITICAL - 2023-10-02 11:27:03 --> Unknown column 'charity_id' in 'where clause'
in SYSTEMPATH\Database\BaseConnection.php on line 646.
 1 SYSTEMPATH\Database\BaseBuilder.php(1615): CodeIgniter\Database\BaseConnection->query('SELECT *
FROM `event`
WHERE `charity_id` = :charity_id :
 LIMIT 1', [...], false)
 2 SYSTEMPATH\Model.php(264): CodeIgniter\Database\BaseBuilder->get()
 3 SYSTEMPATH\BaseModel.php(662): CodeIgniter\Model->doFirst()
 4 APPPATH\Controllers\EventController.php(59): CodeIgniter\BaseModel->first()
 5 SYSTEMPATH\CodeIgniter.php(919): App\Controllers\EventController->fetchsingel('7')
 6 SYSTEMPATH\CodeIgniter.php(494): CodeIgniter\CodeIgniter->runController(Object(App\Controllers\EventController))
 7 SYSTEMPATH\CodeIgniter.php(353): CodeIgniter\CodeIgniter->handleRequest(null, Object(Config\Cache), false)
 8 FCPATH\index.php(79): CodeIgniter\CodeIgniter->run()
 9 SYSTEMPATH\Commands\Server\rewrite.php(47): require_once('D:\\xampp\\htdocs\\codeIgniter\\index.php')
CRITICAL - 2023-10-02 11:27:26 --> Undefined variable $rakib
in APPPATH\Views\pages\event\update.php on line 24.
 1 APPPATH\Views\pages\event\update.php(24): CodeIgniter\Debug\Exceptions->errorHandler(2, 'Undefined variable $rakib', 'D:\\xampp\\htdocs\\codeIgniter\\app\\Views\\pages\\event\\update.php', 24)
 2 SYSTEMPATH\View\View.php(226): include('D:\\xampp\\htdocs\\codeIgniter\\app\\Views\\pages\\event\\update.php')
 3 SYSTEMPATH\View\View.php(229): CodeIgniter\View\View->CodeIgniter\View\{closure}()
 4 SYSTEMPATH\Common.php(1188): CodeIgniter\View\View->render('pages/event/update', [], true)
 5 APPPATH\Controllers\EventController.php(61): view('pages/event/update', [...])
 6 SYSTEMPATH\CodeIgniter.php(919): App\Controllers\EventController->fetchsingel('7')
 7 SYSTEMPATH\CodeIgniter.php(494): CodeIgniter\CodeIgniter->runController(Object(App\Controllers\EventController))
 8 SYSTEMPATH\CodeIgniter.php(353): CodeIgniter\CodeIgniter->handleRequest(null, Object(Config\Cache), false)
 9 FCPATH\index.php(79): CodeIgniter\CodeIgniter->run()
10 SYSTEMPATH\Commands\Server\rewrite.php(47): require_once('D:\\xampp\\htdocs\\codeIgniter\\index.php')
CRITICAL - 2023-10-02 11:27:37 --> Undefined variable $user
in APPPATH\Views\pages\event\update.php on line 10.
 1 APPPATH\Views\pages\event\update.php(10): CodeIgniter\Debug\Exceptions->errorHandler(2, 'Undefined variable $user', 'D:\\xampp\\htdocs\\codeIgniter\\app\\Views\\pages\\event\\update.php', 10)
 2 SYSTEMPATH\View\View.php(226): include('D:\\xampp\\htdocs\\codeIgniter\\app\\Views\\pages\\event\\update.php')
 3 SYSTEMPATH\View\View.php(229): CodeIgniter\View\View->CodeIgniter\View\{closure}()
 4 SYSTEMPATH\Common.php(1188): CodeIgniter\View\View->render('pages/event/update', [], true)
 5 APPPATH\Controllers\EventController.php(61): view('pages/event/update', [...])
 6 SYSTEMPATH\CodeIgniter.php(919): App\Controllers\EventController->fetchsingel('7')
 7 SYSTEMPATH\CodeIgniter.php(494): CodeIgniter\CodeIgniter->runController(Object(App\Controllers\EventController))
 8 SYSTEMPATH\CodeIgniter.php(353): CodeIgniter\CodeIgniter->handleRequest(null, Object(Config\Cache), false)
 9 FCPATH\index.php(79): CodeIgniter\CodeIgniter->run()
10 SYSTEMPATH\Commands\Server\rewrite.php(47): require_once('D:\\xampp\\htdocs\\codeIgniter\\index.php')
CRITICAL - 2023-10-02 11:27:38 --> Undefined variable $user
in APPPATH\Views\pages\event\update.php on line 10.
 1 APPPATH\Views\pages\event\update.php(10): CodeIgniter\Debug\Exceptions->errorHandler(2, 'Undefined variable $user', 'D:\\xampp\\htdocs\\codeIgniter\\app\\Views\\pages\\event\\update.php', 10)
 2 SYSTEMPATH\View\View.php(226): include('D:\\xampp\\htdocs\\codeIgniter\\app\\Views\\pages\\event\\update.php')
 3 SYSTEMPATH\View\View.php(229): CodeIgniter\View\View->CodeIgniter\View\{closure}()
 4 SYSTEMPATH\Common.php(1188): CodeIgniter\View\View->render('pages/event/update', [], true)
 5 APPPATH\Controllers\EventController.php(61): view('pages/event/update', [...])
 6 SYSTEMPATH\CodeIgniter.php(919): App\Controllers\EventController->fetchsingel('7')
 7 SYSTEMPATH\CodeIgniter.php(494): CodeIgniter\CodeIgniter->runController(Object(App\Controllers\EventController))
 8 SYSTEMPATH\CodeIgniter.php(353): CodeIgniter\CodeIgniter->handleRequest(null, Object(Config\Cache), false)
 9 FCPATH\index.php(79): CodeIgniter\CodeIgniter->run()
10 SYSTEMPATH\Commands\Server\rewrite.php(47): require_once('D:\\xampp\\htdocs\\codeIgniter\\index.php')
ERROR - 2023-10-02 11:28:46 --> mysqli_sql_exception: Unknown column 'ev_id' in 'where clause' in D:\xampp\htdocs\codeIgniter\system\Database\MySQLi\Connection.php:306
Stack trace:
#0 D:\xampp\htdocs\codeIgniter\system\Database\MySQLi\Connection.php(306): mysqli->query('SELECT *\nFROM `...', 0)
#1 D:\xampp\htdocs\codeIgniter\system\Database\BaseConnection.php(692): CodeIgniter\Database\MySQLi\Connection->execute('SELECT *\nFROM `...')
#2 D:\xampp\htdocs\codeIgniter\system\Database\BaseConnection.php(606): CodeIgniter\Database\BaseConnection->simpleQuery('SELECT *\nFROM `...')
#3 D:\xampp\htdocs\codeIgniter\system\Database\BaseBuilder.php(1615): CodeIgniter\Database\BaseConnection->query('SELECT *\nFROM `...', Array, false)
#4 D:\xampp\htdocs\codeIgniter\system\Model.php(264): CodeIgniter\Database\BaseBuilder->get()
#5 D:\xampp\htdocs\codeIgniter\system\BaseModel.php(662): CodeIgniter\Model->doFirst()
#6 D:\xampp\htdocs\codeIgniter\app\Controllers\EventController.php(61): CodeIgniter\BaseModel->first()
#7 D:\xampp\htdocs\codeIgniter\system\CodeIgniter.php(919): App\Controllers\EventController->fetchsingel('7')
#8 D:\xampp\htdocs\codeIgniter\system\CodeIgniter.php(494): CodeIgniter\CodeIgniter->runController(Object(App\Controllers\EventController))
#9 D:\xampp\htdocs\codeIgniter\system\CodeIgniter.php(353): CodeIgniter\CodeIgniter->handleRequest(NULL, Object(Config\Cache), false)
#10 D:\xampp\htdocs\codeIgniter\index.php(79): CodeIgniter\CodeIgniter->run()
#11 D:\xampp\htdocs\codeIgniter\system\Commands\Server\rewrite.php(47): require_once('D:\\xampp\\htdocs...')
#12 {main}
CRITICAL - 2023-10-02 11:28:46 --> Unknown column 'ev_id' in 'where clause'
in SYSTEMPATH\Database\BaseConnection.php on line 646.
 1 SYSTEMPATH\Database\BaseBuilder.php(1615): CodeIgniter\Database\BaseConnection->query('SELECT *
FROM `charity`
WHERE `ev_id` = :ev_id :
 LIMIT 1', [...], false)
 2 SYSTEMPATH\Model.php(264): CodeIgniter\Database\BaseBuilder->get()
 3 SYSTEMPATH\BaseModel.php(662): CodeIgniter\Model->doFirst()
 4 APPPATH\Controllers\EventController.php(61): CodeIgniter\BaseModel->first()
 5 SYSTEMPATH\CodeIgniter.php(919): App\Controllers\EventController->fetchsingel('7')
 6 SYSTEMPATH\CodeIgniter.php(494): CodeIgniter\CodeIgniter->runController(Object(App\Controllers\EventController))
 7 SYSTEMPATH\CodeIgniter.php(353): CodeIgniter\CodeIgniter->handleRequest(null, Object(Config\Cache), false)
 8 FCPATH\index.php(79): CodeIgniter\CodeIgniter->run()
 9 SYSTEMPATH\Commands\Server\rewrite.php(47): require_once('D:\\xampp\\htdocs\\codeIgniter\\index.php')
ERROR - 2023-10-02 11:28:47 --> mysqli_sql_exception: Unknown column 'ev_id' in 'where clause' in D:\xampp\htdocs\codeIgniter\system\Database\MySQLi\Connection.php:306
Stack trace:
#0 D:\xampp\htdocs\codeIgniter\system\Database\MySQLi\Connection.php(306): mysqli->query('SELECT *\nFROM `...', 0)
#1 D:\xampp\htdocs\codeIgniter\system\Database\BaseConnection.php(692): CodeIgniter\Database\MySQLi\Connection->execute('SELECT *\nFROM `...')
#2 D:\xampp\htdocs\codeIgniter\system\Database\BaseConnection.php(606): CodeIgniter\Database\BaseConnection->simpleQuery('SELECT *\nFROM `...')
#3 D:\xampp\htdocs\codeIgniter\system\Database\BaseBuilder.php(1615): CodeIgniter\Database\BaseConnection->query('SELECT *\nFROM `...', Array, false)
#4 D:\xampp\htdocs\codeIgniter\system\Model.php(264): CodeIgniter\Database\BaseBuilder->get()
#5 D:\xampp\htdocs\codeIgniter\system\BaseModel.php(662): CodeIgniter\Model->doFirst()
#6 D:\xampp\htdocs\codeIgniter\app\Controllers\EventController.php(61): CodeIgniter\BaseModel->first()
#7 D:\xampp\htdocs\codeIgniter\system\CodeIgniter.php(919): App\Controllers\EventController->fetchsingel('7')
#8 D:\xampp\htdocs\codeIgniter\system\CodeIgniter.php(494): CodeIgniter\CodeIgniter->runController(Object(App\Controllers\EventController))
#9 D:\xampp\htdocs\codeIgniter\system\CodeIgniter.php(353): CodeIgniter\CodeIgniter->handleRequest(NULL, Object(Config\Cache), false)
#10 D:\xampp\htdocs\codeIgniter\index.php(79): CodeIgniter\CodeIgniter->run()
#11 D:\xampp\htdocs\codeIgniter\system\Commands\Server\rewrite.php(47): require_once('D:\\xampp\\htdocs...')
#12 {main}
CRITICAL - 2023-10-02 11:28:47 --> Unknown column 'ev_id' in 'where clause'
in SYSTEMPATH\Database\BaseConnection.php on line 646.
 1 SYSTEMPATH\Database\BaseBuilder.php(1615): CodeIgniter\Database\BaseConnection->query('SELECT *
FROM `charity`
WHERE `ev_id` = :ev_id :
 LIMIT 1', [...], false)
 2 SYSTEMPATH\Model.php(264): CodeIgniter\Database\BaseBuilder->get()
 3 SYSTEMPATH\BaseModel.php(662): CodeIgniter\Model->doFirst()
 4 APPPATH\Controllers\EventController.php(61): CodeIgniter\BaseModel->first()
 5 SYSTEMPATH\CodeIgniter.php(919): App\Controllers\EventController->fetchsingel('7')
 6 SYSTEMPATH\CodeIgniter.php(494): CodeIgniter\CodeIgniter->runController(Object(App\Controllers\EventController))
 7 SYSTEMPATH\CodeIgniter.php(353): CodeIgniter\CodeIgniter->handleRequest(null, Object(Config\Cache), false)
 8 FCPATH\index.php(79): CodeIgniter\CodeIgniter->run()
 9 SYSTEMPATH\Commands\Server\rewrite.php(47): require_once('D:\\xampp\\htdocs\\codeIgniter\\index.php')
CRITICAL - 2023-10-02 11:40:22 --> Undefined variable $imageName
in APPPATH\Controllers\EventController.php on line 83.
 1 APPPATH\Controllers\EventController.php(83): CodeIgniter\Debug\Exceptions->errorHandler(2, 'Undefined variable $imageName', 'D:\\xampp\\htdocs\\codeIgniter\\app\\Controllers\\EventController.php', 83)
 2 SYSTEMPATH\CodeIgniter.php(919): App\Controllers\EventController->update('7')
 3 SYSTEMPATH\CodeIgniter.php(494): CodeIgniter\CodeIgniter->runController(Object(App\Controllers\EventController))
 4 SYSTEMPATH\CodeIgniter.php(353): CodeIgniter\CodeIgniter->handleRequest(null, Object(Config\Cache), false)
 5 FCPATH\index.php(79): CodeIgniter\CodeIgniter->run()
 6 SYSTEMPATH\Commands\Server\rewrite.php(47): require_once('D:\\xampp\\htdocs\\codeIgniter\\index.php')
CRITICAL - 2023-10-02 11:40:47 --> The original file is not a valid file.
in SYSTEMPATH\HTTP\Files\UploadedFile.php on line 146.
 1 SYSTEMPATH\HTTP\Files\UploadedFile.php(146): CodeIgniter\HTTP\Exceptions\HTTPException::forInvalidFile()
 2 APPPATH\Controllers\EventController.php(74): CodeIgniter\HTTP\Files\UploadedFile->move('public/img/event/', '1696246847_d5bbbc8533977e35b3bb')
 3 SYSTEMPATH\CodeIgniter.php(919): App\Controllers\EventController->update('7')
 4 SYSTEMPATH\CodeIgniter.php(494): CodeIgniter\CodeIgniter->runController(Object(App\Controllers\EventController))
 5 SYSTEMPATH\CodeIgniter.php(353): CodeIgniter\CodeIgniter->handleRequest(null, Object(Config\Cache), false)
 6 FCPATH\index.php(79): CodeIgniter\CodeIgniter->run()
 7 SYSTEMPATH\Commands\Server\rewrite.php(47): require_once('D:\\xampp\\htdocs\\codeIgniter\\index.php')
CRITICAL - 2023-10-02 11:40:55 --> The original file is not a valid file.
in SYSTEMPATH\HTTP\Files\UploadedFile.php on line 146.
 1 SYSTEMPATH\HTTP\Files\UploadedFile.php(146): CodeIgniter\HTTP\Exceptions\HTTPException::forInvalidFile()
 2 APPPATH\Controllers\EventController.php(74): CodeIgniter\HTTP\Files\UploadedFile->move('public/img/event/', '1696246855_9375245fd1e2b0b0fbd3')
 3 SYSTEMPATH\CodeIgniter.php(919): App\Controllers\EventController->update('7')
 4 SYSTEMPATH\CodeIgniter.php(494): CodeIgniter\CodeIgniter->runController(Object(App\Controllers\EventController))
 5 SYSTEMPATH\CodeIgniter.php(353): CodeIgniter\CodeIgniter->handleRequest(null, Object(Config\Cache), false)
 6 FCPATH\index.php(79): CodeIgniter\CodeIgniter->run()
 7 SYSTEMPATH\Commands\Server\rewrite.php(47): require_once('D:\\xampp\\htdocs\\codeIgniter\\index.php')
CRITICAL - 2023-10-02 11:41:44 --> Undefined variable $imageName
in APPPATH\Controllers\EventController.php on line 83.
 1 APPPATH\Controllers\EventController.php(83): CodeIgniter\Debug\Exceptions->errorHandler(2, 'Undefined variable $imageName', 'D:\\xampp\\htdocs\\codeIgniter\\app\\Controllers\\EventController.php', 83)
 2 SYSTEMPATH\CodeIgniter.php(919): App\Controllers\EventController->update('4')
 3 SYSTEMPATH\CodeIgniter.php(494): CodeIgniter\CodeIgniter->runController(Object(App\Controllers\EventController))
 4 SYSTEMPATH\CodeIgniter.php(353): CodeIgniter\CodeIgniter->handleRequest(null, Object(Config\Cache), false)
 5 FCPATH\index.php(79): CodeIgniter\CodeIgniter->run()
 6 SYSTEMPATH\Commands\Server\rewrite.php(47): require_once('D:\\xampp\\htdocs\\codeIgniter\\index.php')
CRITICAL - 2023-10-02 11:54:00 --> Undefined property: App\Controllers\CharityController::$1696247640_312d363a856c44886cb8.png
in APPPATH\Controllers\CharityController.php on line 44.
 1 APPPATH\Controllers\CharityController.php(44): CodeIgniter\Debug\Exceptions->errorHandler(2, 'Undefined property: App\\Controllers\\CharityController::$1696247640_312d363a856c44886cb8.png', 'D:\\xampp\\htdocs\\codeIgniter\\app\\Controllers\\CharityController.php', 44)
 2 SYSTEMPATH\CodeIgniter.php(919): App\Controllers\CharityController->charitystore()
 3 SYSTEMPATH\CodeIgniter.php(494): CodeIgniter\CodeIgniter->runController(Object(App\Controllers\CharityController))
 4 SYSTEMPATH\CodeIgniter.php(353): CodeIgniter\CodeIgniter->handleRequest(null, Object(Config\Cache), false)
 5 FCPATH\index.php(79): CodeIgniter\CodeIgniter->run()
 6 SYSTEMPATH\Commands\Server\rewrite.php(47): require_once('D:\\xampp\\htdocs\\codeIgniter\\index.php')
CRITICAL - 2023-10-02 11:56:15 --> Undefined property: App\Controllers\CharityController::$1696247775_5ec1934cbf88917614c9.png
in APPPATH\Controllers\CharityController.php on line 45.
 1 APPPATH\Controllers\CharityController.php(45): CodeIgniter\Debug\Exceptions->errorHandler(2, 'Undefined property: App\\Controllers\\CharityController::$1696247775_5ec1934cbf88917614c9.png', 'D:\\xampp\\htdocs\\codeIgniter\\app\\Controllers\\CharityController.php', 45)
 2 SYSTEMPATH\CodeIgniter.php(919): App\Controllers\CharityController->charitystore()
 3 SYSTEMPATH\CodeIgniter.php(494): CodeIgniter\CodeIgniter->runController(Object(App\Controllers\CharityController))
 4 SYSTEMPATH\CodeIgniter.php(353): CodeIgniter\CodeIgniter->handleRequest(null, Object(Config\Cache), false)
 5 FCPATH\index.php(79): CodeIgniter\CodeIgniter->run()
 6 SYSTEMPATH\Commands\Server\rewrite.php(47): require_once('D:\\xampp\\htdocs\\codeIgniter\\index.php')
CRITICAL - 2023-10-02 13:49:38 --> Undefined array key "ev_status"
in APPPATH\Views\pages\event\update.php on line 39.
 1 APPPATH\Views\pages\event\update.php(39): CodeIgniter\Debug\Exceptions->errorHandler(2, 'Undefined array key "ev_status"', 'D:\\xampp\\htdocs\\codeIgniter\\app\\Views\\pages\\event\\update.php', 39)
 2 SYSTEMPATH\View\View.php(226): include('D:\\xampp\\htdocs\\codeIgniter\\app\\Views\\pages\\event\\update.php')
 3 SYSTEMPATH\View\View.php(229): CodeIgniter\View\View->CodeIgniter\View\{closure}()
 4 SYSTEMPATH\Common.php(1188): CodeIgniter\View\View->render('pages/event/update', [], true)
 5 APPPATH\Controllers\EventController.php(72): view('pages/event/update', [...])
 6 SYSTEMPATH\CodeIgniter.php(919): App\Controllers\EventController->fetchsingel('9')
 7 SYSTEMPATH\CodeIgniter.php(494): CodeIgniter\CodeIgniter->runController(Object(App\Controllers\EventController))
 8 SYSTEMPATH\CodeIgniter.php(353): CodeIgniter\CodeIgniter->handleRequest(null, Object(Config\Cache), false)
 9 FCPATH\index.php(79): CodeIgniter\CodeIgniter->run()
10 SYSTEMPATH\Commands\Server\rewrite.php(47): require_once('D:\\xampp\\htdocs\\codeIgniter\\index.php')
CRITICAL - 2023-10-02 13:49:58 --> Undefined array key "charity_id"
in APPPATH\Views\pages\event\update.php on line 42.
 1 APPPATH\Views\pages\event\update.php(42): CodeIgniter\Debug\Exceptions->errorHandler(2, 'Undefined array key "charity_id"', 'D:\\xampp\\htdocs\\codeIgniter\\app\\Views\\pages\\event\\update.php', 42)
 2 SYSTEMPATH\View\View.php(226): include('D:\\xampp\\htdocs\\codeIgniter\\app\\Views\\pages\\event\\update.php')
 3 SYSTEMPATH\View\View.php(229): CodeIgniter\View\View->CodeIgniter\View\{closure}()
 4 SYSTEMPATH\Common.php(1188): CodeIgniter\View\View->render('pages/event/update', [], true)
 5 APPPATH\Controllers\EventController.php(72): view('pages/event/update', [...])
 6 SYSTEMPATH\CodeIgniter.php(919): App\Controllers\EventController->fetchsingel('9')
 7 SYSTEMPATH\CodeIgniter.php(494): CodeIgniter\CodeIgniter->runController(Object(App\Controllers\EventController))
 8 SYSTEMPATH\CodeIgniter.php(353): CodeIgniter\CodeIgniter->handleRequest(null, Object(Config\Cache), false)
 9 FCPATH\index.php(79): CodeIgniter\CodeIgniter->run()
10 SYSTEMPATH\Commands\Server\rewrite.php(47): require_once('D:\\xampp\\htdocs\\codeIgniter\\index.php')
CRITICAL - 2023-10-02 13:49:59 --> Undefined array key "charity_id"
in APPPATH\Views\pages\event\update.php on line 42.
 1 APPPATH\Views\pages\event\update.php(42): CodeIgniter\Debug\Exceptions->errorHandler(2, 'Undefined array key "charity_id"', 'D:\\xampp\\htdocs\\codeIgniter\\app\\Views\\pages\\event\\update.php', 42)
 2 SYSTEMPATH\View\View.php(226): include('D:\\xampp\\htdocs\\codeIgniter\\app\\Views\\pages\\event\\update.php')
 3 SYSTEMPATH\View\View.php(229): CodeIgniter\View\View->CodeIgniter\View\{closure}()
 4 SYSTEMPATH\Common.php(1188): CodeIgniter\View\View->render('pages/event/update', [], true)
 5 APPPATH\Controllers\EventController.php(72): view('pages/event/update', [...])
 6 SYSTEMPATH\CodeIgniter.php(919): App\Controllers\EventController->fetchsingel('9')
 7 SYSTEMPATH\CodeIgniter.php(494): CodeIgniter\CodeIgniter->runController(Object(App\Controllers\EventController))
 8 SYSTEMPATH\CodeIgniter.php(353): CodeIgniter\CodeIgniter->handleRequest(null, Object(Config\Cache), false)
 9 FCPATH\index.php(79): CodeIgniter\CodeIgniter->run()
10 SYSTEMPATH\Commands\Server\rewrite.php(47): require_once('D:\\xampp\\htdocs\\codeIgniter\\index.php')
CRITICAL - 2023-10-02 13:49:59 --> Undefined array key "charity_id"
in APPPATH\Views\pages\event\update.php on line 42.
 1 APPPATH\Views\pages\event\update.php(42): CodeIgniter\Debug\Exceptions->errorHandler(2, 'Undefined array key "charity_id"', 'D:\\xampp\\htdocs\\codeIgniter\\app\\Views\\pages\\event\\update.php', 42)
 2 SYSTEMPATH\View\View.php(226): include('D:\\xampp\\htdocs\\codeIgniter\\app\\Views\\pages\\event\\update.php')
 3 SYSTEMPATH\View\View.php(229): CodeIgniter\View\View->CodeIgniter\View\{closure}()
 4 SYSTEMPATH\Common.php(1188): CodeIgniter\View\View->render('pages/event/update', [], true)
 5 APPPATH\Controllers\EventController.php(72): view('pages/event/update', [...])
 6 SYSTEMPATH\CodeIgniter.php(919): App\Controllers\EventController->fetchsingel('9')
 7 SYSTEMPATH\CodeIgniter.php(494): CodeIgniter\CodeIgniter->runController(Object(App\Controllers\EventController))
 8 SYSTEMPATH\CodeIgniter.php(353): CodeIgniter\CodeIgniter->handleRequest(null, Object(Config\Cache), false)
 9 FCPATH\index.php(79): CodeIgniter\CodeIgniter->run()
10 SYSTEMPATH\Commands\Server\rewrite.php(47): require_once('D:\\xampp\\htdocs\\codeIgniter\\index.php')
CRITICAL - 2023-10-02 13:49:59 --> Undefined array key "charity_id"
in APPPATH\Views\pages\event\update.php on line 42.
 1 APPPATH\Views\pages\event\update.php(42): CodeIgniter\Debug\Exceptions->errorHandler(2, 'Undefined array key "charity_id"', 'D:\\xampp\\htdocs\\codeIgniter\\app\\Views\\pages\\event\\update.php', 42)
 2 SYSTEMPATH\View\View.php(226): include('D:\\xampp\\htdocs\\codeIgniter\\app\\Views\\pages\\event\\update.php')
 3 SYSTEMPATH\View\View.php(229): CodeIgniter\View\View->CodeIgniter\View\{closure}()
 4 SYSTEMPATH\Common.php(1188): CodeIgniter\View\View->render('pages/event/update', [], true)
 5 APPPATH\Controllers\EventController.php(72): view('pages/event/update', [...])
 6 SYSTEMPATH\CodeIgniter.php(919): App\Controllers\EventController->fetchsingel('9')
 7 SYSTEMPATH\CodeIgniter.php(494): CodeIgniter\CodeIgniter->runController(Object(App\Controllers\EventController))
 8 SYSTEMPATH\CodeIgniter.php(353): CodeIgniter\CodeIgniter->handleRequest(null, Object(Config\Cache), false)
 9 FCPATH\index.php(79): CodeIgniter\CodeIgniter->run()
10 SYSTEMPATH\Commands\Server\rewrite.php(47): require_once('D:\\xampp\\htdocs\\codeIgniter\\index.php')
ERROR - 2023-10-02 15:59:28 --> Error connecting to the database: mysqli_sql_exception: No connection could be made because the target machine actively refused it in D:\xampp\htdocs\codeIgniter\system\Database\MySQLi\Connection.php:184
Stack trace:
#0 D:\xampp\htdocs\codeIgniter\system\Database\MySQLi\Connection.php(184): mysqli->real_connect('localhost', 'root', Object(SensitiveParameterValue), 'manobsheba', 3306, '', 0)
#1 D:\xampp\htdocs\codeIgniter\system\Database\BaseConnection.php(391): CodeIgniter\Database\MySQLi\Connection->connect(false)
#2 D:\xampp\htdocs\codeIgniter\system\Database\BaseConnection.php(574): CodeIgniter\Database\BaseConnection->initialize()
#3 D:\xampp\htdocs\codeIgniter\system\Database\BaseBuilder.php(1615): CodeIgniter\Database\BaseConnection->query('SELECT *\nFROM `...', Array, false)
#4 D:\xampp\htdocs\codeIgniter\system\Model.php(237): CodeIgniter\Database\BaseBuilder->get()
#5 D:\xampp\htdocs\codeIgniter\system\BaseModel.php(624): CodeIgniter\Model->doFindAll(0, 0)
#6 D:\xampp\htdocs\codeIgniter\app\Controllers\Home.php(15): CodeIgniter\BaseModel->findAll()
#7 D:\xampp\htdocs\codeIgniter\system\CodeIgniter.php(919): App\Controllers\Home->index()
#8 D:\xampp\htdocs\codeIgniter\system\CodeIgniter.php(494): CodeIgniter\CodeIgniter->runController(Object(App\Controllers\Home))
#9 D:\xampp\htdocs\codeIgniter\system\CodeIgniter.php(353): CodeIgniter\CodeIgniter->handleRequest(NULL, Object(Config\Cache), false)
#10 D:\xampp\htdocs\codeIgniter\index.php(79): CodeIgniter\CodeIgniter->run()
#11 D:\xampp\htdocs\codeIgniter\system\Commands\Server\rewrite.php(47): require_once('D:\\xampp\\htdocs...')
#12 {main}

Next CodeIgniter\Database\Exceptions\DatabaseException: No connection could be made because the target machine actively refused it in D:\xampp\htdocs\codeIgniter\system\Database\MySQLi\Connection.php:229
Stack trace:
#0 D:\xampp\htdocs\codeIgniter\system\Database\BaseConnection.php(391): CodeIgniter\Database\MySQLi\Connection->connect(false)
#1 D:\xampp\htdocs\codeIgniter\system\Database\BaseConnection.php(574): CodeIgniter\Database\BaseConnection->initialize()
#2 D:\xampp\htdocs\codeIgniter\system\Database\BaseBuilder.php(1615): CodeIgniter\Database\BaseConnection->query('SELECT *\nFROM `...', Array, false)
#3 D:\xampp\htdocs\codeIgniter\system\Model.php(237): CodeIgniter\Database\BaseBuilder->get()
#4 D:\xampp\htdocs\codeIgniter\system\BaseModel.php(624): CodeIgniter\Model->doFindAll(0, 0)
#5 D:\xampp\htdocs\codeIgniter\app\Controllers\Home.php(15): CodeIgniter\BaseModel->findAll()
#6 D:\xampp\htdocs\codeIgniter\system\CodeIgniter.php(919): App\Controllers\Home->index()
#7 D:\xampp\htdocs\codeIgniter\system\CodeIgniter.php(494): CodeIgniter\CodeIgniter->runController(Object(App\Controllers\Home))
#8 D:\xampp\htdocs\codeIgniter\system\CodeIgniter.php(353): CodeIgniter\CodeIgniter->handleRequest(NULL, Object(Config\Cache), false)
#9 D:\xampp\htdocs\codeIgniter\index.php(79): CodeIgniter\CodeIgniter->run()
#10 D:\xampp\htdocs\codeIgniter\system\Commands\Server\rewrite.php(47): require_once('D:\\xampp\\htdocs...')
#11 {main}
CRITICAL - 2023-10-02 15:59:28 --> Unable to connect to the database.
Main connection [MySQLi]: No connection could be made because the target machine actively refused it
in SYSTEMPATH\Database\BaseConnection.php on line 427.
 1 SYSTEMPATH\Database\BaseConnection.php(574): CodeIgniter\Database\BaseConnection->initialize()
 2 SYSTEMPATH\Database\BaseBuilder.php(1615): CodeIgniter\Database\BaseConnection->query('SELECT *
FROM `event`
JOIN `charity` ON `event`.`ev_organiser` = `charity`.`charity_id`
JOIN `status` ON `event`.`ev_status` = `status`.`status_id`
ORDER BY `ev_id` DESC', [], false)
 3 SYSTEMPATH\Model.php(237): CodeIgniter\Database\BaseBuilder->get()
 4 SYSTEMPATH\BaseModel.php(624): CodeIgniter\Model->doFindAll(0, 0)
 5 APPPATH\Controllers\Home.php(15): CodeIgniter\BaseModel->findAll()
 6 SYSTEMPATH\CodeIgniter.php(919): App\Controllers\Home->index()
 7 SYSTEMPATH\CodeIgniter.php(494): CodeIgniter\CodeIgniter->runController(Object(App\Controllers\Home))
 8 SYSTEMPATH\CodeIgniter.php(353): CodeIgniter\CodeIgniter->handleRequest(null, Object(Config\Cache), false)
 9 FCPATH\index.php(79): CodeIgniter\CodeIgniter->run()
10 SYSTEMPATH\Commands\Server\rewrite.php(47): require_once('D:\\xampp\\htdocs\\codeIgniter\\index.php')
CRITICAL - 2023-10-02 18:15:05 --> Undefined variable $imageName
in APPPATH\Controllers\EventController.php on line 37.
 1 APPPATH\Controllers\EventController.php(37): CodeIgniter\Debug\Exceptions->errorHandler(2, 'Undefined variable $imageName', 'D:\\xampp\\htdocs\\codeIgniter\\app\\Controllers\\EventController.php', 37)
 2 SYSTEMPATH\CodeIgniter.php(919): App\Controllers\EventController->eventsave()
 3 SYSTEMPATH\CodeIgniter.php(494): CodeIgniter\CodeIgniter->runController(Object(App\Controllers\EventController))
 4 SYSTEMPATH\CodeIgniter.php(353): CodeIgniter\CodeIgniter->handleRequest(null, Object(Config\Cache), false)
 5 FCPATH\index.php(79): CodeIgniter\CodeIgniter->run()
 6 SYSTEMPATH\Commands\Server\rewrite.php(47): require_once('D:\\xampp\\htdocs\\codeIgniter\\index.php')
CRITICAL - 2023-10-02 18:15:29 --> Undefined variable $imageName
in APPPATH\Controllers\EventController.php on line 37.
 1 APPPATH\Controllers\EventController.php(37): CodeIgniter\Debug\Exceptions->errorHandler(2, 'Undefined variable $imageName', 'D:\\xampp\\htdocs\\codeIgniter\\app\\Controllers\\EventController.php', 37)
 2 SYSTEMPATH\CodeIgniter.php(919): App\Controllers\EventController->eventsave()
 3 SYSTEMPATH\CodeIgniter.php(494): CodeIgniter\CodeIgniter->runController(Object(App\Controllers\EventController))
 4 SYSTEMPATH\CodeIgniter.php(353): CodeIgniter\CodeIgniter->handleRequest(null, Object(Config\Cache), false)
 5 FCPATH\index.php(79): CodeIgniter\CodeIgniter->run()
 6 SYSTEMPATH\Commands\Server\rewrite.php(47): require_once('D:\\xampp\\htdocs\\codeIgniter\\index.php')
