ERROR - 2024-02-19 17:50:08 --> Error connecting to the database: mysqli_sql_exception: Too many connections in /home/rakib/ci4.rakahsan.online/system/Database/MySQLi/Connection.php:184
Stack trace:
#0 /home/rakib/ci4.rakahsan.online/system/Database/MySQLi/Connection.php(184): mysqli->real_connect()
#1 /home/rakib/ci4.rakahsan.online/system/Database/BaseConnection.php(391): CodeIgniter\Database\MySQLi\Connection->connect()
#2 /home/rakib/ci4.rakahsan.online/system/Database/BaseConnection.php(574): CodeIgniter\Database\BaseConnection->initialize()
#3 /home/rakib/ci4.rakahsan.online/system/Database/BaseBuilder.php(1615): CodeIgniter\Database\BaseConnection->query()
#4 /home/rakib/ci4.rakahsan.online/system/Model.php(237): CodeIgniter\Database\BaseBuilder->get()
#5 /home/rakib/ci4.rakahsan.online/system/BaseModel.php(624): CodeIgniter\Model->doFindAll()
#6 /home/rakib/ci4.rakahsan.online/app/Controllers/Home.php(19): CodeIgniter\BaseModel->findAll()
#7 /home/rakib/ci4.rakahsan.online/system/CodeIgniter.php(919): App\Controllers\Home->index()
#8 /home/rakib/ci4.rakahsan.online/system/CodeIgniter.php(494): CodeIgniter\CodeIgniter->runController()
#9 /home/rakib/ci4.rakahsan.online/system/CodeIgniter.php(353): CodeIgniter\CodeIgniter->handleRequest()
#10 /home/rakib/ci4.rakahsan.online/index.php(79): CodeIgniter\CodeIgniter->run()
#11 {main}

Next CodeIgniter\Database\Exceptions\DatabaseException: Too many connections in /home/rakib/ci4.rakahsan.online/system/Database/MySQLi/Connection.php:229
Stack trace:
#0 /home/rakib/ci4.rakahsan.online/system/Database/BaseConnection.php(391): CodeIgniter\Database\MySQLi\Connection->connect()
#1 /home/rakib/ci4.rakahsan.online/system/Database/BaseConnection.php(574): CodeIgniter\Database\BaseConnection->initialize()
#2 /home/rakib/ci4.rakahsan.online/system/Database/BaseBuilder.php(1615): CodeIgniter\Database\BaseConnection->query()
#3 /home/rakib/ci4.rakahsan.online/system/Model.php(237): CodeIgniter\Database\BaseBuilder->get()
#4 /home/rakib/ci4.rakahsan.online/system/BaseModel.php(624): CodeIgniter\Model->doFindAll()
#5 /home/rakib/ci4.rakahsan.online/app/Controllers/Home.php(19): CodeIgniter\BaseModel->findAll()
#6 /home/rakib/ci4.rakahsan.online/system/CodeIgniter.php(919): App\Controllers\Home->index()
#7 /home/rakib/ci4.rakahsan.online/system/CodeIgniter.php(494): CodeIgniter\CodeIgniter->runController()
#8 /home/rakib/ci4.rakahsan.online/system/CodeIgniter.php(353): CodeIgniter\CodeIgniter->handleRequest()
#9 /home/rakib/ci4.rakahsan.online/index.php(79): CodeIgniter\CodeIgniter->run()
#10 {main}
CRITICAL - 2024-02-19 17:50:08 --> Unable to connect to the database.
Main connection [MySQLi]: Too many connections
in SYSTEMPATH/Database/BaseConnection.php on line 427.
 1 SYSTEMPATH/Database/BaseConnection.php(574): CodeIgniter\Database\BaseConnection->initialize()
 2 SYSTEMPATH/Database/BaseBuilder.php(1615): CodeIgniter\Database\BaseConnection->query()
 3 SYSTEMPATH/Model.php(237): CodeIgniter\Database\BaseBuilder->get()
 4 SYSTEMPATH/BaseModel.php(624): CodeIgniter\Model->doFindAll()
 5 APPPATH/Controllers/Home.php(19): CodeIgniter\BaseModel->findAll()
 6 SYSTEMPATH/CodeIgniter.php(919): App\Controllers\Home->index()
 7 SYSTEMPATH/CodeIgniter.php(494): CodeIgniter\CodeIgniter->runController()
 8 SYSTEMPATH/CodeIgniter.php(353): CodeIgniter\CodeIgniter->handleRequest()
 9 FCPATH/index.php(79): CodeIgniter\CodeIgniter->run()
ERROR - 2024-02-19 17:50:13 --> Error connecting to the database: mysqli_sql_exception: Too many connections in /home/rakib/ci4.rakahsan.online/system/Database/MySQLi/Connection.php:184
Stack trace:
#0 /home/rakib/ci4.rakahsan.online/system/Database/MySQLi/Connection.php(184): mysqli->real_connect()
#1 /home/rakib/ci4.rakahsan.online/system/Database/BaseConnection.php(391): CodeIgniter\Database\MySQLi\Connection->connect()
#2 /home/rakib/ci4.rakahsan.online/system/Database/BaseConnection.php(574): CodeIgniter\Database\BaseConnection->initialize()
#3 /home/rakib/ci4.rakahsan.online/system/Database/BaseBuilder.php(1615): CodeIgniter\Database\BaseConnection->query()
#4 /home/rakib/ci4.rakahsan.online/system/Model.php(237): CodeIgniter\Database\BaseBuilder->get()
#5 /home/rakib/ci4.rakahsan.online/system/BaseModel.php(624): CodeIgniter\Model->doFindAll()
#6 /home/rakib/ci4.rakahsan.online/app/Controllers/Home.php(19): CodeIgniter\BaseModel->findAll()
#7 /home/rakib/ci4.rakahsan.online/system/CodeIgniter.php(919): App\Controllers\Home->index()
#8 /home/rakib/ci4.rakahsan.online/system/CodeIgniter.php(494): CodeIgniter\CodeIgniter->runController()
#9 /home/rakib/ci4.rakahsan.online/system/CodeIgniter.php(353): CodeIgniter\CodeIgniter->handleRequest()
#10 /home/rakib/ci4.rakahsan.online/index.php(79): CodeIgniter\CodeIgniter->run()
#11 {main}

Next CodeIgniter\Database\Exceptions\DatabaseException: Too many connections in /home/rakib/ci4.rakahsan.online/system/Database/MySQLi/Connection.php:229
Stack trace:
#0 /home/rakib/ci4.rakahsan.online/system/Database/BaseConnection.php(391): CodeIgniter\Database\MySQLi\Connection->connect()
#1 /home/rakib/ci4.rakahsan.online/system/Database/BaseConnection.php(574): CodeIgniter\Database\BaseConnection->initialize()
#2 /home/rakib/ci4.rakahsan.online/system/Database/BaseBuilder.php(1615): CodeIgniter\Database\BaseConnection->query()
#3 /home/rakib/ci4.rakahsan.online/system/Model.php(237): CodeIgniter\Database\BaseBuilder->get()
#4 /home/rakib/ci4.rakahsan.online/system/BaseModel.php(624): CodeIgniter\Model->doFindAll()
#5 /home/rakib/ci4.rakahsan.online/app/Controllers/Home.php(19): CodeIgniter\BaseModel->findAll()
#6 /home/rakib/ci4.rakahsan.online/system/CodeIgniter.php(919): App\Controllers\Home->index()
#7 /home/rakib/ci4.rakahsan.online/system/CodeIgniter.php(494): CodeIgniter\CodeIgniter->runController()
#8 /home/rakib/ci4.rakahsan.online/system/CodeIgniter.php(353): CodeIgniter\CodeIgniter->handleRequest()
#9 /home/rakib/ci4.rakahsan.online/index.php(79): CodeIgniter\CodeIgniter->run()
#10 {main}
CRITICAL - 2024-02-19 17:50:13 --> Unable to connect to the database.
Main connection [MySQLi]: Too many connections
in SYSTEMPATH/Database/BaseConnection.php on line 427.
 1 SYSTEMPATH/Database/BaseConnection.php(574): CodeIgniter\Database\BaseConnection->initialize()
 2 SYSTEMPATH/Database/BaseBuilder.php(1615): CodeIgniter\Database\BaseConnection->query()
 3 SYSTEMPATH/Model.php(237): CodeIgniter\Database\BaseBuilder->get()
 4 SYSTEMPATH/BaseModel.php(624): CodeIgniter\Model->doFindAll()
 5 APPPATH/Controllers/Home.php(19): CodeIgniter\BaseModel->findAll()
 6 SYSTEMPATH/CodeIgniter.php(919): App\Controllers\Home->index()
 7 SYSTEMPATH/CodeIgniter.php(494): CodeIgniter\CodeIgniter->runController()
 8 SYSTEMPATH/CodeIgniter.php(353): CodeIgniter\CodeIgniter->handleRequest()
 9 FCPATH/index.php(79): CodeIgniter\CodeIgniter->run()
ERROR - 2024-02-19 17:50:57 --> Error connecting to the database: mysqli_sql_exception: Too many connections in /home/rakib/ci4.rakahsan.online/system/Database/MySQLi/Connection.php:184
Stack trace:
#0 /home/rakib/ci4.rakahsan.online/system/Database/MySQLi/Connection.php(184): mysqli->real_connect()
#1 /home/rakib/ci4.rakahsan.online/system/Database/BaseConnection.php(391): CodeIgniter\Database\MySQLi\Connection->connect()
#2 /home/rakib/ci4.rakahsan.online/system/Database/BaseConnection.php(574): CodeIgniter\Database\BaseConnection->initialize()
#3 /home/rakib/ci4.rakahsan.online/system/Database/BaseBuilder.php(1615): CodeIgniter\Database\BaseConnection->query()
#4 /home/rakib/ci4.rakahsan.online/system/Model.php(264): CodeIgniter\Database\BaseBuilder->get()
#5 /home/rakib/ci4.rakahsan.online/system/BaseModel.php(662): CodeIgniter\Model->doFirst()
#6 /home/rakib/ci4.rakahsan.online/app/Controllers/LoginController.php(130): CodeIgniter\BaseModel->first()
#7 /home/rakib/ci4.rakahsan.online/system/CodeIgniter.php(919): App\Controllers\LoginController->loginauth()
#8 /home/rakib/ci4.rakahsan.online/system/CodeIgniter.php(494): CodeIgniter\CodeIgniter->runController()
#9 /home/rakib/ci4.rakahsan.online/system/CodeIgniter.php(353): CodeIgniter\CodeIgniter->handleRequest()
#10 /home/rakib/ci4.rakahsan.online/index.php(79): CodeIgniter\CodeIgniter->run()
#11 {main}

Next CodeIgniter\Database\Exceptions\DatabaseException: Too many connections in /home/rakib/ci4.rakahsan.online/system/Database/MySQLi/Connection.php:229
Stack trace:
#0 /home/rakib/ci4.rakahsan.online/system/Database/BaseConnection.php(391): CodeIgniter\Database\MySQLi\Connection->connect()
#1 /home/rakib/ci4.rakahsan.online/system/Database/BaseConnection.php(574): CodeIgniter\Database\BaseConnection->initialize()
#2 /home/rakib/ci4.rakahsan.online/system/Database/BaseBuilder.php(1615): CodeIgniter\Database\BaseConnection->query()
#3 /home/rakib/ci4.rakahsan.online/system/Model.php(264): CodeIgniter\Database\BaseBuilder->get()
#4 /home/rakib/ci4.rakahsan.online/system/BaseModel.php(662): CodeIgniter\Model->doFirst()
#5 /home/rakib/ci4.rakahsan.online/app/Controllers/LoginController.php(130): CodeIgniter\BaseModel->first()
#6 /home/rakib/ci4.rakahsan.online/system/CodeIgniter.php(919): App\Controllers\LoginController->loginauth()
#7 /home/rakib/ci4.rakahsan.online/system/CodeIgniter.php(494): CodeIgniter\CodeIgniter->runController()
#8 /home/rakib/ci4.rakahsan.online/system/CodeIgniter.php(353): CodeIgniter\CodeIgniter->handleRequest()
#9 /home/rakib/ci4.rakahsan.online/index.php(79): CodeIgniter\CodeIgniter->run()
#10 {main}
CRITICAL - 2024-02-19 17:50:57 --> Unable to connect to the database.
Main connection [MySQLi]: Too many connections
in SYSTEMPATH/Database/BaseConnection.php on line 427.
 1 SYSTEMPATH/Database/BaseConnection.php(574): CodeIgniter\Database\BaseConnection->initialize()
 2 SYSTEMPATH/Database/BaseBuilder.php(1615): CodeIgniter\Database\BaseConnection->query()
 3 SYSTEMPATH/Model.php(264): CodeIgniter\Database\BaseBuilder->get()
 4 SYSTEMPATH/BaseModel.php(662): CodeIgniter\Model->doFirst()
 5 APPPATH/Controllers/LoginController.php(130): CodeIgniter\BaseModel->first()
 6 SYSTEMPATH/CodeIgniter.php(919): App\Controllers\LoginController->loginauth()
 7 SYSTEMPATH/CodeIgniter.php(494): CodeIgniter\CodeIgniter->runController()
 8 SYSTEMPATH/CodeIgniter.php(353): CodeIgniter\CodeIgniter->handleRequest()
 9 FCPATH/index.php(79): CodeIgniter\CodeIgniter->run()
ERROR - 2024-02-19 17:51:05 --> Error connecting to the database: mysqli_sql_exception: Too many connections in /home/rakib/ci4.rakahsan.online/system/Database/MySQLi/Connection.php:184
Stack trace:
#0 /home/rakib/ci4.rakahsan.online/system/Database/MySQLi/Connection.php(184): mysqli->real_connect()
#1 /home/rakib/ci4.rakahsan.online/system/Database/BaseConnection.php(391): CodeIgniter\Database\MySQLi\Connection->connect()
#2 /home/rakib/ci4.rakahsan.online/system/Database/BaseConnection.php(574): CodeIgniter\Database\BaseConnection->initialize()
#3 /home/rakib/ci4.rakahsan.online/system/Database/BaseBuilder.php(1615): CodeIgniter\Database\BaseConnection->query()
#4 /home/rakib/ci4.rakahsan.online/system/Model.php(264): CodeIgniter\Database\BaseBuilder->get()
#5 /home/rakib/ci4.rakahsan.online/system/BaseModel.php(662): CodeIgniter\Model->doFirst()
#6 /home/rakib/ci4.rakahsan.online/app/Controllers/LoginController.php(130): CodeIgniter\BaseModel->first()
#7 /home/rakib/ci4.rakahsan.online/system/CodeIgniter.php(919): App\Controllers\LoginController->loginauth()
#8 /home/rakib/ci4.rakahsan.online/system/CodeIgniter.php(494): CodeIgniter\CodeIgniter->runController()
#9 /home/rakib/ci4.rakahsan.online/system/CodeIgniter.php(353): CodeIgniter\CodeIgniter->handleRequest()
#10 /home/rakib/ci4.rakahsan.online/index.php(79): CodeIgniter\CodeIgniter->run()
#11 {main}

Next CodeIgniter\Database\Exceptions\DatabaseException: Too many connections in /home/rakib/ci4.rakahsan.online/system/Database/MySQLi/Connection.php:229
Stack trace:
#0 /home/rakib/ci4.rakahsan.online/system/Database/BaseConnection.php(391): CodeIgniter\Database\MySQLi\Connection->connect()
#1 /home/rakib/ci4.rakahsan.online/system/Database/BaseConnection.php(574): CodeIgniter\Database\BaseConnection->initialize()
#2 /home/rakib/ci4.rakahsan.online/system/Database/BaseBuilder.php(1615): CodeIgniter\Database\BaseConnection->query()
#3 /home/rakib/ci4.rakahsan.online/system/Model.php(264): CodeIgniter\Database\BaseBuilder->get()
#4 /home/rakib/ci4.rakahsan.online/system/BaseModel.php(662): CodeIgniter\Model->doFirst()
#5 /home/rakib/ci4.rakahsan.online/app/Controllers/LoginController.php(130): CodeIgniter\BaseModel->first()
#6 /home/rakib/ci4.rakahsan.online/system/CodeIgniter.php(919): App\Controllers\LoginController->loginauth()
#7 /home/rakib/ci4.rakahsan.online/system/CodeIgniter.php(494): CodeIgniter\CodeIgniter->runController()
#8 /home/rakib/ci4.rakahsan.online/system/CodeIgniter.php(353): CodeIgniter\CodeIgniter->handleRequest()
#9 /home/rakib/ci4.rakahsan.online/index.php(79): CodeIgniter\CodeIgniter->run()
#10 {main}
CRITICAL - 2024-02-19 17:51:05 --> Unable to connect to the database.
Main connection [MySQLi]: Too many connections
in SYSTEMPATH/Database/BaseConnection.php on line 427.
 1 SYSTEMPATH/Database/BaseConnection.php(574): CodeIgniter\Database\BaseConnection->initialize()
 2 SYSTEMPATH/Database/BaseBuilder.php(1615): CodeIgniter\Database\BaseConnection->query()
 3 SYSTEMPATH/Model.php(264): CodeIgniter\Database\BaseBuilder->get()
 4 SYSTEMPATH/BaseModel.php(662): CodeIgniter\Model->doFirst()
 5 APPPATH/Controllers/LoginController.php(130): CodeIgniter\BaseModel->first()
 6 SYSTEMPATH/CodeIgniter.php(919): App\Controllers\LoginController->loginauth()
 7 SYSTEMPATH/CodeIgniter.php(494): CodeIgniter\CodeIgniter->runController()
 8 SYSTEMPATH/CodeIgniter.php(353): CodeIgniter\CodeIgniter->handleRequest()
 9 FCPATH/index.php(79): CodeIgniter\CodeIgniter->run()
ERROR - 2024-02-19 17:51:20 --> Error connecting to the database: mysqli_sql_exception: Too many connections in /home/rakib/ci4.rakahsan.online/system/Database/MySQLi/Connection.php:184
Stack trace:
#0 /home/rakib/ci4.rakahsan.online/system/Database/MySQLi/Connection.php(184): mysqli->real_connect()
#1 /home/rakib/ci4.rakahsan.online/system/Database/BaseConnection.php(391): CodeIgniter\Database\MySQLi\Connection->connect()
#2 /home/rakib/ci4.rakahsan.online/system/Database/BaseConnection.php(574): CodeIgniter\Database\BaseConnection->initialize()
#3 /home/rakib/ci4.rakahsan.online/system/Database/BaseBuilder.php(1615): CodeIgniter\Database\BaseConnection->query()
#4 /home/rakib/ci4.rakahsan.online/system/Model.php(264): CodeIgniter\Database\BaseBuilder->get()
#5 /home/rakib/ci4.rakahsan.online/system/BaseModel.php(662): CodeIgniter\Model->doFirst()
#6 /home/rakib/ci4.rakahsan.online/app/Controllers/LoginController.php(130): CodeIgniter\BaseModel->first()
#7 /home/rakib/ci4.rakahsan.online/system/CodeIgniter.php(919): App\Controllers\LoginController->loginauth()
#8 /home/rakib/ci4.rakahsan.online/system/CodeIgniter.php(494): CodeIgniter\CodeIgniter->runController()
#9 /home/rakib/ci4.rakahsan.online/system/CodeIgniter.php(353): CodeIgniter\CodeIgniter->handleRequest()
#10 /home/rakib/ci4.rakahsan.online/index.php(79): CodeIgniter\CodeIgniter->run()
#11 {main}

Next CodeIgniter\Database\Exceptions\DatabaseException: Too many connections in /home/rakib/ci4.rakahsan.online/system/Database/MySQLi/Connection.php:229
Stack trace:
#0 /home/rakib/ci4.rakahsan.online/system/Database/BaseConnection.php(391): CodeIgniter\Database\MySQLi\Connection->connect()
#1 /home/rakib/ci4.rakahsan.online/system/Database/BaseConnection.php(574): CodeIgniter\Database\BaseConnection->initialize()
#2 /home/rakib/ci4.rakahsan.online/system/Database/BaseBuilder.php(1615): CodeIgniter\Database\BaseConnection->query()
#3 /home/rakib/ci4.rakahsan.online/system/Model.php(264): CodeIgniter\Database\BaseBuilder->get()
#4 /home/rakib/ci4.rakahsan.online/system/BaseModel.php(662): CodeIgniter\Model->doFirst()
#5 /home/rakib/ci4.rakahsan.online/app/Controllers/LoginController.php(130): CodeIgniter\BaseModel->first()
#6 /home/rakib/ci4.rakahsan.online/system/CodeIgniter.php(919): App\Controllers\LoginController->loginauth()
#7 /home/rakib/ci4.rakahsan.online/system/CodeIgniter.php(494): CodeIgniter\CodeIgniter->runController()
#8 /home/rakib/ci4.rakahsan.online/system/CodeIgniter.php(353): CodeIgniter\CodeIgniter->handleRequest()
#9 /home/rakib/ci4.rakahsan.online/index.php(79): CodeIgniter\CodeIgniter->run()
#10 {main}
CRITICAL - 2024-02-19 17:51:20 --> Unable to connect to the database.
Main connection [MySQLi]: Too many connections
in SYSTEMPATH/Database/BaseConnection.php on line 427.
 1 SYSTEMPATH/Database/BaseConnection.php(574): CodeIgniter\Database\BaseConnection->initialize()
 2 SYSTEMPATH/Database/BaseBuilder.php(1615): CodeIgniter\Database\BaseConnection->query()
 3 SYSTEMPATH/Model.php(264): CodeIgniter\Database\BaseBuilder->get()
 4 SYSTEMPATH/BaseModel.php(662): CodeIgniter\Model->doFirst()
 5 APPPATH/Controllers/LoginController.php(130): CodeIgniter\BaseModel->first()
 6 SYSTEMPATH/CodeIgniter.php(919): App\Controllers\LoginController->loginauth()
 7 SYSTEMPATH/CodeIgniter.php(494): CodeIgniter\CodeIgniter->runController()
 8 SYSTEMPATH/CodeIgniter.php(353): CodeIgniter\CodeIgniter->handleRequest()
 9 FCPATH/index.php(79): CodeIgniter\CodeIgniter->run()
ERROR - 2024-02-19 17:51:23 --> Error connecting to the database: mysqli_sql_exception: Too many connections in /home/rakib/ci4.rakahsan.online/system/Database/MySQLi/Connection.php:184
Stack trace:
#0 /home/rakib/ci4.rakahsan.online/system/Database/MySQLi/Connection.php(184): mysqli->real_connect()
#1 /home/rakib/ci4.rakahsan.online/system/Database/BaseConnection.php(391): CodeIgniter\Database\MySQLi\Connection->connect()
#2 /home/rakib/ci4.rakahsan.online/system/Database/BaseConnection.php(574): CodeIgniter\Database\BaseConnection->initialize()
#3 /home/rakib/ci4.rakahsan.online/system/Database/BaseBuilder.php(1615): CodeIgniter\Database\BaseConnection->query()
#4 /home/rakib/ci4.rakahsan.online/system/Model.php(264): CodeIgniter\Database\BaseBuilder->get()
#5 /home/rakib/ci4.rakahsan.online/system/BaseModel.php(662): CodeIgniter\Model->doFirst()
#6 /home/rakib/ci4.rakahsan.online/app/Controllers/LoginController.php(130): CodeIgniter\BaseModel->first()
#7 /home/rakib/ci4.rakahsan.online/system/CodeIgniter.php(919): App\Controllers\LoginController->loginauth()
#8 /home/rakib/ci4.rakahsan.online/system/CodeIgniter.php(494): CodeIgniter\CodeIgniter->runController()
#9 /home/rakib/ci4.rakahsan.online/system/CodeIgniter.php(353): CodeIgniter\CodeIgniter->handleRequest()
#10 /home/rakib/ci4.rakahsan.online/index.php(79): CodeIgniter\CodeIgniter->run()
#11 {main}

Next CodeIgniter\Database\Exceptions\DatabaseException: Too many connections in /home/rakib/ci4.rakahsan.online/system/Database/MySQLi/Connection.php:229
Stack trace:
#0 /home/rakib/ci4.rakahsan.online/system/Database/BaseConnection.php(391): CodeIgniter\Database\MySQLi\Connection->connect()
#1 /home/rakib/ci4.rakahsan.online/system/Database/BaseConnection.php(574): CodeIgniter\Database\BaseConnection->initialize()
#2 /home/rakib/ci4.rakahsan.online/system/Database/BaseBuilder.php(1615): CodeIgniter\Database\BaseConnection->query()
#3 /home/rakib/ci4.rakahsan.online/system/Model.php(264): CodeIgniter\Database\BaseBuilder->get()
#4 /home/rakib/ci4.rakahsan.online/system/BaseModel.php(662): CodeIgniter\Model->doFirst()
#5 /home/rakib/ci4.rakahsan.online/app/Controllers/LoginController.php(130): CodeIgniter\BaseModel->first()
#6 /home/rakib/ci4.rakahsan.online/system/CodeIgniter.php(919): App\Controllers\LoginController->loginauth()
#7 /home/rakib/ci4.rakahsan.online/system/CodeIgniter.php(494): CodeIgniter\CodeIgniter->runController()
#8 /home/rakib/ci4.rakahsan.online/system/CodeIgniter.php(353): CodeIgniter\CodeIgniter->handleRequest()
#9 /home/rakib/ci4.rakahsan.online/index.php(79): CodeIgniter\CodeIgniter->run()
#10 {main}
CRITICAL - 2024-02-19 17:51:23 --> Unable to connect to the database.
Main connection [MySQLi]: Too many connections
in SYSTEMPATH/Database/BaseConnection.php on line 427.
 1 SYSTEMPATH/Database/BaseConnection.php(574): CodeIgniter\Database\BaseConnection->initialize()
 2 SYSTEMPATH/Database/BaseBuilder.php(1615): CodeIgniter\Database\BaseConnection->query()
 3 SYSTEMPATH/Model.php(264): CodeIgniter\Database\BaseBuilder->get()
 4 SYSTEMPATH/BaseModel.php(662): CodeIgniter\Model->doFirst()
 5 APPPATH/Controllers/LoginController.php(130): CodeIgniter\BaseModel->first()
 6 SYSTEMPATH/CodeIgniter.php(919): App\Controllers\LoginController->loginauth()
 7 SYSTEMPATH/CodeIgniter.php(494): CodeIgniter\CodeIgniter->runController()
 8 SYSTEMPATH/CodeIgniter.php(353): CodeIgniter\CodeIgniter->handleRequest()
 9 FCPATH/index.php(79): CodeIgniter\CodeIgniter->run()
ERROR - 2024-02-19 17:51:42 --> Error connecting to the database: mysqli_sql_exception: Too many connections in /home/rakib/ci4.rakahsan.online/system/Database/MySQLi/Connection.php:184
Stack trace:
#0 /home/rakib/ci4.rakahsan.online/system/Database/MySQLi/Connection.php(184): mysqli->real_connect()
#1 /home/rakib/ci4.rakahsan.online/system/Database/BaseConnection.php(391): CodeIgniter\Database\MySQLi\Connection->connect()
#2 /home/rakib/ci4.rakahsan.online/system/Database/BaseConnection.php(574): CodeIgniter\Database\BaseConnection->initialize()
#3 /home/rakib/ci4.rakahsan.online/system/Database/BaseBuilder.php(1615): CodeIgniter\Database\BaseConnection->query()
#4 /home/rakib/ci4.rakahsan.online/system/Model.php(264): CodeIgniter\Database\BaseBuilder->get()
#5 /home/rakib/ci4.rakahsan.online/system/BaseModel.php(662): CodeIgniter\Model->doFirst()
#6 /home/rakib/ci4.rakahsan.online/app/Controllers/LoginController.php(130): CodeIgniter\BaseModel->first()
#7 /home/rakib/ci4.rakahsan.online/system/CodeIgniter.php(919): App\Controllers\LoginController->loginauth()
#8 /home/rakib/ci4.rakahsan.online/system/CodeIgniter.php(494): CodeIgniter\CodeIgniter->runController()
#9 /home/rakib/ci4.rakahsan.online/system/CodeIgniter.php(353): CodeIgniter\CodeIgniter->handleRequest()
#10 /home/rakib/ci4.rakahsan.online/index.php(79): CodeIgniter\CodeIgniter->run()
#11 {main}

Next CodeIgniter\Database\Exceptions\DatabaseException: Too many connections in /home/rakib/ci4.rakahsan.online/system/Database/MySQLi/Connection.php:229
Stack trace:
#0 /home/rakib/ci4.rakahsan.online/system/Database/BaseConnection.php(391): CodeIgniter\Database\MySQLi\Connection->connect()
#1 /home/rakib/ci4.rakahsan.online/system/Database/BaseConnection.php(574): CodeIgniter\Database\BaseConnection->initialize()
#2 /home/rakib/ci4.rakahsan.online/system/Database/BaseBuilder.php(1615): CodeIgniter\Database\BaseConnection->query()
#3 /home/rakib/ci4.rakahsan.online/system/Model.php(264): CodeIgniter\Database\BaseBuilder->get()
#4 /home/rakib/ci4.rakahsan.online/system/BaseModel.php(662): CodeIgniter\Model->doFirst()
#5 /home/rakib/ci4.rakahsan.online/app/Controllers/LoginController.php(130): CodeIgniter\BaseModel->first()
#6 /home/rakib/ci4.rakahsan.online/system/CodeIgniter.php(919): App\Controllers\LoginController->loginauth()
#7 /home/rakib/ci4.rakahsan.online/system/CodeIgniter.php(494): CodeIgniter\CodeIgniter->runController()
#8 /home/rakib/ci4.rakahsan.online/system/CodeIgniter.php(353): CodeIgniter\CodeIgniter->handleRequest()
#9 /home/rakib/ci4.rakahsan.online/index.php(79): CodeIgniter\CodeIgniter->run()
#10 {main}
CRITICAL - 2024-02-19 17:51:42 --> Unable to connect to the database.
Main connection [MySQLi]: Too many connections
in SYSTEMPATH/Database/BaseConnection.php on line 427.
 1 SYSTEMPATH/Database/BaseConnection.php(574): CodeIgniter\Database\BaseConnection->initialize()
 2 SYSTEMPATH/Database/BaseBuilder.php(1615): CodeIgniter\Database\BaseConnection->query()
 3 SYSTEMPATH/Model.php(264): CodeIgniter\Database\BaseBuilder->get()
 4 SYSTEMPATH/BaseModel.php(662): CodeIgniter\Model->doFirst()
 5 APPPATH/Controllers/LoginController.php(130): CodeIgniter\BaseModel->first()
 6 SYSTEMPATH/CodeIgniter.php(919): App\Controllers\LoginController->loginauth()
 7 SYSTEMPATH/CodeIgniter.php(494): CodeIgniter\CodeIgniter->runController()
 8 SYSTEMPATH/CodeIgniter.php(353): CodeIgniter\CodeIgniter->handleRequest()
 9 FCPATH/index.php(79): CodeIgniter\CodeIgniter->run()
ERROR - 2024-02-19 17:51:52 --> Error connecting to the database: mysqli_sql_exception: Too many connections in /home/rakib/ci4.rakahsan.online/system/Database/MySQLi/Connection.php:184
Stack trace:
#0 /home/rakib/ci4.rakahsan.online/system/Database/MySQLi/Connection.php(184): mysqli->real_connect()
#1 /home/rakib/ci4.rakahsan.online/system/Database/BaseConnection.php(391): CodeIgniter\Database\MySQLi\Connection->connect()
#2 /home/rakib/ci4.rakahsan.online/system/Database/BaseConnection.php(574): CodeIgniter\Database\BaseConnection->initialize()
#3 /home/rakib/ci4.rakahsan.online/system/Database/BaseBuilder.php(1615): CodeIgniter\Database\BaseConnection->query()
#4 /home/rakib/ci4.rakahsan.online/system/Model.php(264): CodeIgniter\Database\BaseBuilder->get()
#5 /home/rakib/ci4.rakahsan.online/system/BaseModel.php(662): CodeIgniter\Model->doFirst()
#6 /home/rakib/ci4.rakahsan.online/app/Controllers/LoginController.php(130): CodeIgniter\BaseModel->first()
#7 /home/rakib/ci4.rakahsan.online/system/CodeIgniter.php(919): App\Controllers\LoginController->loginauth()
#8 /home/rakib/ci4.rakahsan.online/system/CodeIgniter.php(494): CodeIgniter\CodeIgniter->runController()
#9 /home/rakib/ci4.rakahsan.online/system/CodeIgniter.php(353): CodeIgniter\CodeIgniter->handleRequest()
#10 /home/rakib/ci4.rakahsan.online/index.php(79): CodeIgniter\CodeIgniter->run()
#11 {main}

Next CodeIgniter\Database\Exceptions\DatabaseException: Too many connections in /home/rakib/ci4.rakahsan.online/system/Database/MySQLi/Connection.php:229
Stack trace:
#0 /home/rakib/ci4.rakahsan.online/system/Database/BaseConnection.php(391): CodeIgniter\Database\MySQLi\Connection->connect()
#1 /home/rakib/ci4.rakahsan.online/system/Database/BaseConnection.php(574): CodeIgniter\Database\BaseConnection->initialize()
#2 /home/rakib/ci4.rakahsan.online/system/Database/BaseBuilder.php(1615): CodeIgniter\Database\BaseConnection->query()
#3 /home/rakib/ci4.rakahsan.online/system/Model.php(264): CodeIgniter\Database\BaseBuilder->get()
#4 /home/rakib/ci4.rakahsan.online/system/BaseModel.php(662): CodeIgniter\Model->doFirst()
#5 /home/rakib/ci4.rakahsan.online/app/Controllers/LoginController.php(130): CodeIgniter\BaseModel->first()
#6 /home/rakib/ci4.rakahsan.online/system/CodeIgniter.php(919): App\Controllers\LoginController->loginauth()
#7 /home/rakib/ci4.rakahsan.online/system/CodeIgniter.php(494): CodeIgniter\CodeIgniter->runController()
#8 /home/rakib/ci4.rakahsan.online/system/CodeIgniter.php(353): CodeIgniter\CodeIgniter->handleRequest()
#9 /home/rakib/ci4.rakahsan.online/index.php(79): CodeIgniter\CodeIgniter->run()
#10 {main}
CRITICAL - 2024-02-19 17:51:52 --> Unable to connect to the database.
Main connection [MySQLi]: Too many connections
in SYSTEMPATH/Database/BaseConnection.php on line 427.
 1 SYSTEMPATH/Database/BaseConnection.php(574): CodeIgniter\Database\BaseConnection->initialize()
 2 SYSTEMPATH/Database/BaseBuilder.php(1615): CodeIgniter\Database\BaseConnection->query()
 3 SYSTEMPATH/Model.php(264): CodeIgniter\Database\BaseBuilder->get()
 4 SYSTEMPATH/BaseModel.php(662): CodeIgniter\Model->doFirst()
 5 APPPATH/Controllers/LoginController.php(130): CodeIgniter\BaseModel->first()
 6 SYSTEMPATH/CodeIgniter.php(919): App\Controllers\LoginController->loginauth()
 7 SYSTEMPATH/CodeIgniter.php(494): CodeIgniter\CodeIgniter->runController()
 8 SYSTEMPATH/CodeIgniter.php(353): CodeIgniter\CodeIgniter->handleRequest()
 9 FCPATH/index.php(79): CodeIgniter\CodeIgniter->run()
ERROR - 2024-02-19 17:51:57 --> Error connecting to the database: mysqli_sql_exception: Too many connections in /home/rakib/ci4.rakahsan.online/system/Database/MySQLi/Connection.php:184
Stack trace:
#0 /home/rakib/ci4.rakahsan.online/system/Database/MySQLi/Connection.php(184): mysqli->real_connect()
#1 /home/rakib/ci4.rakahsan.online/system/Database/BaseConnection.php(391): CodeIgniter\Database\MySQLi\Connection->connect()
#2 /home/rakib/ci4.rakahsan.online/system/Database/BaseConnection.php(574): CodeIgniter\Database\BaseConnection->initialize()
#3 /home/rakib/ci4.rakahsan.online/system/Database/BaseBuilder.php(1615): CodeIgniter\Database\BaseConnection->query()
#4 /home/rakib/ci4.rakahsan.online/system/Model.php(264): CodeIgniter\Database\BaseBuilder->get()
#5 /home/rakib/ci4.rakahsan.online/system/BaseModel.php(662): CodeIgniter\Model->doFirst()
#6 /home/rakib/ci4.rakahsan.online/app/Controllers/LoginController.php(130): CodeIgniter\BaseModel->first()
#7 /home/rakib/ci4.rakahsan.online/system/CodeIgniter.php(919): App\Controllers\LoginController->loginauth()
#8 /home/rakib/ci4.rakahsan.online/system/CodeIgniter.php(494): CodeIgniter\CodeIgniter->runController()
#9 /home/rakib/ci4.rakahsan.online/system/CodeIgniter.php(353): CodeIgniter\CodeIgniter->handleRequest()
#10 /home/rakib/ci4.rakahsan.online/index.php(79): CodeIgniter\CodeIgniter->run()
#11 {main}

Next CodeIgniter\Database\Exceptions\DatabaseException: Too many connections in /home/rakib/ci4.rakahsan.online/system/Database/MySQLi/Connection.php:229
Stack trace:
#0 /home/rakib/ci4.rakahsan.online/system/Database/BaseConnection.php(391): CodeIgniter\Database\MySQLi\Connection->connect()
#1 /home/rakib/ci4.rakahsan.online/system/Database/BaseConnection.php(574): CodeIgniter\Database\BaseConnection->initialize()
#2 /home/rakib/ci4.rakahsan.online/system/Database/BaseBuilder.php(1615): CodeIgniter\Database\BaseConnection->query()
#3 /home/rakib/ci4.rakahsan.online/system/Model.php(264): CodeIgniter\Database\BaseBuilder->get()
#4 /home/rakib/ci4.rakahsan.online/system/BaseModel.php(662): CodeIgniter\Model->doFirst()
#5 /home/rakib/ci4.rakahsan.online/app/Controllers/LoginController.php(130): CodeIgniter\BaseModel->first()
#6 /home/rakib/ci4.rakahsan.online/system/CodeIgniter.php(919): App\Controllers\LoginController->loginauth()
#7 /home/rakib/ci4.rakahsan.online/system/CodeIgniter.php(494): CodeIgniter\CodeIgniter->runController()
#8 /home/rakib/ci4.rakahsan.online/system/CodeIgniter.php(353): CodeIgniter\CodeIgniter->handleRequest()
#9 /home/rakib/ci4.rakahsan.online/index.php(79): CodeIgniter\CodeIgniter->run()
#10 {main}
CRITICAL - 2024-02-19 17:51:57 --> Unable to connect to the database.
Main connection [MySQLi]: Too many connections
in SYSTEMPATH/Database/BaseConnection.php on line 427.
 1 SYSTEMPATH/Database/BaseConnection.php(574): CodeIgniter\Database\BaseConnection->initialize()
 2 SYSTEMPATH/Database/BaseBuilder.php(1615): CodeIgniter\Database\BaseConnection->query()
 3 SYSTEMPATH/Model.php(264): CodeIgniter\Database\BaseBuilder->get()
 4 SYSTEMPATH/BaseModel.php(662): CodeIgniter\Model->doFirst()
 5 APPPATH/Controllers/LoginController.php(130): CodeIgniter\BaseModel->first()
 6 SYSTEMPATH/CodeIgniter.php(919): App\Controllers\LoginController->loginauth()
 7 SYSTEMPATH/CodeIgniter.php(494): CodeIgniter\CodeIgniter->runController()
 8 SYSTEMPATH/CodeIgniter.php(353): CodeIgniter\CodeIgniter->handleRequest()
 9 FCPATH/index.php(79): CodeIgniter\CodeIgniter->run()
ERROR - 2024-02-19 17:52:00 --> Error connecting to the database: mysqli_sql_exception: Too many connections in /home/rakib/ci4.rakahsan.online/system/Database/MySQLi/Connection.php:184
Stack trace:
#0 /home/rakib/ci4.rakahsan.online/system/Database/MySQLi/Connection.php(184): mysqli->real_connect()
#1 /home/rakib/ci4.rakahsan.online/system/Database/BaseConnection.php(391): CodeIgniter\Database\MySQLi\Connection->connect()
#2 /home/rakib/ci4.rakahsan.online/system/Database/BaseConnection.php(574): CodeIgniter\Database\BaseConnection->initialize()
#3 /home/rakib/ci4.rakahsan.online/system/Database/BaseBuilder.php(1615): CodeIgniter\Database\BaseConnection->query()
#4 /home/rakib/ci4.rakahsan.online/system/Model.php(264): CodeIgniter\Database\BaseBuilder->get()
#5 /home/rakib/ci4.rakahsan.online/system/BaseModel.php(662): CodeIgniter\Model->doFirst()
#6 /home/rakib/ci4.rakahsan.online/app/Controllers/LoginController.php(130): CodeIgniter\BaseModel->first()
#7 /home/rakib/ci4.rakahsan.online/system/CodeIgniter.php(919): App\Controllers\LoginController->loginauth()
#8 /home/rakib/ci4.rakahsan.online/system/CodeIgniter.php(494): CodeIgniter\CodeIgniter->runController()
#9 /home/rakib/ci4.rakahsan.online/system/CodeIgniter.php(353): CodeIgniter\CodeIgniter->handleRequest()
#10 /home/rakib/ci4.rakahsan.online/index.php(79): CodeIgniter\CodeIgniter->run()
#11 {main}

Next CodeIgniter\Database\Exceptions\DatabaseException: Too many connections in /home/rakib/ci4.rakahsan.online/system/Database/MySQLi/Connection.php:229
Stack trace:
#0 /home/rakib/ci4.rakahsan.online/system/Database/BaseConnection.php(391): CodeIgniter\Database\MySQLi\Connection->connect()
#1 /home/rakib/ci4.rakahsan.online/system/Database/BaseConnection.php(574): CodeIgniter\Database\BaseConnection->initialize()
#2 /home/rakib/ci4.rakahsan.online/system/Database/BaseBuilder.php(1615): CodeIgniter\Database\BaseConnection->query()
#3 /home/rakib/ci4.rakahsan.online/system/Model.php(264): CodeIgniter\Database\BaseBuilder->get()
#4 /home/rakib/ci4.rakahsan.online/system/BaseModel.php(662): CodeIgniter\Model->doFirst()
#5 /home/rakib/ci4.rakahsan.online/app/Controllers/LoginController.php(130): CodeIgniter\BaseModel->first()
#6 /home/rakib/ci4.rakahsan.online/system/CodeIgniter.php(919): App\Controllers\LoginController->loginauth()
#7 /home/rakib/ci4.rakahsan.online/system/CodeIgniter.php(494): CodeIgniter\CodeIgniter->runController()
#8 /home/rakib/ci4.rakahsan.online/system/CodeIgniter.php(353): CodeIgniter\CodeIgniter->handleRequest()
#9 /home/rakib/ci4.rakahsan.online/index.php(79): CodeIgniter\CodeIgniter->run()
#10 {main}
CRITICAL - 2024-02-19 17:52:00 --> Unable to connect to the database.
Main connection [MySQLi]: Too many connections
in SYSTEMPATH/Database/BaseConnection.php on line 427.
 1 SYSTEMPATH/Database/BaseConnection.php(574): CodeIgniter\Database\BaseConnection->initialize()
 2 SYSTEMPATH/Database/BaseBuilder.php(1615): CodeIgniter\Database\BaseConnection->query()
 3 SYSTEMPATH/Model.php(264): CodeIgniter\Database\BaseBuilder->get()
 4 SYSTEMPATH/BaseModel.php(662): CodeIgniter\Model->doFirst()
 5 APPPATH/Controllers/LoginController.php(130): CodeIgniter\BaseModel->first()
 6 SYSTEMPATH/CodeIgniter.php(919): App\Controllers\LoginController->loginauth()
 7 SYSTEMPATH/CodeIgniter.php(494): CodeIgniter\CodeIgniter->runController()
 8 SYSTEMPATH/CodeIgniter.php(353): CodeIgniter\CodeIgniter->handleRequest()
 9 FCPATH/index.php(79): CodeIgniter\CodeIgniter->run()
ERROR - 2024-02-19 18:17:12 --> Error connecting to the database: mysqli_sql_exception: Too many connections in /home/rakib/ci4.rakahsan.online/system/Database/MySQLi/Connection.php:184
Stack trace:
#0 /home/rakib/ci4.rakahsan.online/system/Database/MySQLi/Connection.php(184): mysqli->real_connect()
#1 /home/rakib/ci4.rakahsan.online/system/Database/BaseConnection.php(391): CodeIgniter\Database\MySQLi\Connection->connect()
#2 /home/rakib/ci4.rakahsan.online/system/Database/BaseConnection.php(574): CodeIgniter\Database\BaseConnection->initialize()
#3 /home/rakib/ci4.rakahsan.online/system/Database/BaseBuilder.php(1615): CodeIgniter\Database\BaseConnection->query()
#4 /home/rakib/ci4.rakahsan.online/system/Model.php(237): CodeIgniter\Database\BaseBuilder->get()
#5 /home/rakib/ci4.rakahsan.online/system/BaseModel.php(624): CodeIgniter\Model->doFindAll()
#6 /home/rakib/ci4.rakahsan.online/app/Controllers/Home.php(19): CodeIgniter\BaseModel->findAll()
#7 /home/rakib/ci4.rakahsan.online/system/CodeIgniter.php(919): App\Controllers\Home->index()
#8 /home/rakib/ci4.rakahsan.online/system/CodeIgniter.php(494): CodeIgniter\CodeIgniter->runController()
#9 /home/rakib/ci4.rakahsan.online/system/CodeIgniter.php(353): CodeIgniter\CodeIgniter->handleRequest()
#10 /home/rakib/ci4.rakahsan.online/index.php(79): CodeIgniter\CodeIgniter->run()
#11 {main}

Next CodeIgniter\Database\Exceptions\DatabaseException: Too many connections in /home/rakib/ci4.rakahsan.online/system/Database/MySQLi/Connection.php:229
Stack trace:
#0 /home/rakib/ci4.rakahsan.online/system/Database/BaseConnection.php(391): CodeIgniter\Database\MySQLi\Connection->connect()
#1 /home/rakib/ci4.rakahsan.online/system/Database/BaseConnection.php(574): CodeIgniter\Database\BaseConnection->initialize()
#2 /home/rakib/ci4.rakahsan.online/system/Database/BaseBuilder.php(1615): CodeIgniter\Database\BaseConnection->query()
#3 /home/rakib/ci4.rakahsan.online/system/Model.php(237): CodeIgniter\Database\BaseBuilder->get()
#4 /home/rakib/ci4.rakahsan.online/system/BaseModel.php(624): CodeIgniter\Model->doFindAll()
#5 /home/rakib/ci4.rakahsan.online/app/Controllers/Home.php(19): CodeIgniter\BaseModel->findAll()
#6 /home/rakib/ci4.rakahsan.online/system/CodeIgniter.php(919): App\Controllers\Home->index()
#7 /home/rakib/ci4.rakahsan.online/system/CodeIgniter.php(494): CodeIgniter\CodeIgniter->runController()
#8 /home/rakib/ci4.rakahsan.online/system/CodeIgniter.php(353): CodeIgniter\CodeIgniter->handleRequest()
#9 /home/rakib/ci4.rakahsan.online/index.php(79): CodeIgniter\CodeIgniter->run()
#10 {main}
CRITICAL - 2024-02-19 18:17:12 --> Unable to connect to the database.
Main connection [MySQLi]: Too many connections
in SYSTEMPATH/Database/BaseConnection.php on line 427.
 1 SYSTEMPATH/Database/BaseConnection.php(574): CodeIgniter\Database\BaseConnection->initialize()
 2 SYSTEMPATH/Database/BaseBuilder.php(1615): CodeIgniter\Database\BaseConnection->query()
 3 SYSTEMPATH/Model.php(237): CodeIgniter\Database\BaseBuilder->get()
 4 SYSTEMPATH/BaseModel.php(624): CodeIgniter\Model->doFindAll()
 5 APPPATH/Controllers/Home.php(19): CodeIgniter\BaseModel->findAll()
 6 SYSTEMPATH/CodeIgniter.php(919): App\Controllers\Home->index()
 7 SYSTEMPATH/CodeIgniter.php(494): CodeIgniter\CodeIgniter->runController()
 8 SYSTEMPATH/CodeIgniter.php(353): CodeIgniter\CodeIgniter->handleRequest()
 9 FCPATH/index.php(79): CodeIgniter\CodeIgniter->run()
ERROR - 2024-02-19 18:17:15 --> Error connecting to the database: mysqli_sql_exception: Too many connections in /home/rakib/ci4.rakahsan.online/system/Database/MySQLi/Connection.php:184
Stack trace:
#0 /home/rakib/ci4.rakahsan.online/system/Database/MySQLi/Connection.php(184): mysqli->real_connect()
#1 /home/rakib/ci4.rakahsan.online/system/Database/BaseConnection.php(391): CodeIgniter\Database\MySQLi\Connection->connect()
#2 /home/rakib/ci4.rakahsan.online/system/Database/BaseConnection.php(574): CodeIgniter\Database\BaseConnection->initialize()
#3 /home/rakib/ci4.rakahsan.online/system/Database/BaseBuilder.php(1615): CodeIgniter\Database\BaseConnection->query()
#4 /home/rakib/ci4.rakahsan.online/system/Model.php(237): CodeIgniter\Database\BaseBuilder->get()
#5 /home/rakib/ci4.rakahsan.online/system/BaseModel.php(624): CodeIgniter\Model->doFindAll()
#6 /home/rakib/ci4.rakahsan.online/app/Controllers/Home.php(19): CodeIgniter\BaseModel->findAll()
#7 /home/rakib/ci4.rakahsan.online/system/CodeIgniter.php(919): App\Controllers\Home->index()
#8 /home/rakib/ci4.rakahsan.online/system/CodeIgniter.php(494): CodeIgniter\CodeIgniter->runController()
#9 /home/rakib/ci4.rakahsan.online/system/CodeIgniter.php(353): CodeIgniter\CodeIgniter->handleRequest()
#10 /home/rakib/ci4.rakahsan.online/index.php(79): CodeIgniter\CodeIgniter->run()
#11 {main}

Next CodeIgniter\Database\Exceptions\DatabaseException: Too many connections in /home/rakib/ci4.rakahsan.online/system/Database/MySQLi/Connection.php:229
Stack trace:
#0 /home/rakib/ci4.rakahsan.online/system/Database/BaseConnection.php(391): CodeIgniter\Database\MySQLi\Connection->connect()
#1 /home/rakib/ci4.rakahsan.online/system/Database/BaseConnection.php(574): CodeIgniter\Database\BaseConnection->initialize()
#2 /home/rakib/ci4.rakahsan.online/system/Database/BaseBuilder.php(1615): CodeIgniter\Database\BaseConnection->query()
#3 /home/rakib/ci4.rakahsan.online/system/Model.php(237): CodeIgniter\Database\BaseBuilder->get()
#4 /home/rakib/ci4.rakahsan.online/system/BaseModel.php(624): CodeIgniter\Model->doFindAll()
#5 /home/rakib/ci4.rakahsan.online/app/Controllers/Home.php(19): CodeIgniter\BaseModel->findAll()
#6 /home/rakib/ci4.rakahsan.online/system/CodeIgniter.php(919): App\Controllers\Home->index()
#7 /home/rakib/ci4.rakahsan.online/system/CodeIgniter.php(494): CodeIgniter\CodeIgniter->runController()
#8 /home/rakib/ci4.rakahsan.online/system/CodeIgniter.php(353): CodeIgniter\CodeIgniter->handleRequest()
#9 /home/rakib/ci4.rakahsan.online/index.php(79): CodeIgniter\CodeIgniter->run()
#10 {main}
CRITICAL - 2024-02-19 18:17:15 --> Unable to connect to the database.
Main connection [MySQLi]: Too many connections
in SYSTEMPATH/Database/BaseConnection.php on line 427.
 1 SYSTEMPATH/Database/BaseConnection.php(574): CodeIgniter\Database\BaseConnection->initialize()
 2 SYSTEMPATH/Database/BaseBuilder.php(1615): CodeIgniter\Database\BaseConnection->query()
 3 SYSTEMPATH/Model.php(237): CodeIgniter\Database\BaseBuilder->get()
 4 SYSTEMPATH/BaseModel.php(624): CodeIgniter\Model->doFindAll()
 5 APPPATH/Controllers/Home.php(19): CodeIgniter\BaseModel->findAll()
 6 SYSTEMPATH/CodeIgniter.php(919): App\Controllers\Home->index()
 7 SYSTEMPATH/CodeIgniter.php(494): CodeIgniter\CodeIgniter->runController()
 8 SYSTEMPATH/CodeIgniter.php(353): CodeIgniter\CodeIgniter->handleRequest()
 9 FCPATH/index.php(79): CodeIgniter\CodeIgniter->run()
ERROR - 2024-02-19 18:17:16 --> Error connecting to the database: mysqli_sql_exception: Too many connections in /home/rakib/ci4.rakahsan.online/system/Database/MySQLi/Connection.php:184
Stack trace:
#0 /home/rakib/ci4.rakahsan.online/system/Database/MySQLi/Connection.php(184): mysqli->real_connect()
#1 /home/rakib/ci4.rakahsan.online/system/Database/BaseConnection.php(391): CodeIgniter\Database\MySQLi\Connection->connect()
#2 /home/rakib/ci4.rakahsan.online/system/Database/BaseConnection.php(574): CodeIgniter\Database\BaseConnection->initialize()
#3 /home/rakib/ci4.rakahsan.online/system/Database/BaseBuilder.php(1615): CodeIgniter\Database\BaseConnection->query()
#4 /home/rakib/ci4.rakahsan.online/system/Model.php(237): CodeIgniter\Database\BaseBuilder->get()
#5 /home/rakib/ci4.rakahsan.online/system/BaseModel.php(624): CodeIgniter\Model->doFindAll()
#6 /home/rakib/ci4.rakahsan.online/app/Controllers/Home.php(19): CodeIgniter\BaseModel->findAll()
#7 /home/rakib/ci4.rakahsan.online/system/CodeIgniter.php(919): App\Controllers\Home->index()
#8 /home/rakib/ci4.rakahsan.online/system/CodeIgniter.php(494): CodeIgniter\CodeIgniter->runController()
#9 /home/rakib/ci4.rakahsan.online/system/CodeIgniter.php(353): CodeIgniter\CodeIgniter->handleRequest()
#10 /home/rakib/ci4.rakahsan.online/index.php(79): CodeIgniter\CodeIgniter->run()
#11 {main}

Next CodeIgniter\Database\Exceptions\DatabaseException: Too many connections in /home/rakib/ci4.rakahsan.online/system/Database/MySQLi/Connection.php:229
Stack trace:
#0 /home/rakib/ci4.rakahsan.online/system/Database/BaseConnection.php(391): CodeIgniter\Database\MySQLi\Connection->connect()
#1 /home/rakib/ci4.rakahsan.online/system/Database/BaseConnection.php(574): CodeIgniter\Database\BaseConnection->initialize()
#2 /home/rakib/ci4.rakahsan.online/system/Database/BaseBuilder.php(1615): CodeIgniter\Database\BaseConnection->query()
#3 /home/rakib/ci4.rakahsan.online/system/Model.php(237): CodeIgniter\Database\BaseBuilder->get()
#4 /home/rakib/ci4.rakahsan.online/system/BaseModel.php(624): CodeIgniter\Model->doFindAll()
#5 /home/rakib/ci4.rakahsan.online/app/Controllers/Home.php(19): CodeIgniter\BaseModel->findAll()
#6 /home/rakib/ci4.rakahsan.online/system/CodeIgniter.php(919): App\Controllers\Home->index()
#7 /home/rakib/ci4.rakahsan.online/system/CodeIgniter.php(494): CodeIgniter\CodeIgniter->runController()
#8 /home/rakib/ci4.rakahsan.online/system/CodeIgniter.php(353): CodeIgniter\CodeIgniter->handleRequest()
#9 /home/rakib/ci4.rakahsan.online/index.php(79): CodeIgniter\CodeIgniter->run()
#10 {main}
CRITICAL - 2024-02-19 18:17:16 --> Unable to connect to the database.
Main connection [MySQLi]: Too many connections
in SYSTEMPATH/Database/BaseConnection.php on line 427.
 1 SYSTEMPATH/Database/BaseConnection.php(574): CodeIgniter\Database\BaseConnection->initialize()
 2 SYSTEMPATH/Database/BaseBuilder.php(1615): CodeIgniter\Database\BaseConnection->query()
 3 SYSTEMPATH/Model.php(237): CodeIgniter\Database\BaseBuilder->get()
 4 SYSTEMPATH/BaseModel.php(624): CodeIgniter\Model->doFindAll()
 5 APPPATH/Controllers/Home.php(19): CodeIgniter\BaseModel->findAll()
 6 SYSTEMPATH/CodeIgniter.php(919): App\Controllers\Home->index()
 7 SYSTEMPATH/CodeIgniter.php(494): CodeIgniter\CodeIgniter->runController()
 8 SYSTEMPATH/CodeIgniter.php(353): CodeIgniter\CodeIgniter->handleRequest()
 9 FCPATH/index.php(79): CodeIgniter\CodeIgniter->run()
ERROR - 2024-02-19 18:17:27 --> Error connecting to the database: mysqli_sql_exception: Too many connections in /home/rakib/ci4.rakahsan.online/system/Database/MySQLi/Connection.php:184
Stack trace:
#0 /home/rakib/ci4.rakahsan.online/system/Database/MySQLi/Connection.php(184): mysqli->real_connect()
#1 /home/rakib/ci4.rakahsan.online/system/Database/BaseConnection.php(391): CodeIgniter\Database\MySQLi\Connection->connect()
#2 /home/rakib/ci4.rakahsan.online/system/Database/BaseConnection.php(574): CodeIgniter\Database\BaseConnection->initialize()
#3 /home/rakib/ci4.rakahsan.online/system/Database/BaseBuilder.php(1615): CodeIgniter\Database\BaseConnection->query()
#4 /home/rakib/ci4.rakahsan.online/system/Model.php(264): CodeIgniter\Database\BaseBuilder->get()
#5 /home/rakib/ci4.rakahsan.online/system/BaseModel.php(662): CodeIgniter\Model->doFirst()
#6 /home/rakib/ci4.rakahsan.online/app/Controllers/LoginController.php(130): CodeIgniter\BaseModel->first()
#7 /home/rakib/ci4.rakahsan.online/system/CodeIgniter.php(919): App\Controllers\LoginController->loginauth()
#8 /home/rakib/ci4.rakahsan.online/system/CodeIgniter.php(494): CodeIgniter\CodeIgniter->runController()
#9 /home/rakib/ci4.rakahsan.online/system/CodeIgniter.php(353): CodeIgniter\CodeIgniter->handleRequest()
#10 /home/rakib/ci4.rakahsan.online/index.php(79): CodeIgniter\CodeIgniter->run()
#11 {main}

Next CodeIgniter\Database\Exceptions\DatabaseException: Too many connections in /home/rakib/ci4.rakahsan.online/system/Database/MySQLi/Connection.php:229
Stack trace:
#0 /home/rakib/ci4.rakahsan.online/system/Database/BaseConnection.php(391): CodeIgniter\Database\MySQLi\Connection->connect()
#1 /home/rakib/ci4.rakahsan.online/system/Database/BaseConnection.php(574): CodeIgniter\Database\BaseConnection->initialize()
#2 /home/rakib/ci4.rakahsan.online/system/Database/BaseBuilder.php(1615): CodeIgniter\Database\BaseConnection->query()
#3 /home/rakib/ci4.rakahsan.online/system/Model.php(264): CodeIgniter\Database\BaseBuilder->get()
#4 /home/rakib/ci4.rakahsan.online/system/BaseModel.php(662): CodeIgniter\Model->doFirst()
#5 /home/rakib/ci4.rakahsan.online/app/Controllers/LoginController.php(130): CodeIgniter\BaseModel->first()
#6 /home/rakib/ci4.rakahsan.online/system/CodeIgniter.php(919): App\Controllers\LoginController->loginauth()
#7 /home/rakib/ci4.rakahsan.online/system/CodeIgniter.php(494): CodeIgniter\CodeIgniter->runController()
#8 /home/rakib/ci4.rakahsan.online/system/CodeIgniter.php(353): CodeIgniter\CodeIgniter->handleRequest()
#9 /home/rakib/ci4.rakahsan.online/index.php(79): CodeIgniter\CodeIgniter->run()
#10 {main}
CRITICAL - 2024-02-19 18:17:27 --> Unable to connect to the database.
Main connection [MySQLi]: Too many connections
in SYSTEMPATH/Database/BaseConnection.php on line 427.
 1 SYSTEMPATH/Database/BaseConnection.php(574): CodeIgniter\Database\BaseConnection->initialize()
 2 SYSTEMPATH/Database/BaseBuilder.php(1615): CodeIgniter\Database\BaseConnection->query()
 3 SYSTEMPATH/Model.php(264): CodeIgniter\Database\BaseBuilder->get()
 4 SYSTEMPATH/BaseModel.php(662): CodeIgniter\Model->doFirst()
 5 APPPATH/Controllers/LoginController.php(130): CodeIgniter\BaseModel->first()
 6 SYSTEMPATH/CodeIgniter.php(919): App\Controllers\LoginController->loginauth()
 7 SYSTEMPATH/CodeIgniter.php(494): CodeIgniter\CodeIgniter->runController()
 8 SYSTEMPATH/CodeIgniter.php(353): CodeIgniter\CodeIgniter->handleRequest()
 9 FCPATH/index.php(79): CodeIgniter\CodeIgniter->run()
ERROR - 2024-02-19 18:23:37 --> Error connecting to the database: mysqli_sql_exception: Too many connections in /home/rakib/ci4.rakahsan.online/system/Database/MySQLi/Connection.php:184
Stack trace:
#0 /home/rakib/ci4.rakahsan.online/system/Database/MySQLi/Connection.php(184): mysqli->real_connect()
#1 /home/rakib/ci4.rakahsan.online/system/Database/BaseConnection.php(391): CodeIgniter\Database\MySQLi\Connection->connect()
#2 /home/rakib/ci4.rakahsan.online/system/Database/BaseConnection.php(574): CodeIgniter\Database\BaseConnection->initialize()
#3 /home/rakib/ci4.rakahsan.online/system/Database/BaseBuilder.php(1699): CodeIgniter\Database\BaseConnection->query()
#4 /home/rakib/ci4.rakahsan.online/system/Model.php(599): CodeIgniter\Database\BaseBuilder->countAllResults()
#5 /home/rakib/ci4.rakahsan.online/app/Controllers/Home.php(176): CodeIgniter\Model->countAllResults()
#6 /home/rakib/ci4.rakahsan.online/system/CodeIgniter.php(919): App\Controllers\Home->chadash()
#7 /home/rakib/ci4.rakahsan.online/system/CodeIgniter.php(494): CodeIgniter\CodeIgniter->runController()
#8 /home/rakib/ci4.rakahsan.online/system/CodeIgniter.php(353): CodeIgniter\CodeIgniter->handleRequest()
#9 /home/rakib/ci4.rakahsan.online/index.php(79): CodeIgniter\CodeIgniter->run()
#10 {main}

Next CodeIgniter\Database\Exceptions\DatabaseException: Too many connections in /home/rakib/ci4.rakahsan.online/system/Database/MySQLi/Connection.php:229
Stack trace:
#0 /home/rakib/ci4.rakahsan.online/system/Database/BaseConnection.php(391): CodeIgniter\Database\MySQLi\Connection->connect()
#1 /home/rakib/ci4.rakahsan.online/system/Database/BaseConnection.php(574): CodeIgniter\Database\BaseConnection->initialize()
#2 /home/rakib/ci4.rakahsan.online/system/Database/BaseBuilder.php(1699): CodeIgniter\Database\BaseConnection->query()
#3 /home/rakib/ci4.rakahsan.online/system/Model.php(599): CodeIgniter\Database\BaseBuilder->countAllResults()
#4 /home/rakib/ci4.rakahsan.online/app/Controllers/Home.php(176): CodeIgniter\Model->countAllResults()
#5 /home/rakib/ci4.rakahsan.online/system/CodeIgniter.php(919): App\Controllers\Home->chadash()
#6 /home/rakib/ci4.rakahsan.online/system/CodeIgniter.php(494): CodeIgniter\CodeIgniter->runController()
#7 /home/rakib/ci4.rakahsan.online/system/CodeIgniter.php(353): CodeIgniter\CodeIgniter->handleRequest()
#8 /home/rakib/ci4.rakahsan.online/index.php(79): CodeIgniter\CodeIgniter->run()
#9 {main}
CRITICAL - 2024-02-19 18:23:37 --> Unable to connect to the database.
Main connection [MySQLi]: Too many connections
in SYSTEMPATH/Database/BaseConnection.php on line 427.
 1 SYSTEMPATH/Database/BaseConnection.php(574): CodeIgniter\Database\BaseConnection->initialize()
 2 SYSTEMPATH/Database/BaseBuilder.php(1699): CodeIgniter\Database\BaseConnection->query()
 3 SYSTEMPATH/Model.php(599): CodeIgniter\Database\BaseBuilder->countAllResults()
 4 APPPATH/Controllers/Home.php(176): CodeIgniter\Model->countAllResults()
 5 SYSTEMPATH/CodeIgniter.php(919): App\Controllers\Home->chadash()
 6 SYSTEMPATH/CodeIgniter.php(494): CodeIgniter\CodeIgniter->runController()
 7 SYSTEMPATH/CodeIgniter.php(353): CodeIgniter\CodeIgniter->handleRequest()
 8 FCPATH/index.php(79): CodeIgniter\CodeIgniter->run()
ERROR - 2024-02-19 18:24:01 --> Error connecting to the database: mysqli_sql_exception: Too many connections in /home/rakib/ci4.rakahsan.online/system/Database/MySQLi/Connection.php:184
Stack trace:
#0 /home/rakib/ci4.rakahsan.online/system/Database/MySQLi/Connection.php(184): mysqli->real_connect()
#1 /home/rakib/ci4.rakahsan.online/system/Database/BaseConnection.php(391): CodeIgniter\Database\MySQLi\Connection->connect()
#2 /home/rakib/ci4.rakahsan.online/system/Database/BaseConnection.php(574): CodeIgniter\Database\BaseConnection->initialize()
#3 /home/rakib/ci4.rakahsan.online/system/Database/BaseBuilder.php(1699): CodeIgniter\Database\BaseConnection->query()
#4 /home/rakib/ci4.rakahsan.online/system/Model.php(599): CodeIgniter\Database\BaseBuilder->countAllResults()
#5 /home/rakib/ci4.rakahsan.online/app/Controllers/Home.php(176): CodeIgniter\Model->countAllResults()
#6 /home/rakib/ci4.rakahsan.online/system/CodeIgniter.php(919): App\Controllers\Home->chadash()
#7 /home/rakib/ci4.rakahsan.online/system/CodeIgniter.php(494): CodeIgniter\CodeIgniter->runController()
#8 /home/rakib/ci4.rakahsan.online/system/CodeIgniter.php(353): CodeIgniter\CodeIgniter->handleRequest()
#9 /home/rakib/ci4.rakahsan.online/index.php(79): CodeIgniter\CodeIgniter->run()
#10 {main}

Next CodeIgniter\Database\Exceptions\DatabaseException: Too many connections in /home/rakib/ci4.rakahsan.online/system/Database/MySQLi/Connection.php:229
Stack trace:
#0 /home/rakib/ci4.rakahsan.online/system/Database/BaseConnection.php(391): CodeIgniter\Database\MySQLi\Connection->connect()
#1 /home/rakib/ci4.rakahsan.online/system/Database/BaseConnection.php(574): CodeIgniter\Database\BaseConnection->initialize()
#2 /home/rakib/ci4.rakahsan.online/system/Database/BaseBuilder.php(1699): CodeIgniter\Database\BaseConnection->query()
#3 /home/rakib/ci4.rakahsan.online/system/Model.php(599): CodeIgniter\Database\BaseBuilder->countAllResults()
#4 /home/rakib/ci4.rakahsan.online/app/Controllers/Home.php(176): CodeIgniter\Model->countAllResults()
#5 /home/rakib/ci4.rakahsan.online/system/CodeIgniter.php(919): App\Controllers\Home->chadash()
#6 /home/rakib/ci4.rakahsan.online/system/CodeIgniter.php(494): CodeIgniter\CodeIgniter->runController()
#7 /home/rakib/ci4.rakahsan.online/system/CodeIgniter.php(353): CodeIgniter\CodeIgniter->handleRequest()
#8 /home/rakib/ci4.rakahsan.online/index.php(79): CodeIgniter\CodeIgniter->run()
#9 {main}
CRITICAL - 2024-02-19 18:24:01 --> Unable to connect to the database.
Main connection [MySQLi]: Too many connections
in SYSTEMPATH/Database/BaseConnection.php on line 427.
 1 SYSTEMPATH/Database/BaseConnection.php(574): CodeIgniter\Database\BaseConnection->initialize()
 2 SYSTEMPATH/Database/BaseBuilder.php(1699): CodeIgniter\Database\BaseConnection->query()
 3 SYSTEMPATH/Model.php(599): CodeIgniter\Database\BaseBuilder->countAllResults()
 4 APPPATH/Controllers/Home.php(176): CodeIgniter\Model->countAllResults()
 5 SYSTEMPATH/CodeIgniter.php(919): App\Controllers\Home->chadash()
 6 SYSTEMPATH/CodeIgniter.php(494): CodeIgniter\CodeIgniter->runController()
 7 SYSTEMPATH/CodeIgniter.php(353): CodeIgniter\CodeIgniter->handleRequest()
 8 FCPATH/index.php(79): CodeIgniter\CodeIgniter->run()
