CRITICAL - 2023-09-30 14:32:52 --> Invalid file: "viewuser.php"
in SYSTEMPATH\Exceptions\FrameworkException.php on line 39.
 1 SYSTEMPATH\View\View.php(214): CodeIgniter\Exceptions\FrameworkException::forInvalidFile('viewuser.php')
 2 SYSTEMPATH\Common.php(1188): CodeIgniter\View\View->render('viewuser', [], true)
 3 APPPATH\Controllers\LoginController.php(25): view('viewuser')
 4 SYSTEMPATH\CodeIgniter.php(919): App\Controllers\LoginController->fetchuser()
 5 SYSTEMPATH\CodeIgniter.php(494): CodeIgniter\CodeIgniter->runController(Object(App\Controllers\LoginController))
 6 SYSTEMPATH\CodeIgniter.php(353): CodeIgniter\CodeIgniter->handleRequest(null, Object(Config\Cache), false)
 7 FCPATH\index.php(79): CodeIgniter\CodeIgniter->run()
 8 SYSTEMPATH\Commands\Server\rewrite.php(47): require_once('D:\\xampp\\htdocs\\codeIgniter\\index.php')
CRITICAL - 2023-09-30 14:43:27 --> Undefined variable $user
in APPPATH\Views\pages\user\viewuser.php on line 17.
 1 APPPATH\Views\pages\user\viewuser.php(17): CodeIgniter\Debug\Exceptions->errorHandler(2, 'Undefined variable $user', 'D:\\xampp\\htdocs\\codeIgniter\\app\\Views\\pages\\user\\viewuser.php', 17)
 2 SYSTEMPATH\View\View.php(226): include('D:\\xampp\\htdocs\\codeIgniter\\app\\Views\\pages\\user\\viewuser.php')
 3 SYSTEMPATH\View\View.php(229): CodeIgniter\View\View->CodeIgniter\View\{closure}()
 4 SYSTEMPATH\Common.php(1188): CodeIgniter\View\View->render('pages/user/viewuser', [], true)
 5 APPPATH\Controllers\LoginController.php(25): view('pages/user/viewuser')
 6 SYSTEMPATH\CodeIgniter.php(919): App\Controllers\LoginController->fetchuser()
 7 SYSTEMPATH\CodeIgniter.php(494): CodeIgniter\CodeIgniter->runController(Object(App\Controllers\LoginController))
 8 SYSTEMPATH\CodeIgniter.php(353): CodeIgniter\CodeIgniter->handleRequest(null, Object(Config\Cache), false)
 9 FCPATH\index.php(79): CodeIgniter\CodeIgniter->run()
10 SYSTEMPATH\Commands\Server\rewrite.php(47): require_once('D:\\xampp\\htdocs\\codeIgniter\\index.php')
CRITICAL - 2023-09-30 14:44:50 --> Undefined variable $user
in APPPATH\Views\pages\user\viewuser.php on line 17.
 1 APPPATH\Views\pages\user\viewuser.php(17): CodeIgniter\Debug\Exceptions->errorHandler(2, 'Undefined variable $user', 'D:\\xampp\\htdocs\\codeIgniter\\app\\Views\\pages\\user\\viewuser.php', 17)
 2 SYSTEMPATH\View\View.php(226): include('D:\\xampp\\htdocs\\codeIgniter\\app\\Views\\pages\\user\\viewuser.php')
 3 SYSTEMPATH\View\View.php(229): CodeIgniter\View\View->CodeIgniter\View\{closure}()
 4 SYSTEMPATH\Common.php(1188): CodeIgniter\View\View->render('pages/user/viewuser', [], true)
 5 APPPATH\Controllers\LoginController.php(25): view('pages/user/viewuser')
 6 SYSTEMPATH\CodeIgniter.php(919): App\Controllers\LoginController->fetchuser()
 7 SYSTEMPATH\CodeIgniter.php(494): CodeIgniter\CodeIgniter->runController(Object(App\Controllers\LoginController))
 8 SYSTEMPATH\CodeIgniter.php(353): CodeIgniter\CodeIgniter->handleRequest(null, Object(Config\Cache), false)
 9 FCPATH\index.php(79): CodeIgniter\CodeIgniter->run()
10 SYSTEMPATH\Commands\Server\rewrite.php(47): require_once('D:\\xampp\\htdocs\\codeIgniter\\index.php')
CRITICAL - 2023-09-30 14:44:51 --> Undefined variable $user
in APPPATH\Views\pages\user\viewuser.php on line 17.
 1 APPPATH\Views\pages\user\viewuser.php(17): CodeIgniter\Debug\Exceptions->errorHandler(2, 'Undefined variable $user', 'D:\\xampp\\htdocs\\codeIgniter\\app\\Views\\pages\\user\\viewuser.php', 17)
 2 SYSTEMPATH\View\View.php(226): include('D:\\xampp\\htdocs\\codeIgniter\\app\\Views\\pages\\user\\viewuser.php')
 3 SYSTEMPATH\View\View.php(229): CodeIgniter\View\View->CodeIgniter\View\{closure}()
 4 SYSTEMPATH\Common.php(1188): CodeIgniter\View\View->render('pages/user/viewuser', [], true)
 5 APPPATH\Controllers\LoginController.php(25): view('pages/user/viewuser')
 6 SYSTEMPATH\CodeIgniter.php(919): App\Controllers\LoginController->fetchuser()
 7 SYSTEMPATH\CodeIgniter.php(494): CodeIgniter\CodeIgniter->runController(Object(App\Controllers\LoginController))
 8 SYSTEMPATH\CodeIgniter.php(353): CodeIgniter\CodeIgniter->handleRequest(null, Object(Config\Cache), false)
 9 FCPATH\index.php(79): CodeIgniter\CodeIgniter->run()
10 SYSTEMPATH\Commands\Server\rewrite.php(47): require_once('D:\\xampp\\htdocs\\codeIgniter\\index.php')
CRITICAL - 2023-09-30 14:44:51 --> Undefined variable $user
in APPPATH\Views\pages\user\viewuser.php on line 17.
 1 APPPATH\Views\pages\user\viewuser.php(17): CodeIgniter\Debug\Exceptions->errorHandler(2, 'Undefined variable $user', 'D:\\xampp\\htdocs\\codeIgniter\\app\\Views\\pages\\user\\viewuser.php', 17)
 2 SYSTEMPATH\View\View.php(226): include('D:\\xampp\\htdocs\\codeIgniter\\app\\Views\\pages\\user\\viewuser.php')
 3 SYSTEMPATH\View\View.php(229): CodeIgniter\View\View->CodeIgniter\View\{closure}()
 4 SYSTEMPATH\Common.php(1188): CodeIgniter\View\View->render('pages/user/viewuser', [], true)
 5 APPPATH\Controllers\LoginController.php(25): view('pages/user/viewuser')
 6 SYSTEMPATH\CodeIgniter.php(919): App\Controllers\LoginController->fetchuser()
 7 SYSTEMPATH\CodeIgniter.php(494): CodeIgniter\CodeIgniter->runController(Object(App\Controllers\LoginController))
 8 SYSTEMPATH\CodeIgniter.php(353): CodeIgniter\CodeIgniter->handleRequest(null, Object(Config\Cache), false)
 9 FCPATH\index.php(79): CodeIgniter\CodeIgniter->run()
10 SYSTEMPATH\Commands\Server\rewrite.php(47): require_once('D:\\xampp\\htdocs\\codeIgniter\\index.php')
CRITICAL - 2023-09-30 14:44:51 --> Undefined variable $user
in APPPATH\Views\pages\user\viewuser.php on line 17.
 1 APPPATH\Views\pages\user\viewuser.php(17): CodeIgniter\Debug\Exceptions->errorHandler(2, 'Undefined variable $user', 'D:\\xampp\\htdocs\\codeIgniter\\app\\Views\\pages\\user\\viewuser.php', 17)
 2 SYSTEMPATH\View\View.php(226): include('D:\\xampp\\htdocs\\codeIgniter\\app\\Views\\pages\\user\\viewuser.php')
 3 SYSTEMPATH\View\View.php(229): CodeIgniter\View\View->CodeIgniter\View\{closure}()
 4 SYSTEMPATH\Common.php(1188): CodeIgniter\View\View->render('pages/user/viewuser', [], true)
 5 APPPATH\Controllers\LoginController.php(25): view('pages/user/viewuser')
 6 SYSTEMPATH\CodeIgniter.php(919): App\Controllers\LoginController->fetchuser()
 7 SYSTEMPATH\CodeIgniter.php(494): CodeIgniter\CodeIgniter->runController(Object(App\Controllers\LoginController))
 8 SYSTEMPATH\CodeIgniter.php(353): CodeIgniter\CodeIgniter->handleRequest(null, Object(Config\Cache), false)
 9 FCPATH\index.php(79): CodeIgniter\CodeIgniter->run()
10 SYSTEMPATH\Commands\Server\rewrite.php(47): require_once('D:\\xampp\\htdocs\\codeIgniter\\index.php')
CRITICAL - 2023-09-30 14:44:51 --> Undefined variable $user
in APPPATH\Views\pages\user\viewuser.php on line 17.
 1 APPPATH\Views\pages\user\viewuser.php(17): CodeIgniter\Debug\Exceptions->errorHandler(2, 'Undefined variable $user', 'D:\\xampp\\htdocs\\codeIgniter\\app\\Views\\pages\\user\\viewuser.php', 17)
 2 SYSTEMPATH\View\View.php(226): include('D:\\xampp\\htdocs\\codeIgniter\\app\\Views\\pages\\user\\viewuser.php')
 3 SYSTEMPATH\View\View.php(229): CodeIgniter\View\View->CodeIgniter\View\{closure}()
 4 SYSTEMPATH\Common.php(1188): CodeIgniter\View\View->render('pages/user/viewuser', [], true)
 5 APPPATH\Controllers\LoginController.php(25): view('pages/user/viewuser')
 6 SYSTEMPATH\CodeIgniter.php(919): App\Controllers\LoginController->fetchuser()
 7 SYSTEMPATH\CodeIgniter.php(494): CodeIgniter\CodeIgniter->runController(Object(App\Controllers\LoginController))
 8 SYSTEMPATH\CodeIgniter.php(353): CodeIgniter\CodeIgniter->handleRequest(null, Object(Config\Cache), false)
 9 FCPATH\index.php(79): CodeIgniter\CodeIgniter->run()
10 SYSTEMPATH\Commands\Server\rewrite.php(47): require_once('D:\\xampp\\htdocs\\codeIgniter\\index.php')
CRITICAL - 2023-09-30 14:46:36 --> Undefined array key "name"
in APPPATH\Views\pages\user\viewuser.php on line 20.
 1 APPPATH\Views\pages\user\viewuser.php(20): CodeIgniter\Debug\Exceptions->errorHandler(2, 'Undefined array key "name"', 'D:\\xampp\\htdocs\\codeIgniter\\app\\Views\\pages\\user\\viewuser.php', 20)
 2 SYSTEMPATH\View\View.php(226): include('D:\\xampp\\htdocs\\codeIgniter\\app\\Views\\pages\\user\\viewuser.php')
 3 SYSTEMPATH\View\View.php(229): CodeIgniter\View\View->CodeIgniter\View\{closure}()
 4 SYSTEMPATH\Common.php(1188): CodeIgniter\View\View->render('pages/user/viewuser', [], true)
 5 APPPATH\Controllers\LoginController.php(25): view('pages/user/viewuser', [...])
 6 SYSTEMPATH\CodeIgniter.php(919): App\Controllers\LoginController->fetchuser()
 7 SYSTEMPATH\CodeIgniter.php(494): CodeIgniter\CodeIgniter->runController(Object(App\Controllers\LoginController))
 8 SYSTEMPATH\CodeIgniter.php(353): CodeIgniter\CodeIgniter->handleRequest(null, Object(Config\Cache), false)
 9 FCPATH\index.php(79): CodeIgniter\CodeIgniter->run()
10 SYSTEMPATH\Commands\Server\rewrite.php(47): require_once('D:\\xampp\\htdocs\\codeIgniter\\index.php')
CRITICAL - 2023-09-30 14:46:37 --> Undefined array key "name"
in APPPATH\Views\pages\user\viewuser.php on line 20.
 1 APPPATH\Views\pages\user\viewuser.php(20): CodeIgniter\Debug\Exceptions->errorHandler(2, 'Undefined array key "name"', 'D:\\xampp\\htdocs\\codeIgniter\\app\\Views\\pages\\user\\viewuser.php', 20)
 2 SYSTEMPATH\View\View.php(226): include('D:\\xampp\\htdocs\\codeIgniter\\app\\Views\\pages\\user\\viewuser.php')
 3 SYSTEMPATH\View\View.php(229): CodeIgniter\View\View->CodeIgniter\View\{closure}()
 4 SYSTEMPATH\Common.php(1188): CodeIgniter\View\View->render('pages/user/viewuser', [], true)
 5 APPPATH\Controllers\LoginController.php(25): view('pages/user/viewuser', [...])
 6 SYSTEMPATH\CodeIgniter.php(919): App\Controllers\LoginController->fetchuser()
 7 SYSTEMPATH\CodeIgniter.php(494): CodeIgniter\CodeIgniter->runController(Object(App\Controllers\LoginController))
 8 SYSTEMPATH\CodeIgniter.php(353): CodeIgniter\CodeIgniter->handleRequest(null, Object(Config\Cache), false)
 9 FCPATH\index.php(79): CodeIgniter\CodeIgniter->run()
10 SYSTEMPATH\Commands\Server\rewrite.php(47): require_once('D:\\xampp\\htdocs\\codeIgniter\\index.php')
CRITICAL - 2023-09-30 15:01:59 --> Undefined array key "id"
in APPPATH\Views\pages\user\viewuser.php on line 28.
 1 APPPATH\Views\pages\user\viewuser.php(28): CodeIgniter\Debug\Exceptions->errorHandler(2, 'Undefined array key "id"', 'D:\\xampp\\htdocs\\codeIgniter\\app\\Views\\pages\\user\\viewuser.php', 28)
 2 SYSTEMPATH\View\View.php(226): include('D:\\xampp\\htdocs\\codeIgniter\\app\\Views\\pages\\user\\viewuser.php')
 3 SYSTEMPATH\View\View.php(229): CodeIgniter\View\View->CodeIgniter\View\{closure}()
 4 SYSTEMPATH\Common.php(1188): CodeIgniter\View\View->render('pages/user/viewuser', [], true)
 5 APPPATH\Controllers\LoginController.php(25): view('pages/user/viewuser', [...])
 6 SYSTEMPATH\CodeIgniter.php(919): App\Controllers\LoginController->fetchuser()
 7 SYSTEMPATH\CodeIgniter.php(494): CodeIgniter\CodeIgniter->runController(Object(App\Controllers\LoginController))
 8 SYSTEMPATH\CodeIgniter.php(353): CodeIgniter\CodeIgniter->handleRequest(null, Object(Config\Cache), false)
 9 FCPATH\index.php(79): CodeIgniter\CodeIgniter->run()
10 SYSTEMPATH\Commands\Server\rewrite.php(47): require_once('D:\\xampp\\htdocs\\codeIgniter\\index.php')
CRITICAL - 2023-09-30 15:05:15 --> syntax error, unexpected string content "", expecting "-" or identifier or variable or number
in APPPATH\Views\pages\user\viewuser.php on line 28.
 1 SYSTEMPATH\View\View.php(229): CodeIgniter\View\View->CodeIgniter\View\{closure}()
 2 SYSTEMPATH\Common.php(1188): CodeIgniter\View\View->render('pages/user/viewuser', [], true)
 3 APPPATH\Controllers\LoginController.php(25): view('pages/user/viewuser', [...])
 4 SYSTEMPATH\CodeIgniter.php(919): App\Controllers\LoginController->fetchuser()
 5 SYSTEMPATH\CodeIgniter.php(494): CodeIgniter\CodeIgniter->runController(Object(App\Controllers\LoginController))
 6 SYSTEMPATH\CodeIgniter.php(353): CodeIgniter\CodeIgniter->handleRequest(null, Object(Config\Cache), false)
 7 FCPATH\index.php(79): CodeIgniter\CodeIgniter->run()
 8 SYSTEMPATH\Commands\Server\rewrite.php(47): require_once('D:\\xampp\\htdocs\\codeIgniter\\index.php')
CRITICAL - 2023-09-30 15:05:50 --> Undefined array key "id"
in APPPATH\Views\pages\user\viewuser.php on line 28.
 1 APPPATH\Views\pages\user\viewuser.php(28): CodeIgniter\Debug\Exceptions->errorHandler(2, 'Undefined array key "id"', 'D:\\xampp\\htdocs\\codeIgniter\\app\\Views\\pages\\user\\viewuser.php', 28)
 2 SYSTEMPATH\View\View.php(226): include('D:\\xampp\\htdocs\\codeIgniter\\app\\Views\\pages\\user\\viewuser.php')
 3 SYSTEMPATH\View\View.php(229): CodeIgniter\View\View->CodeIgniter\View\{closure}()
 4 SYSTEMPATH\Common.php(1188): CodeIgniter\View\View->render('pages/user/viewuser', [], true)
 5 APPPATH\Controllers\LoginController.php(25): view('pages/user/viewuser', [...])
 6 SYSTEMPATH\CodeIgniter.php(919): App\Controllers\LoginController->fetchuser()
 7 SYSTEMPATH\CodeIgniter.php(494): CodeIgniter\CodeIgniter->runController(Object(App\Controllers\LoginController))
 8 SYSTEMPATH\CodeIgniter.php(353): CodeIgniter\CodeIgniter->handleRequest(null, Object(Config\Cache), false)
 9 FCPATH\index.php(79): CodeIgniter\CodeIgniter->run()
10 SYSTEMPATH\Commands\Server\rewrite.php(47): require_once('D:\\xampp\\htdocs\\codeIgniter\\index.php')
CRITICAL - 2023-09-30 15:05:51 --> Undefined array key "id"
in APPPATH\Views\pages\user\viewuser.php on line 28.
 1 APPPATH\Views\pages\user\viewuser.php(28): CodeIgniter\Debug\Exceptions->errorHandler(2, 'Undefined array key "id"', 'D:\\xampp\\htdocs\\codeIgniter\\app\\Views\\pages\\user\\viewuser.php', 28)
 2 SYSTEMPATH\View\View.php(226): include('D:\\xampp\\htdocs\\codeIgniter\\app\\Views\\pages\\user\\viewuser.php')
 3 SYSTEMPATH\View\View.php(229): CodeIgniter\View\View->CodeIgniter\View\{closure}()
 4 SYSTEMPATH\Common.php(1188): CodeIgniter\View\View->render('pages/user/viewuser', [], true)
 5 APPPATH\Controllers\LoginController.php(25): view('pages/user/viewuser', [...])
 6 SYSTEMPATH\CodeIgniter.php(919): App\Controllers\LoginController->fetchuser()
 7 SYSTEMPATH\CodeIgniter.php(494): CodeIgniter\CodeIgniter->runController(Object(App\Controllers\LoginController))
 8 SYSTEMPATH\CodeIgniter.php(353): CodeIgniter\CodeIgniter->handleRequest(null, Object(Config\Cache), false)
 9 FCPATH\index.php(79): CodeIgniter\CodeIgniter->run()
10 SYSTEMPATH\Commands\Server\rewrite.php(47): require_once('D:\\xampp\\htdocs\\codeIgniter\\index.php')
CRITICAL - 2023-09-30 15:06:00 --> Undefined array key "userid"
in APPPATH\Views\pages\user\viewuser.php on line 28.
 1 APPPATH\Views\pages\user\viewuser.php(28): CodeIgniter\Debug\Exceptions->errorHandler(2, 'Undefined array key "userid"', 'D:\\xampp\\htdocs\\codeIgniter\\app\\Views\\pages\\user\\viewuser.php', 28)
 2 SYSTEMPATH\View\View.php(226): include('D:\\xampp\\htdocs\\codeIgniter\\app\\Views\\pages\\user\\viewuser.php')
 3 SYSTEMPATH\View\View.php(229): CodeIgniter\View\View->CodeIgniter\View\{closure}()
 4 SYSTEMPATH\Common.php(1188): CodeIgniter\View\View->render('pages/user/viewuser', [], true)
 5 APPPATH\Controllers\LoginController.php(25): view('pages/user/viewuser', [...])
 6 SYSTEMPATH\CodeIgniter.php(919): App\Controllers\LoginController->fetchuser()
 7 SYSTEMPATH\CodeIgniter.php(494): CodeIgniter\CodeIgniter->runController(Object(App\Controllers\LoginController))
 8 SYSTEMPATH\CodeIgniter.php(353): CodeIgniter\CodeIgniter->handleRequest(null, Object(Config\Cache), false)
 9 FCPATH\index.php(79): CodeIgniter\CodeIgniter->run()
10 SYSTEMPATH\Commands\Server\rewrite.php(47): require_once('D:\\xampp\\htdocs\\codeIgniter\\index.php')
ERROR - 2023-09-30 15:13:01 --> mysqli_sql_exception: Unknown column 'user.id' in 'where clause' in D:\xampp\htdocs\codeIgniter\system\Database\MySQLi\Connection.php:306
Stack trace:
#0 D:\xampp\htdocs\codeIgniter\system\Database\MySQLi\Connection.php(306): mysqli->query('SELECT *\nFROM `...', 0)
#1 D:\xampp\htdocs\codeIgniter\system\Database\BaseConnection.php(692): CodeIgniter\Database\MySQLi\Connection->execute('SELECT *\nFROM `...')
#2 D:\xampp\htdocs\codeIgniter\system\Database\BaseConnection.php(606): CodeIgniter\Database\BaseConnection->simpleQuery('SELECT *\nFROM `...')
#3 D:\xampp\htdocs\codeIgniter\system\Database\BaseBuilder.php(1615): CodeIgniter\Database\BaseConnection->query('SELECT *\nFROM `...', Array, false)
#4 D:\xampp\htdocs\codeIgniter\system\Model.php(196): CodeIgniter\Database\BaseBuilder->get()
#5 D:\xampp\htdocs\codeIgniter\system\BaseModel.php(563): CodeIgniter\Model->doFind(true, '4')
#6 D:\xampp\htdocs\codeIgniter\app\Controllers\LoginController.php(50): CodeIgniter\BaseModel->find('4')
#7 D:\xampp\htdocs\codeIgniter\system\CodeIgniter.php(919): App\Controllers\LoginController->edit('4')
#8 D:\xampp\htdocs\codeIgniter\system\CodeIgniter.php(494): CodeIgniter\CodeIgniter->runController(Object(App\Controllers\LoginController))
#9 D:\xampp\htdocs\codeIgniter\system\CodeIgniter.php(353): CodeIgniter\CodeIgniter->handleRequest(NULL, Object(Config\Cache), false)
#10 D:\xampp\htdocs\codeIgniter\index.php(79): CodeIgniter\CodeIgniter->run()
#11 D:\xampp\htdocs\codeIgniter\system\Commands\Server\rewrite.php(47): require_once('D:\\xampp\\htdocs...')
#12 {main}
CRITICAL - 2023-09-30 15:13:01 --> Unknown column 'user.id' in 'where clause'
in SYSTEMPATH\Database\BaseConnection.php on line 646.
 1 SYSTEMPATH\Database\BaseBuilder.php(1615): CodeIgniter\Database\BaseConnection->query('SELECT *
FROM `user`
WHERE `user`.`id` = :user.id:', [...], false)
 2 SYSTEMPATH\Model.php(196): CodeIgniter\Database\BaseBuilder->get()
 3 SYSTEMPATH\BaseModel.php(563): CodeIgniter\Model->doFind(true, '4')
 4 APPPATH\Controllers\LoginController.php(50): CodeIgniter\BaseModel->find('4')
 5 SYSTEMPATH\CodeIgniter.php(919): App\Controllers\LoginController->edit('4')
 6 SYSTEMPATH\CodeIgniter.php(494): CodeIgniter\CodeIgniter->runController(Object(App\Controllers\LoginController))
 7 SYSTEMPATH\CodeIgniter.php(353): CodeIgniter\CodeIgniter->handleRequest(null, Object(Config\Cache), false)
 8 FCPATH\index.php(79): CodeIgniter\CodeIgniter->run()
 9 SYSTEMPATH\Commands\Server\rewrite.php(47): require_once('D:\\xampp\\htdocs\\codeIgniter\\index.php')
ERROR - 2023-09-30 15:13:10 --> mysqli_sql_exception: Unknown column 'user.id' in 'where clause' in D:\xampp\htdocs\codeIgniter\system\Database\MySQLi\Connection.php:306
Stack trace:
#0 D:\xampp\htdocs\codeIgniter\system\Database\MySQLi\Connection.php(306): mysqli->query('SELECT *\nFROM `...', 0)
#1 D:\xampp\htdocs\codeIgniter\system\Database\BaseConnection.php(692): CodeIgniter\Database\MySQLi\Connection->execute('SELECT *\nFROM `...')
#2 D:\xampp\htdocs\codeIgniter\system\Database\BaseConnection.php(606): CodeIgniter\Database\BaseConnection->simpleQuery('SELECT *\nFROM `...')
#3 D:\xampp\htdocs\codeIgniter\system\Database\BaseBuilder.php(1615): CodeIgniter\Database\BaseConnection->query('SELECT *\nFROM `...', Array, false)
#4 D:\xampp\htdocs\codeIgniter\system\Model.php(196): CodeIgniter\Database\BaseBuilder->get()
#5 D:\xampp\htdocs\codeIgniter\system\BaseModel.php(563): CodeIgniter\Model->doFind(true, '2')
#6 D:\xampp\htdocs\codeIgniter\app\Controllers\LoginController.php(50): CodeIgniter\BaseModel->find('2')
#7 D:\xampp\htdocs\codeIgniter\system\CodeIgniter.php(919): App\Controllers\LoginController->edit('2')
#8 D:\xampp\htdocs\codeIgniter\system\CodeIgniter.php(494): CodeIgniter\CodeIgniter->runController(Object(App\Controllers\LoginController))
#9 D:\xampp\htdocs\codeIgniter\system\CodeIgniter.php(353): CodeIgniter\CodeIgniter->handleRequest(NULL, Object(Config\Cache), false)
#10 D:\xampp\htdocs\codeIgniter\index.php(79): CodeIgniter\CodeIgniter->run()
#11 D:\xampp\htdocs\codeIgniter\system\Commands\Server\rewrite.php(47): require_once('D:\\xampp\\htdocs...')
#12 {main}
CRITICAL - 2023-09-30 15:13:10 --> Unknown column 'user.id' in 'where clause'
in SYSTEMPATH\Database\BaseConnection.php on line 646.
 1 SYSTEMPATH\Database\BaseBuilder.php(1615): CodeIgniter\Database\BaseConnection->query('SELECT *
FROM `user`
WHERE `user`.`id` = :user.id:', [...], false)
 2 SYSTEMPATH\Model.php(196): CodeIgniter\Database\BaseBuilder->get()
 3 SYSTEMPATH\BaseModel.php(563): CodeIgniter\Model->doFind(true, '2')
 4 APPPATH\Controllers\LoginController.php(50): CodeIgniter\BaseModel->find('2')
 5 SYSTEMPATH\CodeIgniter.php(919): App\Controllers\LoginController->edit('2')
 6 SYSTEMPATH\CodeIgniter.php(494): CodeIgniter\CodeIgniter->runController(Object(App\Controllers\LoginController))
 7 SYSTEMPATH\CodeIgniter.php(353): CodeIgniter\CodeIgniter->handleRequest(null, Object(Config\Cache), false)
 8 FCPATH\index.php(79): CodeIgniter\CodeIgniter->run()
 9 SYSTEMPATH\Commands\Server\rewrite.php(47): require_once('D:\\xampp\\htdocs\\codeIgniter\\index.php')
ERROR - 2023-09-30 15:13:45 --> mysqli_sql_exception: Unknown column 'user.id' in 'where clause' in D:\xampp\htdocs\codeIgniter\system\Database\MySQLi\Connection.php:306
Stack trace:
#0 D:\xampp\htdocs\codeIgniter\system\Database\MySQLi\Connection.php(306): mysqli->query('SELECT *\nFROM `...', 0)
#1 D:\xampp\htdocs\codeIgniter\system\Database\BaseConnection.php(692): CodeIgniter\Database\MySQLi\Connection->execute('SELECT *\nFROM `...')
#2 D:\xampp\htdocs\codeIgniter\system\Database\BaseConnection.php(606): CodeIgniter\Database\BaseConnection->simpleQuery('SELECT *\nFROM `...')
#3 D:\xampp\htdocs\codeIgniter\system\Database\BaseBuilder.php(1615): CodeIgniter\Database\BaseConnection->query('SELECT *\nFROM `...', Array, false)
#4 D:\xampp\htdocs\codeIgniter\system\Model.php(196): CodeIgniter\Database\BaseBuilder->get()
#5 D:\xampp\htdocs\codeIgniter\system\BaseModel.php(563): CodeIgniter\Model->doFind(true, '2')
#6 D:\xampp\htdocs\codeIgniter\app\Controllers\LoginController.php(50): CodeIgniter\BaseModel->find('2')
#7 D:\xampp\htdocs\codeIgniter\system\CodeIgniter.php(919): App\Controllers\LoginController->edit('2')
#8 D:\xampp\htdocs\codeIgniter\system\CodeIgniter.php(494): CodeIgniter\CodeIgniter->runController(Object(App\Controllers\LoginController))
#9 D:\xampp\htdocs\codeIgniter\system\CodeIgniter.php(353): CodeIgniter\CodeIgniter->handleRequest(NULL, Object(Config\Cache), false)
#10 D:\xampp\htdocs\codeIgniter\index.php(79): CodeIgniter\CodeIgniter->run()
#11 D:\xampp\htdocs\codeIgniter\system\Commands\Server\rewrite.php(47): require_once('D:\\xampp\\htdocs...')
#12 {main}
CRITICAL - 2023-09-30 15:13:45 --> Unknown column 'user.id' in 'where clause'
in SYSTEMPATH\Database\BaseConnection.php on line 646.
 1 SYSTEMPATH\Database\BaseBuilder.php(1615): CodeIgniter\Database\BaseConnection->query('SELECT *
FROM `user`
WHERE `user`.`id` = :user.id:', [...], false)
 2 SYSTEMPATH\Model.php(196): CodeIgniter\Database\BaseBuilder->get()
 3 SYSTEMPATH\BaseModel.php(563): CodeIgniter\Model->doFind(true, '2')
 4 APPPATH\Controllers\LoginController.php(50): CodeIgniter\BaseModel->find('2')
 5 SYSTEMPATH\CodeIgniter.php(919): App\Controllers\LoginController->edit('2')
 6 SYSTEMPATH\CodeIgniter.php(494): CodeIgniter\CodeIgniter->runController(Object(App\Controllers\LoginController))
 7 SYSTEMPATH\CodeIgniter.php(353): CodeIgniter\CodeIgniter->handleRequest(null, Object(Config\Cache), false)
 8 FCPATH\index.php(79): CodeIgniter\CodeIgniter->run()
 9 SYSTEMPATH\Commands\Server\rewrite.php(47): require_once('D:\\xampp\\htdocs\\codeIgniter\\index.php')
ERROR - 2023-09-30 15:13:48 --> mysqli_sql_exception: Unknown column 'user.id' in 'where clause' in D:\xampp\htdocs\codeIgniter\system\Database\MySQLi\Connection.php:306
Stack trace:
#0 D:\xampp\htdocs\codeIgniter\system\Database\MySQLi\Connection.php(306): mysqli->query('SELECT *\nFROM `...', 0)
#1 D:\xampp\htdocs\codeIgniter\system\Database\BaseConnection.php(692): CodeIgniter\Database\MySQLi\Connection->execute('SELECT *\nFROM `...')
#2 D:\xampp\htdocs\codeIgniter\system\Database\BaseConnection.php(606): CodeIgniter\Database\BaseConnection->simpleQuery('SELECT *\nFROM `...')
#3 D:\xampp\htdocs\codeIgniter\system\Database\BaseBuilder.php(1615): CodeIgniter\Database\BaseConnection->query('SELECT *\nFROM `...', Array, false)
#4 D:\xampp\htdocs\codeIgniter\system\Model.php(196): CodeIgniter\Database\BaseBuilder->get()
#5 D:\xampp\htdocs\codeIgniter\system\BaseModel.php(563): CodeIgniter\Model->doFind(true, '1')
#6 D:\xampp\htdocs\codeIgniter\app\Controllers\LoginController.php(50): CodeIgniter\BaseModel->find('1')
#7 D:\xampp\htdocs\codeIgniter\system\CodeIgniter.php(919): App\Controllers\LoginController->edit('1')
#8 D:\xampp\htdocs\codeIgniter\system\CodeIgniter.php(494): CodeIgniter\CodeIgniter->runController(Object(App\Controllers\LoginController))
#9 D:\xampp\htdocs\codeIgniter\system\CodeIgniter.php(353): CodeIgniter\CodeIgniter->handleRequest(NULL, Object(Config\Cache), false)
#10 D:\xampp\htdocs\codeIgniter\index.php(79): CodeIgniter\CodeIgniter->run()
#11 D:\xampp\htdocs\codeIgniter\system\Commands\Server\rewrite.php(47): require_once('D:\\xampp\\htdocs...')
#12 {main}
CRITICAL - 2023-09-30 15:13:48 --> Unknown column 'user.id' in 'where clause'
in SYSTEMPATH\Database\BaseConnection.php on line 646.
 1 SYSTEMPATH\Database\BaseBuilder.php(1615): CodeIgniter\Database\BaseConnection->query('SELECT *
FROM `user`
WHERE `user`.`id` = :user.id:', [...], false)
 2 SYSTEMPATH\Model.php(196): CodeIgniter\Database\BaseBuilder->get()
 3 SYSTEMPATH\BaseModel.php(563): CodeIgniter\Model->doFind(true, '1')
 4 APPPATH\Controllers\LoginController.php(50): CodeIgniter\BaseModel->find('1')
 5 SYSTEMPATH\CodeIgniter.php(919): App\Controllers\LoginController->edit('1')
 6 SYSTEMPATH\CodeIgniter.php(494): CodeIgniter\CodeIgniter->runController(Object(App\Controllers\LoginController))
 7 SYSTEMPATH\CodeIgniter.php(353): CodeIgniter\CodeIgniter->handleRequest(null, Object(Config\Cache), false)
 8 FCPATH\index.php(79): CodeIgniter\CodeIgniter->run()
 9 SYSTEMPATH\Commands\Server\rewrite.php(47): require_once('D:\\xampp\\htdocs\\codeIgniter\\index.php')
ERROR - 2023-09-30 15:17:37 --> mysqli_sql_exception: Unknown column 'user.id' in 'where clause' in D:\xampp\htdocs\codeIgniter\system\Database\MySQLi\Connection.php:306
Stack trace:
#0 D:\xampp\htdocs\codeIgniter\system\Database\MySQLi\Connection.php(306): mysqli->query('SELECT *\nFROM `...', 0)
#1 D:\xampp\htdocs\codeIgniter\system\Database\BaseConnection.php(692): CodeIgniter\Database\MySQLi\Connection->execute('SELECT *\nFROM `...')
#2 D:\xampp\htdocs\codeIgniter\system\Database\BaseConnection.php(606): CodeIgniter\Database\BaseConnection->simpleQuery('SELECT *\nFROM `...')
#3 D:\xampp\htdocs\codeIgniter\system\Database\BaseBuilder.php(1615): CodeIgniter\Database\BaseConnection->query('SELECT *\nFROM `...', Array, false)
#4 D:\xampp\htdocs\codeIgniter\system\Model.php(196): CodeIgniter\Database\BaseBuilder->get()
#5 D:\xampp\htdocs\codeIgniter\system\BaseModel.php(563): CodeIgniter\Model->doFind(true, '1')
#6 D:\xampp\htdocs\codeIgniter\app\Controllers\LoginController.php(50): CodeIgniter\BaseModel->find('1')
#7 D:\xampp\htdocs\codeIgniter\system\CodeIgniter.php(919): App\Controllers\LoginController->edit('1')
#8 D:\xampp\htdocs\codeIgniter\system\CodeIgniter.php(494): CodeIgniter\CodeIgniter->runController(Object(App\Controllers\LoginController))
#9 D:\xampp\htdocs\codeIgniter\system\CodeIgniter.php(353): CodeIgniter\CodeIgniter->handleRequest(NULL, Object(Config\Cache), false)
#10 D:\xampp\htdocs\codeIgniter\index.php(79): CodeIgniter\CodeIgniter->run()
#11 D:\xampp\htdocs\codeIgniter\system\Commands\Server\rewrite.php(47): require_once('D:\\xampp\\htdocs...')
#12 {main}
CRITICAL - 2023-09-30 15:17:37 --> Unknown column 'user.id' in 'where clause'
in SYSTEMPATH\Database\BaseConnection.php on line 646.
 1 SYSTEMPATH\Database\BaseBuilder.php(1615): CodeIgniter\Database\BaseConnection->query('SELECT *
FROM `user`
WHERE `user`.`id` = :user.id:', [...], false)
 2 SYSTEMPATH\Model.php(196): CodeIgniter\Database\BaseBuilder->get()
 3 SYSTEMPATH\BaseModel.php(563): CodeIgniter\Model->doFind(true, '1')
 4 APPPATH\Controllers\LoginController.php(50): CodeIgniter\BaseModel->find('1')
 5 SYSTEMPATH\CodeIgniter.php(919): App\Controllers\LoginController->edit('1')
 6 SYSTEMPATH\CodeIgniter.php(494): CodeIgniter\CodeIgniter->runController(Object(App\Controllers\LoginController))
 7 SYSTEMPATH\CodeIgniter.php(353): CodeIgniter\CodeIgniter->handleRequest(null, Object(Config\Cache), false)
 8 FCPATH\index.php(79): CodeIgniter\CodeIgniter->run()
 9 SYSTEMPATH\Commands\Server\rewrite.php(47): require_once('D:\\xampp\\htdocs\\codeIgniter\\index.php')
ERROR - 2023-09-30 15:17:40 --> mysqli_sql_exception: Unknown column 'user.id' in 'where clause' in D:\xampp\htdocs\codeIgniter\system\Database\MySQLi\Connection.php:306
Stack trace:
#0 D:\xampp\htdocs\codeIgniter\system\Database\MySQLi\Connection.php(306): mysqli->query('SELECT *\nFROM `...', 0)
#1 D:\xampp\htdocs\codeIgniter\system\Database\BaseConnection.php(692): CodeIgniter\Database\MySQLi\Connection->execute('SELECT *\nFROM `...')
#2 D:\xampp\htdocs\codeIgniter\system\Database\BaseConnection.php(606): CodeIgniter\Database\BaseConnection->simpleQuery('SELECT *\nFROM `...')
#3 D:\xampp\htdocs\codeIgniter\system\Database\BaseBuilder.php(1615): CodeIgniter\Database\BaseConnection->query('SELECT *\nFROM `...', Array, false)
#4 D:\xampp\htdocs\codeIgniter\system\Model.php(196): CodeIgniter\Database\BaseBuilder->get()
#5 D:\xampp\htdocs\codeIgniter\system\BaseModel.php(563): CodeIgniter\Model->doFind(true, '1')
#6 D:\xampp\htdocs\codeIgniter\app\Controllers\LoginController.php(50): CodeIgniter\BaseModel->find('1')
#7 D:\xampp\htdocs\codeIgniter\system\CodeIgniter.php(919): App\Controllers\LoginController->edit('1')
#8 D:\xampp\htdocs\codeIgniter\system\CodeIgniter.php(494): CodeIgniter\CodeIgniter->runController(Object(App\Controllers\LoginController))
#9 D:\xampp\htdocs\codeIgniter\system\CodeIgniter.php(353): CodeIgniter\CodeIgniter->handleRequest(NULL, Object(Config\Cache), false)
#10 D:\xampp\htdocs\codeIgniter\index.php(79): CodeIgniter\CodeIgniter->run()
#11 D:\xampp\htdocs\codeIgniter\system\Commands\Server\rewrite.php(47): require_once('D:\\xampp\\htdocs...')
#12 {main}
CRITICAL - 2023-09-30 15:17:40 --> Unknown column 'user.id' in 'where clause'
in SYSTEMPATH\Database\BaseConnection.php on line 646.
 1 SYSTEMPATH\Database\BaseBuilder.php(1615): CodeIgniter\Database\BaseConnection->query('SELECT *
FROM `user`
WHERE `user`.`id` = :user.id:', [...], false)
 2 SYSTEMPATH\Model.php(196): CodeIgniter\Database\BaseBuilder->get()
 3 SYSTEMPATH\BaseModel.php(563): CodeIgniter\Model->doFind(true, '1')
 4 APPPATH\Controllers\LoginController.php(50): CodeIgniter\BaseModel->find('1')
 5 SYSTEMPATH\CodeIgniter.php(919): App\Controllers\LoginController->edit('1')
 6 SYSTEMPATH\CodeIgniter.php(494): CodeIgniter\CodeIgniter->runController(Object(App\Controllers\LoginController))
 7 SYSTEMPATH\CodeIgniter.php(353): CodeIgniter\CodeIgniter->handleRequest(null, Object(Config\Cache), false)
 8 FCPATH\index.php(79): CodeIgniter\CodeIgniter->run()
 9 SYSTEMPATH\Commands\Server\rewrite.php(47): require_once('D:\\xampp\\htdocs\\codeIgniter\\index.php')
ERROR - 2023-09-30 15:18:57 --> mysqli_sql_exception: Unknown column 'user.id' in 'where clause' in D:\xampp\htdocs\codeIgniter\system\Database\MySQLi\Connection.php:306
Stack trace:
#0 D:\xampp\htdocs\codeIgniter\system\Database\MySQLi\Connection.php(306): mysqli->query('SELECT *\nFROM `...', 0)
#1 D:\xampp\htdocs\codeIgniter\system\Database\BaseConnection.php(692): CodeIgniter\Database\MySQLi\Connection->execute('SELECT *\nFROM `...')
#2 D:\xampp\htdocs\codeIgniter\system\Database\BaseConnection.php(606): CodeIgniter\Database\BaseConnection->simpleQuery('SELECT *\nFROM `...')
#3 D:\xampp\htdocs\codeIgniter\system\Database\BaseBuilder.php(1615): CodeIgniter\Database\BaseConnection->query('SELECT *\nFROM `...', Array, false)
#4 D:\xampp\htdocs\codeIgniter\system\Model.php(196): CodeIgniter\Database\BaseBuilder->get()
#5 D:\xampp\htdocs\codeIgniter\system\BaseModel.php(563): CodeIgniter\Model->doFind(true, '1')
#6 D:\xampp\htdocs\codeIgniter\app\Controllers\LoginController.php(52): CodeIgniter\BaseModel->find('1')
#7 D:\xampp\htdocs\codeIgniter\system\CodeIgniter.php(919): App\Controllers\LoginController->edit('1')
#8 D:\xampp\htdocs\codeIgniter\system\CodeIgniter.php(494): CodeIgniter\CodeIgniter->runController(Object(App\Controllers\LoginController))
#9 D:\xampp\htdocs\codeIgniter\system\CodeIgniter.php(353): CodeIgniter\CodeIgniter->handleRequest(NULL, Object(Config\Cache), false)
#10 D:\xampp\htdocs\codeIgniter\index.php(79): CodeIgniter\CodeIgniter->run()
#11 D:\xampp\htdocs\codeIgniter\system\Commands\Server\rewrite.php(47): require_once('D:\\xampp\\htdocs...')
#12 {main}
CRITICAL - 2023-09-30 15:18:57 --> Unknown column 'user.id' in 'where clause'
in SYSTEMPATH\Database\BaseConnection.php on line 646.
 1 SYSTEMPATH\Database\BaseBuilder.php(1615): CodeIgniter\Database\BaseConnection->query('SELECT *
FROM `user`
WHERE `user`.`id` = :user.id:', [...], false)
 2 SYSTEMPATH\Model.php(196): CodeIgniter\Database\BaseBuilder->get()
 3 SYSTEMPATH\BaseModel.php(563): CodeIgniter\Model->doFind(true, '1')
 4 APPPATH\Controllers\LoginController.php(52): CodeIgniter\BaseModel->find('1')
 5 SYSTEMPATH\CodeIgniter.php(919): App\Controllers\LoginController->edit('1')
 6 SYSTEMPATH\CodeIgniter.php(494): CodeIgniter\CodeIgniter->runController(Object(App\Controllers\LoginController))
 7 SYSTEMPATH\CodeIgniter.php(353): CodeIgniter\CodeIgniter->handleRequest(null, Object(Config\Cache), false)
 8 FCPATH\index.php(79): CodeIgniter\CodeIgniter->run()
 9 SYSTEMPATH\Commands\Server\rewrite.php(47): require_once('D:\\xampp\\htdocs\\codeIgniter\\index.php')
ERROR - 2023-09-30 15:18:58 --> mysqli_sql_exception: Unknown column 'user.id' in 'where clause' in D:\xampp\htdocs\codeIgniter\system\Database\MySQLi\Connection.php:306
Stack trace:
#0 D:\xampp\htdocs\codeIgniter\system\Database\MySQLi\Connection.php(306): mysqli->query('SELECT *\nFROM `...', 0)
#1 D:\xampp\htdocs\codeIgniter\system\Database\BaseConnection.php(692): CodeIgniter\Database\MySQLi\Connection->execute('SELECT *\nFROM `...')
#2 D:\xampp\htdocs\codeIgniter\system\Database\BaseConnection.php(606): CodeIgniter\Database\BaseConnection->simpleQuery('SELECT *\nFROM `...')
#3 D:\xampp\htdocs\codeIgniter\system\Database\BaseBuilder.php(1615): CodeIgniter\Database\BaseConnection->query('SELECT *\nFROM `...', Array, false)
#4 D:\xampp\htdocs\codeIgniter\system\Model.php(196): CodeIgniter\Database\BaseBuilder->get()
#5 D:\xampp\htdocs\codeIgniter\system\BaseModel.php(563): CodeIgniter\Model->doFind(true, '1')
#6 D:\xampp\htdocs\codeIgniter\app\Controllers\LoginController.php(52): CodeIgniter\BaseModel->find('1')
#7 D:\xampp\htdocs\codeIgniter\system\CodeIgniter.php(919): App\Controllers\LoginController->edit('1')
#8 D:\xampp\htdocs\codeIgniter\system\CodeIgniter.php(494): CodeIgniter\CodeIgniter->runController(Object(App\Controllers\LoginController))
#9 D:\xampp\htdocs\codeIgniter\system\CodeIgniter.php(353): CodeIgniter\CodeIgniter->handleRequest(NULL, Object(Config\Cache), false)
#10 D:\xampp\htdocs\codeIgniter\index.php(79): CodeIgniter\CodeIgniter->run()
#11 D:\xampp\htdocs\codeIgniter\system\Commands\Server\rewrite.php(47): require_once('D:\\xampp\\htdocs...')
#12 {main}
CRITICAL - 2023-09-30 15:18:58 --> Unknown column 'user.id' in 'where clause'
in SYSTEMPATH\Database\BaseConnection.php on line 646.
 1 SYSTEMPATH\Database\BaseBuilder.php(1615): CodeIgniter\Database\BaseConnection->query('SELECT *
FROM `user`
WHERE `user`.`id` = :user.id:', [...], false)
 2 SYSTEMPATH\Model.php(196): CodeIgniter\Database\BaseBuilder->get()
 3 SYSTEMPATH\BaseModel.php(563): CodeIgniter\Model->doFind(true, '1')
 4 APPPATH\Controllers\LoginController.php(52): CodeIgniter\BaseModel->find('1')
 5 SYSTEMPATH\CodeIgniter.php(919): App\Controllers\LoginController->edit('1')
 6 SYSTEMPATH\CodeIgniter.php(494): CodeIgniter\CodeIgniter->runController(Object(App\Controllers\LoginController))
 7 SYSTEMPATH\CodeIgniter.php(353): CodeIgniter\CodeIgniter->handleRequest(null, Object(Config\Cache), false)
 8 FCPATH\index.php(79): CodeIgniter\CodeIgniter->run()
 9 SYSTEMPATH\Commands\Server\rewrite.php(47): require_once('D:\\xampp\\htdocs\\codeIgniter\\index.php')
CRITICAL - 2023-09-30 15:19:20 --> Undefined variable $userid
in APPPATH\Controllers\LoginController.php on line 52.
 1 APPPATH\Controllers\LoginController.php(52): CodeIgniter\Debug\Exceptions->errorHandler(2, 'Undefined variable $userid', 'D:\\xampp\\htdocs\\codeIgniter\\app\\Controllers\\LoginController.php', 52)
 2 SYSTEMPATH\CodeIgniter.php(919): App\Controllers\LoginController->edit('1')
 3 SYSTEMPATH\CodeIgniter.php(494): CodeIgniter\CodeIgniter->runController(Object(App\Controllers\LoginController))
 4 SYSTEMPATH\CodeIgniter.php(353): CodeIgniter\CodeIgniter->handleRequest(null, Object(Config\Cache), false)
 5 FCPATH\index.php(79): CodeIgniter\CodeIgniter->run()
 6 SYSTEMPATH\Commands\Server\rewrite.php(47): require_once('D:\\xampp\\htdocs\\codeIgniter\\index.php')
CRITICAL - 2023-09-30 15:19:22 --> Undefined variable $userid
in APPPATH\Controllers\LoginController.php on line 52.
 1 APPPATH\Controllers\LoginController.php(52): CodeIgniter\Debug\Exceptions->errorHandler(2, 'Undefined variable $userid', 'D:\\xampp\\htdocs\\codeIgniter\\app\\Controllers\\LoginController.php', 52)
 2 SYSTEMPATH\CodeIgniter.php(919): App\Controllers\LoginController->edit('1')
 3 SYSTEMPATH\CodeIgniter.php(494): CodeIgniter\CodeIgniter->runController(Object(App\Controllers\LoginController))
 4 SYSTEMPATH\CodeIgniter.php(353): CodeIgniter\CodeIgniter->handleRequest(null, Object(Config\Cache), false)
 5 FCPATH\index.php(79): CodeIgniter\CodeIgniter->run()
 6 SYSTEMPATH\Commands\Server\rewrite.php(47): require_once('D:\\xampp\\htdocs\\codeIgniter\\index.php')
CRITICAL - 2023-09-30 15:19:22 --> Undefined variable $userid
in APPPATH\Controllers\LoginController.php on line 52.
 1 APPPATH\Controllers\LoginController.php(52): CodeIgniter\Debug\Exceptions->errorHandler(2, 'Undefined variable $userid', 'D:\\xampp\\htdocs\\codeIgniter\\app\\Controllers\\LoginController.php', 52)
 2 SYSTEMPATH\CodeIgniter.php(919): App\Controllers\LoginController->edit('1')
 3 SYSTEMPATH\CodeIgniter.php(494): CodeIgniter\CodeIgniter->runController(Object(App\Controllers\LoginController))
 4 SYSTEMPATH\CodeIgniter.php(353): CodeIgniter\CodeIgniter->handleRequest(null, Object(Config\Cache), false)
 5 FCPATH\index.php(79): CodeIgniter\CodeIgniter->run()
 6 SYSTEMPATH\Commands\Server\rewrite.php(47): require_once('D:\\xampp\\htdocs\\codeIgniter\\index.php')
CRITICAL - 2023-09-30 15:19:22 --> Undefined variable $userid
in APPPATH\Controllers\LoginController.php on line 52.
 1 APPPATH\Controllers\LoginController.php(52): CodeIgniter\Debug\Exceptions->errorHandler(2, 'Undefined variable $userid', 'D:\\xampp\\htdocs\\codeIgniter\\app\\Controllers\\LoginController.php', 52)
 2 SYSTEMPATH\CodeIgniter.php(919): App\Controllers\LoginController->edit('1')
 3 SYSTEMPATH\CodeIgniter.php(494): CodeIgniter\CodeIgniter->runController(Object(App\Controllers\LoginController))
 4 SYSTEMPATH\CodeIgniter.php(353): CodeIgniter\CodeIgniter->handleRequest(null, Object(Config\Cache), false)
 5 FCPATH\index.php(79): CodeIgniter\CodeIgniter->run()
 6 SYSTEMPATH\Commands\Server\rewrite.php(47): require_once('D:\\xampp\\htdocs\\codeIgniter\\index.php')
ERROR - 2023-09-30 15:19:28 --> mysqli_sql_exception: Unknown column 'user.id' in 'where clause' in D:\xampp\htdocs\codeIgniter\system\Database\MySQLi\Connection.php:306
Stack trace:
#0 D:\xampp\htdocs\codeIgniter\system\Database\MySQLi\Connection.php(306): mysqli->query('SELECT *\nFROM `...', 0)
#1 D:\xampp\htdocs\codeIgniter\system\Database\BaseConnection.php(692): CodeIgniter\Database\MySQLi\Connection->execute('SELECT *\nFROM `...')
#2 D:\xampp\htdocs\codeIgniter\system\Database\BaseConnection.php(606): CodeIgniter\Database\BaseConnection->simpleQuery('SELECT *\nFROM `...')
#3 D:\xampp\htdocs\codeIgniter\system\Database\BaseBuilder.php(1615): CodeIgniter\Database\BaseConnection->query('SELECT *\nFROM `...', Array, false)
#4 D:\xampp\htdocs\codeIgniter\system\Model.php(196): CodeIgniter\Database\BaseBuilder->get()
#5 D:\xampp\htdocs\codeIgniter\system\BaseModel.php(563): CodeIgniter\Model->doFind(true, '1')
#6 D:\xampp\htdocs\codeIgniter\app\Controllers\LoginController.php(52): CodeIgniter\BaseModel->find('1')
#7 D:\xampp\htdocs\codeIgniter\system\CodeIgniter.php(919): App\Controllers\LoginController->edit('1')
#8 D:\xampp\htdocs\codeIgniter\system\CodeIgniter.php(494): CodeIgniter\CodeIgniter->runController(Object(App\Controllers\LoginController))
#9 D:\xampp\htdocs\codeIgniter\system\CodeIgniter.php(353): CodeIgniter\CodeIgniter->handleRequest(NULL, Object(Config\Cache), false)
#10 D:\xampp\htdocs\codeIgniter\index.php(79): CodeIgniter\CodeIgniter->run()
#11 D:\xampp\htdocs\codeIgniter\system\Commands\Server\rewrite.php(47): require_once('D:\\xampp\\htdocs...')
#12 {main}
CRITICAL - 2023-09-30 15:19:28 --> Unknown column 'user.id' in 'where clause'
in SYSTEMPATH\Database\BaseConnection.php on line 646.
 1 SYSTEMPATH\Database\BaseBuilder.php(1615): CodeIgniter\Database\BaseConnection->query('SELECT *
FROM `user`
WHERE `user`.`id` = :user.id:', [...], false)
 2 SYSTEMPATH\Model.php(196): CodeIgniter\Database\BaseBuilder->get()
 3 SYSTEMPATH\BaseModel.php(563): CodeIgniter\Model->doFind(true, '1')
 4 APPPATH\Controllers\LoginController.php(52): CodeIgniter\BaseModel->find('1')
 5 SYSTEMPATH\CodeIgniter.php(919): App\Controllers\LoginController->edit('1')
 6 SYSTEMPATH\CodeIgniter.php(494): CodeIgniter\CodeIgniter->runController(Object(App\Controllers\LoginController))
 7 SYSTEMPATH\CodeIgniter.php(353): CodeIgniter\CodeIgniter->handleRequest(null, Object(Config\Cache), false)
 8 FCPATH\index.php(79): CodeIgniter\CodeIgniter->run()
 9 SYSTEMPATH\Commands\Server\rewrite.php(47): require_once('D:\\xampp\\htdocs\\codeIgniter\\index.php')
ERROR - 2023-09-30 15:19:55 --> mysqli_sql_exception: Unknown column 'user.id' in 'where clause' in D:\xampp\htdocs\codeIgniter\system\Database\MySQLi\Connection.php:306
Stack trace:
#0 D:\xampp\htdocs\codeIgniter\system\Database\MySQLi\Connection.php(306): mysqli->query('SELECT *\nFROM `...', 0)
#1 D:\xampp\htdocs\codeIgniter\system\Database\BaseConnection.php(692): CodeIgniter\Database\MySQLi\Connection->execute('SELECT *\nFROM `...')
#2 D:\xampp\htdocs\codeIgniter\system\Database\BaseConnection.php(606): CodeIgniter\Database\BaseConnection->simpleQuery('SELECT *\nFROM `...')
#3 D:\xampp\htdocs\codeIgniter\system\Database\BaseBuilder.php(1615): CodeIgniter\Database\BaseConnection->query('SELECT *\nFROM `...', Array, false)
#4 D:\xampp\htdocs\codeIgniter\system\Model.php(196): CodeIgniter\Database\BaseBuilder->get()
#5 D:\xampp\htdocs\codeIgniter\system\BaseModel.php(563): CodeIgniter\Model->doFind(true, 'user1')
#6 D:\xampp\htdocs\codeIgniter\app\Controllers\LoginController.php(52): CodeIgniter\BaseModel->find('user1')
#7 D:\xampp\htdocs\codeIgniter\system\CodeIgniter.php(919): App\Controllers\LoginController->edit('1')
#8 D:\xampp\htdocs\codeIgniter\system\CodeIgniter.php(494): CodeIgniter\CodeIgniter->runController(Object(App\Controllers\LoginController))
#9 D:\xampp\htdocs\codeIgniter\system\CodeIgniter.php(353): CodeIgniter\CodeIgniter->handleRequest(NULL, Object(Config\Cache), false)
#10 D:\xampp\htdocs\codeIgniter\index.php(79): CodeIgniter\CodeIgniter->run()
#11 D:\xampp\htdocs\codeIgniter\system\Commands\Server\rewrite.php(47): require_once('D:\\xampp\\htdocs...')
#12 {main}
CRITICAL - 2023-09-30 15:19:55 --> Unknown column 'user.id' in 'where clause'
in SYSTEMPATH\Database\BaseConnection.php on line 646.
 1 SYSTEMPATH\Database\BaseBuilder.php(1615): CodeIgniter\Database\BaseConnection->query('SELECT *
FROM `user`
WHERE `user`.`id` = :user.id:', [...], false)
 2 SYSTEMPATH\Model.php(196): CodeIgniter\Database\BaseBuilder->get()
 3 SYSTEMPATH\BaseModel.php(563): CodeIgniter\Model->doFind(true, 'user1')
 4 APPPATH\Controllers\LoginController.php(52): CodeIgniter\BaseModel->find('user1')
 5 SYSTEMPATH\CodeIgniter.php(919): App\Controllers\LoginController->edit('1')
 6 SYSTEMPATH\CodeIgniter.php(494): CodeIgniter\CodeIgniter->runController(Object(App\Controllers\LoginController))
 7 SYSTEMPATH\CodeIgniter.php(353): CodeIgniter\CodeIgniter->handleRequest(null, Object(Config\Cache), false)
 8 FCPATH\index.php(79): CodeIgniter\CodeIgniter->run()
 9 SYSTEMPATH\Commands\Server\rewrite.php(47): require_once('D:\\xampp\\htdocs\\codeIgniter\\index.php')
ERROR - 2023-09-30 15:19:58 --> mysqli_sql_exception: Unknown column 'user.id' in 'where clause' in D:\xampp\htdocs\codeIgniter\system\Database\MySQLi\Connection.php:306
Stack trace:
#0 D:\xampp\htdocs\codeIgniter\system\Database\MySQLi\Connection.php(306): mysqli->query('SELECT *\nFROM `...', 0)
#1 D:\xampp\htdocs\codeIgniter\system\Database\BaseConnection.php(692): CodeIgniter\Database\MySQLi\Connection->execute('SELECT *\nFROM `...')
#2 D:\xampp\htdocs\codeIgniter\system\Database\BaseConnection.php(606): CodeIgniter\Database\BaseConnection->simpleQuery('SELECT *\nFROM `...')
#3 D:\xampp\htdocs\codeIgniter\system\Database\BaseBuilder.php(1615): CodeIgniter\Database\BaseConnection->query('SELECT *\nFROM `...', Array, false)
#4 D:\xampp\htdocs\codeIgniter\system\Model.php(196): CodeIgniter\Database\BaseBuilder->get()
#5 D:\xampp\htdocs\codeIgniter\system\BaseModel.php(563): CodeIgniter\Model->doFind(true, 'user1')
#6 D:\xampp\htdocs\codeIgniter\app\Controllers\LoginController.php(52): CodeIgniter\BaseModel->find('user1')
#7 D:\xampp\htdocs\codeIgniter\system\CodeIgniter.php(919): App\Controllers\LoginController->edit('1')
#8 D:\xampp\htdocs\codeIgniter\system\CodeIgniter.php(494): CodeIgniter\CodeIgniter->runController(Object(App\Controllers\LoginController))
#9 D:\xampp\htdocs\codeIgniter\system\CodeIgniter.php(353): CodeIgniter\CodeIgniter->handleRequest(NULL, Object(Config\Cache), false)
#10 D:\xampp\htdocs\codeIgniter\index.php(79): CodeIgniter\CodeIgniter->run()
#11 D:\xampp\htdocs\codeIgniter\system\Commands\Server\rewrite.php(47): require_once('D:\\xampp\\htdocs...')
#12 {main}
CRITICAL - 2023-09-30 15:19:58 --> Unknown column 'user.id' in 'where clause'
in SYSTEMPATH\Database\BaseConnection.php on line 646.
 1 SYSTEMPATH\Database\BaseBuilder.php(1615): CodeIgniter\Database\BaseConnection->query('SELECT *
FROM `user`
WHERE `user`.`id` = :user.id:', [...], false)
 2 SYSTEMPATH\Model.php(196): CodeIgniter\Database\BaseBuilder->get()
 3 SYSTEMPATH\BaseModel.php(563): CodeIgniter\Model->doFind(true, 'user1')
 4 APPPATH\Controllers\LoginController.php(52): CodeIgniter\BaseModel->find('user1')
 5 SYSTEMPATH\CodeIgniter.php(919): App\Controllers\LoginController->edit('1')
 6 SYSTEMPATH\CodeIgniter.php(494): CodeIgniter\CodeIgniter->runController(Object(App\Controllers\LoginController))
 7 SYSTEMPATH\CodeIgniter.php(353): CodeIgniter\CodeIgniter->handleRequest(null, Object(Config\Cache), false)
 8 FCPATH\index.php(79): CodeIgniter\CodeIgniter->run()
 9 SYSTEMPATH\Commands\Server\rewrite.php(47): require_once('D:\\xampp\\htdocs\\codeIgniter\\index.php')
ERROR - 2023-09-30 15:20:06 --> mysqli_sql_exception: Unknown column 'user.id' in 'where clause' in D:\xampp\htdocs\codeIgniter\system\Database\MySQLi\Connection.php:306
Stack trace:
#0 D:\xampp\htdocs\codeIgniter\system\Database\MySQLi\Connection.php(306): mysqli->query('SELECT *\nFROM `...', 0)
#1 D:\xampp\htdocs\codeIgniter\system\Database\BaseConnection.php(692): CodeIgniter\Database\MySQLi\Connection->execute('SELECT *\nFROM `...')
#2 D:\xampp\htdocs\codeIgniter\system\Database\BaseConnection.php(606): CodeIgniter\Database\BaseConnection->simpleQuery('SELECT *\nFROM `...')
#3 D:\xampp\htdocs\codeIgniter\system\Database\BaseBuilder.php(1615): CodeIgniter\Database\BaseConnection->query('SELECT *\nFROM `...', Array, false)
#4 D:\xampp\htdocs\codeIgniter\system\Model.php(196): CodeIgniter\Database\BaseBuilder->get()
#5 D:\xampp\htdocs\codeIgniter\system\BaseModel.php(563): CodeIgniter\Model->doFind(true, '1')
#6 D:\xampp\htdocs\codeIgniter\app\Controllers\LoginController.php(52): CodeIgniter\BaseModel->find('1')
#7 D:\xampp\htdocs\codeIgniter\system\CodeIgniter.php(919): App\Controllers\LoginController->edit('1')
#8 D:\xampp\htdocs\codeIgniter\system\CodeIgniter.php(494): CodeIgniter\CodeIgniter->runController(Object(App\Controllers\LoginController))
#9 D:\xampp\htdocs\codeIgniter\system\CodeIgniter.php(353): CodeIgniter\CodeIgniter->handleRequest(NULL, Object(Config\Cache), false)
#10 D:\xampp\htdocs\codeIgniter\index.php(79): CodeIgniter\CodeIgniter->run()
#11 D:\xampp\htdocs\codeIgniter\system\Commands\Server\rewrite.php(47): require_once('D:\\xampp\\htdocs...')
#12 {main}
CRITICAL - 2023-09-30 15:20:06 --> Unknown column 'user.id' in 'where clause'
in SYSTEMPATH\Database\BaseConnection.php on line 646.
 1 SYSTEMPATH\Database\BaseBuilder.php(1615): CodeIgniter\Database\BaseConnection->query('SELECT *
FROM `user`
WHERE `user`.`id` = :user.id:', [...], false)
 2 SYSTEMPATH\Model.php(196): CodeIgniter\Database\BaseBuilder->get()
 3 SYSTEMPATH\BaseModel.php(563): CodeIgniter\Model->doFind(true, '1')
 4 APPPATH\Controllers\LoginController.php(52): CodeIgniter\BaseModel->find('1')
 5 SYSTEMPATH\CodeIgniter.php(919): App\Controllers\LoginController->edit('1')
 6 SYSTEMPATH\CodeIgniter.php(494): CodeIgniter\CodeIgniter->runController(Object(App\Controllers\LoginController))
 7 SYSTEMPATH\CodeIgniter.php(353): CodeIgniter\CodeIgniter->handleRequest(null, Object(Config\Cache), false)
 8 FCPATH\index.php(79): CodeIgniter\CodeIgniter->run()
 9 SYSTEMPATH\Commands\Server\rewrite.php(47): require_once('D:\\xampp\\htdocs\\codeIgniter\\index.php')
ERROR - 2023-09-30 15:20:06 --> mysqli_sql_exception: Unknown column 'user.id' in 'where clause' in D:\xampp\htdocs\codeIgniter\system\Database\MySQLi\Connection.php:306
Stack trace:
#0 D:\xampp\htdocs\codeIgniter\system\Database\MySQLi\Connection.php(306): mysqli->query('SELECT *\nFROM `...', 0)
#1 D:\xampp\htdocs\codeIgniter\system\Database\BaseConnection.php(692): CodeIgniter\Database\MySQLi\Connection->execute('SELECT *\nFROM `...')
#2 D:\xampp\htdocs\codeIgniter\system\Database\BaseConnection.php(606): CodeIgniter\Database\BaseConnection->simpleQuery('SELECT *\nFROM `...')
#3 D:\xampp\htdocs\codeIgniter\system\Database\BaseBuilder.php(1615): CodeIgniter\Database\BaseConnection->query('SELECT *\nFROM `...', Array, false)
#4 D:\xampp\htdocs\codeIgniter\system\Model.php(196): CodeIgniter\Database\BaseBuilder->get()
#5 D:\xampp\htdocs\codeIgniter\system\BaseModel.php(563): CodeIgniter\Model->doFind(true, '1')
#6 D:\xampp\htdocs\codeIgniter\app\Controllers\LoginController.php(52): CodeIgniter\BaseModel->find('1')
#7 D:\xampp\htdocs\codeIgniter\system\CodeIgniter.php(919): App\Controllers\LoginController->edit('1')
#8 D:\xampp\htdocs\codeIgniter\system\CodeIgniter.php(494): CodeIgniter\CodeIgniter->runController(Object(App\Controllers\LoginController))
#9 D:\xampp\htdocs\codeIgniter\system\CodeIgniter.php(353): CodeIgniter\CodeIgniter->handleRequest(NULL, Object(Config\Cache), false)
#10 D:\xampp\htdocs\codeIgniter\index.php(79): CodeIgniter\CodeIgniter->run()
#11 D:\xampp\htdocs\codeIgniter\system\Commands\Server\rewrite.php(47): require_once('D:\\xampp\\htdocs...')
#12 {main}
CRITICAL - 2023-09-30 15:20:06 --> Unknown column 'user.id' in 'where clause'
in SYSTEMPATH\Database\BaseConnection.php on line 646.
 1 SYSTEMPATH\Database\BaseBuilder.php(1615): CodeIgniter\Database\BaseConnection->query('SELECT *
FROM `user`
WHERE `user`.`id` = :user.id:', [...], false)
 2 SYSTEMPATH\Model.php(196): CodeIgniter\Database\BaseBuilder->get()
 3 SYSTEMPATH\BaseModel.php(563): CodeIgniter\Model->doFind(true, '1')
 4 APPPATH\Controllers\LoginController.php(52): CodeIgniter\BaseModel->find('1')
 5 SYSTEMPATH\CodeIgniter.php(919): App\Controllers\LoginController->edit('1')
 6 SYSTEMPATH\CodeIgniter.php(494): CodeIgniter\CodeIgniter->runController(Object(App\Controllers\LoginController))
 7 SYSTEMPATH\CodeIgniter.php(353): CodeIgniter\CodeIgniter->handleRequest(null, Object(Config\Cache), false)
 8 FCPATH\index.php(79): CodeIgniter\CodeIgniter->run()
 9 SYSTEMPATH\Commands\Server\rewrite.php(47): require_once('D:\\xampp\\htdocs\\codeIgniter\\index.php')
ERROR - 2023-09-30 15:20:07 --> mysqli_sql_exception: Unknown column 'user.id' in 'where clause' in D:\xampp\htdocs\codeIgniter\system\Database\MySQLi\Connection.php:306
Stack trace:
#0 D:\xampp\htdocs\codeIgniter\system\Database\MySQLi\Connection.php(306): mysqli->query('SELECT *\nFROM `...', 0)
#1 D:\xampp\htdocs\codeIgniter\system\Database\BaseConnection.php(692): CodeIgniter\Database\MySQLi\Connection->execute('SELECT *\nFROM `...')
#2 D:\xampp\htdocs\codeIgniter\system\Database\BaseConnection.php(606): CodeIgniter\Database\BaseConnection->simpleQuery('SELECT *\nFROM `...')
#3 D:\xampp\htdocs\codeIgniter\system\Database\BaseBuilder.php(1615): CodeIgniter\Database\BaseConnection->query('SELECT *\nFROM `...', Array, false)
#4 D:\xampp\htdocs\codeIgniter\system\Model.php(196): CodeIgniter\Database\BaseBuilder->get()
#5 D:\xampp\htdocs\codeIgniter\system\BaseModel.php(563): CodeIgniter\Model->doFind(true, '1')
#6 D:\xampp\htdocs\codeIgniter\app\Controllers\LoginController.php(52): CodeIgniter\BaseModel->find('1')
#7 D:\xampp\htdocs\codeIgniter\system\CodeIgniter.php(919): App\Controllers\LoginController->edit('1')
#8 D:\xampp\htdocs\codeIgniter\system\CodeIgniter.php(494): CodeIgniter\CodeIgniter->runController(Object(App\Controllers\LoginController))
#9 D:\xampp\htdocs\codeIgniter\system\CodeIgniter.php(353): CodeIgniter\CodeIgniter->handleRequest(NULL, Object(Config\Cache), false)
#10 D:\xampp\htdocs\codeIgniter\index.php(79): CodeIgniter\CodeIgniter->run()
#11 D:\xampp\htdocs\codeIgniter\system\Commands\Server\rewrite.php(47): require_once('D:\\xampp\\htdocs...')
#12 {main}
CRITICAL - 2023-09-30 15:20:07 --> Unknown column 'user.id' in 'where clause'
in SYSTEMPATH\Database\BaseConnection.php on line 646.
 1 SYSTEMPATH\Database\BaseBuilder.php(1615): CodeIgniter\Database\BaseConnection->query('SELECT *
FROM `user`
WHERE `user`.`id` = :user.id:', [...], false)
 2 SYSTEMPATH\Model.php(196): CodeIgniter\Database\BaseBuilder->get()
 3 SYSTEMPATH\BaseModel.php(563): CodeIgniter\Model->doFind(true, '1')
 4 APPPATH\Controllers\LoginController.php(52): CodeIgniter\BaseModel->find('1')
 5 SYSTEMPATH\CodeIgniter.php(919): App\Controllers\LoginController->edit('1')
 6 SYSTEMPATH\CodeIgniter.php(494): CodeIgniter\CodeIgniter->runController(Object(App\Controllers\LoginController))
 7 SYSTEMPATH\CodeIgniter.php(353): CodeIgniter\CodeIgniter->handleRequest(null, Object(Config\Cache), false)
 8 FCPATH\index.php(79): CodeIgniter\CodeIgniter->run()
 9 SYSTEMPATH\Commands\Server\rewrite.php(47): require_once('D:\\xampp\\htdocs\\codeIgniter\\index.php')
ERROR - 2023-09-30 15:20:07 --> mysqli_sql_exception: Unknown column 'user.id' in 'where clause' in D:\xampp\htdocs\codeIgniter\system\Database\MySQLi\Connection.php:306
Stack trace:
#0 D:\xampp\htdocs\codeIgniter\system\Database\MySQLi\Connection.php(306): mysqli->query('SELECT *\nFROM `...', 0)
#1 D:\xampp\htdocs\codeIgniter\system\Database\BaseConnection.php(692): CodeIgniter\Database\MySQLi\Connection->execute('SELECT *\nFROM `...')
#2 D:\xampp\htdocs\codeIgniter\system\Database\BaseConnection.php(606): CodeIgniter\Database\BaseConnection->simpleQuery('SELECT *\nFROM `...')
#3 D:\xampp\htdocs\codeIgniter\system\Database\BaseBuilder.php(1615): CodeIgniter\Database\BaseConnection->query('SELECT *\nFROM `...', Array, false)
#4 D:\xampp\htdocs\codeIgniter\system\Model.php(196): CodeIgniter\Database\BaseBuilder->get()
#5 D:\xampp\htdocs\codeIgniter\system\BaseModel.php(563): CodeIgniter\Model->doFind(true, '1')
#6 D:\xampp\htdocs\codeIgniter\app\Controllers\LoginController.php(52): CodeIgniter\BaseModel->find('1')
#7 D:\xampp\htdocs\codeIgniter\system\CodeIgniter.php(919): App\Controllers\LoginController->edit('1')
#8 D:\xampp\htdocs\codeIgniter\system\CodeIgniter.php(494): CodeIgniter\CodeIgniter->runController(Object(App\Controllers\LoginController))
#9 D:\xampp\htdocs\codeIgniter\system\CodeIgniter.php(353): CodeIgniter\CodeIgniter->handleRequest(NULL, Object(Config\Cache), false)
#10 D:\xampp\htdocs\codeIgniter\index.php(79): CodeIgniter\CodeIgniter->run()
#11 D:\xampp\htdocs\codeIgniter\system\Commands\Server\rewrite.php(47): require_once('D:\\xampp\\htdocs...')
#12 {main}
CRITICAL - 2023-09-30 15:20:07 --> Unknown column 'user.id' in 'where clause'
in SYSTEMPATH\Database\BaseConnection.php on line 646.
 1 SYSTEMPATH\Database\BaseBuilder.php(1615): CodeIgniter\Database\BaseConnection->query('SELECT *
FROM `user`
WHERE `user`.`id` = :user.id:', [...], false)
 2 SYSTEMPATH\Model.php(196): CodeIgniter\Database\BaseBuilder->get()
 3 SYSTEMPATH\BaseModel.php(563): CodeIgniter\Model->doFind(true, '1')
 4 APPPATH\Controllers\LoginController.php(52): CodeIgniter\BaseModel->find('1')
 5 SYSTEMPATH\CodeIgniter.php(919): App\Controllers\LoginController->edit('1')
 6 SYSTEMPATH\CodeIgniter.php(494): CodeIgniter\CodeIgniter->runController(Object(App\Controllers\LoginController))
 7 SYSTEMPATH\CodeIgniter.php(353): CodeIgniter\CodeIgniter->handleRequest(null, Object(Config\Cache), false)
 8 FCPATH\index.php(79): CodeIgniter\CodeIgniter->run()
 9 SYSTEMPATH\Commands\Server\rewrite.php(47): require_once('D:\\xampp\\htdocs\\codeIgniter\\index.php')
ERROR - 2023-09-30 15:20:07 --> mysqli_sql_exception: Unknown column 'user.id' in 'where clause' in D:\xampp\htdocs\codeIgniter\system\Database\MySQLi\Connection.php:306
Stack trace:
#0 D:\xampp\htdocs\codeIgniter\system\Database\MySQLi\Connection.php(306): mysqli->query('SELECT *\nFROM `...', 0)
#1 D:\xampp\htdocs\codeIgniter\system\Database\BaseConnection.php(692): CodeIgniter\Database\MySQLi\Connection->execute('SELECT *\nFROM `...')
#2 D:\xampp\htdocs\codeIgniter\system\Database\BaseConnection.php(606): CodeIgniter\Database\BaseConnection->simpleQuery('SELECT *\nFROM `...')
#3 D:\xampp\htdocs\codeIgniter\system\Database\BaseBuilder.php(1615): CodeIgniter\Database\BaseConnection->query('SELECT *\nFROM `...', Array, false)
#4 D:\xampp\htdocs\codeIgniter\system\Model.php(196): CodeIgniter\Database\BaseBuilder->get()
#5 D:\xampp\htdocs\codeIgniter\system\BaseModel.php(563): CodeIgniter\Model->doFind(true, '1')
#6 D:\xampp\htdocs\codeIgniter\app\Controllers\LoginController.php(52): CodeIgniter\BaseModel->find('1')
#7 D:\xampp\htdocs\codeIgniter\system\CodeIgniter.php(919): App\Controllers\LoginController->edit('1')
#8 D:\xampp\htdocs\codeIgniter\system\CodeIgniter.php(494): CodeIgniter\CodeIgniter->runController(Object(App\Controllers\LoginController))
#9 D:\xampp\htdocs\codeIgniter\system\CodeIgniter.php(353): CodeIgniter\CodeIgniter->handleRequest(NULL, Object(Config\Cache), false)
#10 D:\xampp\htdocs\codeIgniter\index.php(79): CodeIgniter\CodeIgniter->run()
#11 D:\xampp\htdocs\codeIgniter\system\Commands\Server\rewrite.php(47): require_once('D:\\xampp\\htdocs...')
#12 {main}
CRITICAL - 2023-09-30 15:20:07 --> Unknown column 'user.id' in 'where clause'
in SYSTEMPATH\Database\BaseConnection.php on line 646.
 1 SYSTEMPATH\Database\BaseBuilder.php(1615): CodeIgniter\Database\BaseConnection->query('SELECT *
FROM `user`
WHERE `user`.`id` = :user.id:', [...], false)
 2 SYSTEMPATH\Model.php(196): CodeIgniter\Database\BaseBuilder->get()
 3 SYSTEMPATH\BaseModel.php(563): CodeIgniter\Model->doFind(true, '1')
 4 APPPATH\Controllers\LoginController.php(52): CodeIgniter\BaseModel->find('1')
 5 SYSTEMPATH\CodeIgniter.php(919): App\Controllers\LoginController->edit('1')
 6 SYSTEMPATH\CodeIgniter.php(494): CodeIgniter\CodeIgniter->runController(Object(App\Controllers\LoginController))
 7 SYSTEMPATH\CodeIgniter.php(353): CodeIgniter\CodeIgniter->handleRequest(null, Object(Config\Cache), false)
 8 FCPATH\index.php(79): CodeIgniter\CodeIgniter->run()
 9 SYSTEMPATH\Commands\Server\rewrite.php(47): require_once('D:\\xampp\\htdocs\\codeIgniter\\index.php')
ERROR - 2023-09-30 15:21:13 --> mysqli_sql_exception: Unknown column 'user.id' in 'where clause' in D:\xampp\htdocs\codeIgniter\system\Database\MySQLi\Connection.php:306
Stack trace:
#0 D:\xampp\htdocs\codeIgniter\system\Database\MySQLi\Connection.php(306): mysqli->query('SELECT *\nFROM `...', 0)
#1 D:\xampp\htdocs\codeIgniter\system\Database\BaseConnection.php(692): CodeIgniter\Database\MySQLi\Connection->execute('SELECT *\nFROM `...')
#2 D:\xampp\htdocs\codeIgniter\system\Database\BaseConnection.php(606): CodeIgniter\Database\BaseConnection->simpleQuery('SELECT *\nFROM `...')
#3 D:\xampp\htdocs\codeIgniter\system\Database\BaseBuilder.php(1615): CodeIgniter\Database\BaseConnection->query('SELECT *\nFROM `...', Array, false)
#4 D:\xampp\htdocs\codeIgniter\system\Model.php(196): CodeIgniter\Database\BaseBuilder->get()
#5 D:\xampp\htdocs\codeIgniter\system\BaseModel.php(563): CodeIgniter\Model->doFind(true, '1')
#6 D:\xampp\htdocs\codeIgniter\app\Controllers\LoginController.php(52): CodeIgniter\BaseModel->find('1')
#7 D:\xampp\htdocs\codeIgniter\system\CodeIgniter.php(919): App\Controllers\LoginController->edit('1')
#8 D:\xampp\htdocs\codeIgniter\system\CodeIgniter.php(494): CodeIgniter\CodeIgniter->runController(Object(App\Controllers\LoginController))
#9 D:\xampp\htdocs\codeIgniter\system\CodeIgniter.php(353): CodeIgniter\CodeIgniter->handleRequest(NULL, Object(Config\Cache), false)
#10 D:\xampp\htdocs\codeIgniter\index.php(79): CodeIgniter\CodeIgniter->run()
#11 D:\xampp\htdocs\codeIgniter\system\Commands\Server\rewrite.php(47): require_once('D:\\xampp\\htdocs...')
#12 {main}
CRITICAL - 2023-09-30 15:21:13 --> Unknown column 'user.id' in 'where clause'
in SYSTEMPATH\Database\BaseConnection.php on line 646.
 1 SYSTEMPATH\Database\BaseBuilder.php(1615): CodeIgniter\Database\BaseConnection->query('SELECT *
FROM `user`
WHERE `user`.`id` = :user.id:', [...], false)
 2 SYSTEMPATH\Model.php(196): CodeIgniter\Database\BaseBuilder->get()
 3 SYSTEMPATH\BaseModel.php(563): CodeIgniter\Model->doFind(true, '1')
 4 APPPATH\Controllers\LoginController.php(52): CodeIgniter\BaseModel->find('1')
 5 SYSTEMPATH\CodeIgniter.php(919): App\Controllers\LoginController->edit('1')
 6 SYSTEMPATH\CodeIgniter.php(494): CodeIgniter\CodeIgniter->runController(Object(App\Controllers\LoginController))
 7 SYSTEMPATH\CodeIgniter.php(353): CodeIgniter\CodeIgniter->handleRequest(null, Object(Config\Cache), false)
 8 FCPATH\index.php(79): CodeIgniter\CodeIgniter->run()
 9 SYSTEMPATH\Commands\Server\rewrite.php(47): require_once('D:\\xampp\\htdocs\\codeIgniter\\index.php')
ERROR - 2023-09-30 15:21:17 --> mysqli_sql_exception: Unknown column 'user.id' in 'where clause' in D:\xampp\htdocs\codeIgniter\system\Database\MySQLi\Connection.php:306
Stack trace:
#0 D:\xampp\htdocs\codeIgniter\system\Database\MySQLi\Connection.php(306): mysqli->query('SELECT *\nFROM `...', 0)
#1 D:\xampp\htdocs\codeIgniter\system\Database\BaseConnection.php(692): CodeIgniter\Database\MySQLi\Connection->execute('SELECT *\nFROM `...')
#2 D:\xampp\htdocs\codeIgniter\system\Database\BaseConnection.php(606): CodeIgniter\Database\BaseConnection->simpleQuery('SELECT *\nFROM `...')
#3 D:\xampp\htdocs\codeIgniter\system\Database\BaseBuilder.php(1615): CodeIgniter\Database\BaseConnection->query('SELECT *\nFROM `...', Array, false)
#4 D:\xampp\htdocs\codeIgniter\system\Model.php(196): CodeIgniter\Database\BaseBuilder->get()
#5 D:\xampp\htdocs\codeIgniter\system\BaseModel.php(563): CodeIgniter\Model->doFind(true, '1')
#6 D:\xampp\htdocs\codeIgniter\app\Controllers\LoginController.php(52): CodeIgniter\BaseModel->find('1')
#7 D:\xampp\htdocs\codeIgniter\system\CodeIgniter.php(919): App\Controllers\LoginController->edit('1')
#8 D:\xampp\htdocs\codeIgniter\system\CodeIgniter.php(494): CodeIgniter\CodeIgniter->runController(Object(App\Controllers\LoginController))
#9 D:\xampp\htdocs\codeIgniter\system\CodeIgniter.php(353): CodeIgniter\CodeIgniter->handleRequest(NULL, Object(Config\Cache), false)
#10 D:\xampp\htdocs\codeIgniter\index.php(79): CodeIgniter\CodeIgniter->run()
#11 D:\xampp\htdocs\codeIgniter\system\Commands\Server\rewrite.php(47): require_once('D:\\xampp\\htdocs...')
#12 {main}
CRITICAL - 2023-09-30 15:21:17 --> Unknown column 'user.id' in 'where clause'
in SYSTEMPATH\Database\BaseConnection.php on line 646.
 1 SYSTEMPATH\Database\BaseBuilder.php(1615): CodeIgniter\Database\BaseConnection->query('SELECT *
FROM `user`
WHERE `user`.`id` = :user.id:', [...], false)
 2 SYSTEMPATH\Model.php(196): CodeIgniter\Database\BaseBuilder->get()
 3 SYSTEMPATH\BaseModel.php(563): CodeIgniter\Model->doFind(true, '1')
 4 APPPATH\Controllers\LoginController.php(52): CodeIgniter\BaseModel->find('1')
 5 SYSTEMPATH\CodeIgniter.php(919): App\Controllers\LoginController->edit('1')
 6 SYSTEMPATH\CodeIgniter.php(494): CodeIgniter\CodeIgniter->runController(Object(App\Controllers\LoginController))
 7 SYSTEMPATH\CodeIgniter.php(353): CodeIgniter\CodeIgniter->handleRequest(null, Object(Config\Cache), false)
 8 FCPATH\index.php(79): CodeIgniter\CodeIgniter->run()
 9 SYSTEMPATH\Commands\Server\rewrite.php(47): require_once('D:\\xampp\\htdocs\\codeIgniter\\index.php')
ERROR - 2023-09-30 15:21:56 --> mysqli_sql_exception: Unknown column 'user.id' in 'where clause' in D:\xampp\htdocs\codeIgniter\system\Database\MySQLi\Connection.php:306
Stack trace:
#0 D:\xampp\htdocs\codeIgniter\system\Database\MySQLi\Connection.php(306): mysqli->query('SELECT *\nFROM `...', 0)
#1 D:\xampp\htdocs\codeIgniter\system\Database\BaseConnection.php(692): CodeIgniter\Database\MySQLi\Connection->execute('SELECT *\nFROM `...')
#2 D:\xampp\htdocs\codeIgniter\system\Database\BaseConnection.php(606): CodeIgniter\Database\BaseConnection->simpleQuery('SELECT *\nFROM `...')
#3 D:\xampp\htdocs\codeIgniter\system\Database\BaseBuilder.php(1615): CodeIgniter\Database\BaseConnection->query('SELECT *\nFROM `...', Array, false)
#4 D:\xampp\htdocs\codeIgniter\system\Model.php(196): CodeIgniter\Database\BaseBuilder->get()
#5 D:\xampp\htdocs\codeIgniter\system\BaseModel.php(563): CodeIgniter\Model->doFind(true, '1')
#6 D:\xampp\htdocs\codeIgniter\app\Controllers\LoginController.php(52): CodeIgniter\BaseModel->find('1')
#7 D:\xampp\htdocs\codeIgniter\system\CodeIgniter.php(919): App\Controllers\LoginController->edit('1')
#8 D:\xampp\htdocs\codeIgniter\system\CodeIgniter.php(494): CodeIgniter\CodeIgniter->runController(Object(App\Controllers\LoginController))
#9 D:\xampp\htdocs\codeIgniter\system\CodeIgniter.php(353): CodeIgniter\CodeIgniter->handleRequest(NULL, Object(Config\Cache), false)
#10 D:\xampp\htdocs\codeIgniter\index.php(79): CodeIgniter\CodeIgniter->run()
#11 D:\xampp\htdocs\codeIgniter\system\Commands\Server\rewrite.php(47): require_once('D:\\xampp\\htdocs...')
#12 {main}
CRITICAL - 2023-09-30 15:21:56 --> Unknown column 'user.id' in 'where clause'
in SYSTEMPATH\Database\BaseConnection.php on line 646.
 1 SYSTEMPATH\Database\BaseBuilder.php(1615): CodeIgniter\Database\BaseConnection->query('SELECT *
FROM `user`
WHERE `user`.`id` = :user.id:', [...], false)
 2 SYSTEMPATH\Model.php(196): CodeIgniter\Database\BaseBuilder->get()
 3 SYSTEMPATH\BaseModel.php(563): CodeIgniter\Model->doFind(true, '1')
 4 APPPATH\Controllers\LoginController.php(52): CodeIgniter\BaseModel->find('1')
 5 SYSTEMPATH\CodeIgniter.php(919): App\Controllers\LoginController->edit('1')
 6 SYSTEMPATH\CodeIgniter.php(494): CodeIgniter\CodeIgniter->runController(Object(App\Controllers\LoginController))
 7 SYSTEMPATH\CodeIgniter.php(353): CodeIgniter\CodeIgniter->handleRequest(null, Object(Config\Cache), false)
 8 FCPATH\index.php(79): CodeIgniter\CodeIgniter->run()
 9 SYSTEMPATH\Commands\Server\rewrite.php(47): require_once('D:\\xampp\\htdocs\\codeIgniter\\index.php')
CRITICAL - 2023-09-30 15:21:58 --> Undefined array key "user_id"
in APPPATH\Views\pages\user\viewuser.php on line 28.
 1 APPPATH\Views\pages\user\viewuser.php(28): CodeIgniter\Debug\Exceptions->errorHandler(2, 'Undefined array key "user_id"', 'D:\\xampp\\htdocs\\codeIgniter\\app\\Views\\pages\\user\\viewuser.php', 28)
 2 SYSTEMPATH\View\View.php(226): include('D:\\xampp\\htdocs\\codeIgniter\\app\\Views\\pages\\user\\viewuser.php')
 3 SYSTEMPATH\View\View.php(229): CodeIgniter\View\View->CodeIgniter\View\{closure}()
 4 SYSTEMPATH\Common.php(1188): CodeIgniter\View\View->render('pages/user/viewuser', [], true)
 5 APPPATH\Controllers\LoginController.php(25): view('pages/user/viewuser', [...])
 6 SYSTEMPATH\CodeIgniter.php(919): App\Controllers\LoginController->fetchuser()
 7 SYSTEMPATH\CodeIgniter.php(494): CodeIgniter\CodeIgniter->runController(Object(App\Controllers\LoginController))
 8 SYSTEMPATH\CodeIgniter.php(353): CodeIgniter\CodeIgniter->handleRequest(null, Object(Config\Cache), false)
 9 FCPATH\index.php(79): CodeIgniter\CodeIgniter->run()
10 SYSTEMPATH\Commands\Server\rewrite.php(47): require_once('D:\\xampp\\htdocs\\codeIgniter\\index.php')
CRITICAL - 2023-09-30 15:22:00 --> Undefined array key "user_id"
in APPPATH\Views\pages\user\viewuser.php on line 28.
 1 APPPATH\Views\pages\user\viewuser.php(28): CodeIgniter\Debug\Exceptions->errorHandler(2, 'Undefined array key "user_id"', 'D:\\xampp\\htdocs\\codeIgniter\\app\\Views\\pages\\user\\viewuser.php', 28)
 2 SYSTEMPATH\View\View.php(226): include('D:\\xampp\\htdocs\\codeIgniter\\app\\Views\\pages\\user\\viewuser.php')
 3 SYSTEMPATH\View\View.php(229): CodeIgniter\View\View->CodeIgniter\View\{closure}()
 4 SYSTEMPATH\Common.php(1188): CodeIgniter\View\View->render('pages/user/viewuser', [], true)
 5 APPPATH\Controllers\LoginController.php(25): view('pages/user/viewuser', [...])
 6 SYSTEMPATH\CodeIgniter.php(919): App\Controllers\LoginController->fetchuser()
 7 SYSTEMPATH\CodeIgniter.php(494): CodeIgniter\CodeIgniter->runController(Object(App\Controllers\LoginController))
 8 SYSTEMPATH\CodeIgniter.php(353): CodeIgniter\CodeIgniter->handleRequest(null, Object(Config\Cache), false)
 9 FCPATH\index.php(79): CodeIgniter\CodeIgniter->run()
10 SYSTEMPATH\Commands\Server\rewrite.php(47): require_once('D:\\xampp\\htdocs\\codeIgniter\\index.php')
ERROR - 2023-09-30 15:22:13 --> mysqli_sql_exception: Unknown column 'user.id' in 'where clause' in D:\xampp\htdocs\codeIgniter\system\Database\MySQLi\Connection.php:306
Stack trace:
#0 D:\xampp\htdocs\codeIgniter\system\Database\MySQLi\Connection.php(306): mysqli->query('SELECT *\nFROM `...', 0)
#1 D:\xampp\htdocs\codeIgniter\system\Database\BaseConnection.php(692): CodeIgniter\Database\MySQLi\Connection->execute('SELECT *\nFROM `...')
#2 D:\xampp\htdocs\codeIgniter\system\Database\BaseConnection.php(606): CodeIgniter\Database\BaseConnection->simpleQuery('SELECT *\nFROM `...')
#3 D:\xampp\htdocs\codeIgniter\system\Database\BaseBuilder.php(1615): CodeIgniter\Database\BaseConnection->query('SELECT *\nFROM `...', Array, false)
#4 D:\xampp\htdocs\codeIgniter\system\Model.php(196): CodeIgniter\Database\BaseBuilder->get()
#5 D:\xampp\htdocs\codeIgniter\system\BaseModel.php(563): CodeIgniter\Model->doFind(true, '1')
#6 D:\xampp\htdocs\codeIgniter\app\Controllers\LoginController.php(52): CodeIgniter\BaseModel->find('1')
#7 D:\xampp\htdocs\codeIgniter\system\CodeIgniter.php(919): App\Controllers\LoginController->edit('1')
#8 D:\xampp\htdocs\codeIgniter\system\CodeIgniter.php(494): CodeIgniter\CodeIgniter->runController(Object(App\Controllers\LoginController))
#9 D:\xampp\htdocs\codeIgniter\system\CodeIgniter.php(353): CodeIgniter\CodeIgniter->handleRequest(NULL, Object(Config\Cache), false)
#10 D:\xampp\htdocs\codeIgniter\index.php(79): CodeIgniter\CodeIgniter->run()
#11 D:\xampp\htdocs\codeIgniter\system\Commands\Server\rewrite.php(47): require_once('D:\\xampp\\htdocs...')
#12 {main}
CRITICAL - 2023-09-30 15:22:13 --> Unknown column 'user.id' in 'where clause'
in SYSTEMPATH\Database\BaseConnection.php on line 646.
 1 SYSTEMPATH\Database\BaseBuilder.php(1615): CodeIgniter\Database\BaseConnection->query('SELECT *
FROM `user`
WHERE `user`.`id` = :user.id:', [...], false)
 2 SYSTEMPATH\Model.php(196): CodeIgniter\Database\BaseBuilder->get()
 3 SYSTEMPATH\BaseModel.php(563): CodeIgniter\Model->doFind(true, '1')
 4 APPPATH\Controllers\LoginController.php(52): CodeIgniter\BaseModel->find('1')
 5 SYSTEMPATH\CodeIgniter.php(919): App\Controllers\LoginController->edit('1')
 6 SYSTEMPATH\CodeIgniter.php(494): CodeIgniter\CodeIgniter->runController(Object(App\Controllers\LoginController))
 7 SYSTEMPATH\CodeIgniter.php(353): CodeIgniter\CodeIgniter->handleRequest(null, Object(Config\Cache), false)
 8 FCPATH\index.php(79): CodeIgniter\CodeIgniter->run()
 9 SYSTEMPATH\Commands\Server\rewrite.php(47): require_once('D:\\xampp\\htdocs\\codeIgniter\\index.php')
ERROR - 2023-09-30 15:26:09 --> mysqli_sql_exception: Unknown column 'user.id' in 'where clause' in D:\xampp\htdocs\codeIgniter\system\Database\MySQLi\Connection.php:306
Stack trace:
#0 D:\xampp\htdocs\codeIgniter\system\Database\MySQLi\Connection.php(306): mysqli->query('SELECT *\nFROM `...', 0)
#1 D:\xampp\htdocs\codeIgniter\system\Database\BaseConnection.php(692): CodeIgniter\Database\MySQLi\Connection->execute('SELECT *\nFROM `...')
#2 D:\xampp\htdocs\codeIgniter\system\Database\BaseConnection.php(606): CodeIgniter\Database\BaseConnection->simpleQuery('SELECT *\nFROM `...')
#3 D:\xampp\htdocs\codeIgniter\system\Database\BaseBuilder.php(1615): CodeIgniter\Database\BaseConnection->query('SELECT *\nFROM `...', Array, false)
#4 D:\xampp\htdocs\codeIgniter\system\Model.php(196): CodeIgniter\Database\BaseBuilder->get()
#5 D:\xampp\htdocs\codeIgniter\system\BaseModel.php(563): CodeIgniter\Model->doFind(true, '1')
#6 D:\xampp\htdocs\codeIgniter\app\Controllers\LoginController.php(50): CodeIgniter\BaseModel->find('1')
#7 D:\xampp\htdocs\codeIgniter\system\CodeIgniter.php(919): App\Controllers\LoginController->edit('1')
#8 D:\xampp\htdocs\codeIgniter\system\CodeIgniter.php(494): CodeIgniter\CodeIgniter->runController(Object(App\Controllers\LoginController))
#9 D:\xampp\htdocs\codeIgniter\system\CodeIgniter.php(353): CodeIgniter\CodeIgniter->handleRequest(NULL, Object(Config\Cache), false)
#10 D:\xampp\htdocs\codeIgniter\index.php(79): CodeIgniter\CodeIgniter->run()
#11 D:\xampp\htdocs\codeIgniter\system\Commands\Server\rewrite.php(47): require_once('D:\\xampp\\htdocs...')
#12 {main}
CRITICAL - 2023-09-30 15:26:09 --> Unknown column 'user.id' in 'where clause'
in SYSTEMPATH\Database\BaseConnection.php on line 646.
 1 SYSTEMPATH\Database\BaseBuilder.php(1615): CodeIgniter\Database\BaseConnection->query('SELECT *
FROM `user`
WHERE `user`.`id` = :user.id:', [...], false)
 2 SYSTEMPATH\Model.php(196): CodeIgniter\Database\BaseBuilder->get()
 3 SYSTEMPATH\BaseModel.php(563): CodeIgniter\Model->doFind(true, '1')
 4 APPPATH\Controllers\LoginController.php(50): CodeIgniter\BaseModel->find('1')
 5 SYSTEMPATH\CodeIgniter.php(919): App\Controllers\LoginController->edit('1')
 6 SYSTEMPATH\CodeIgniter.php(494): CodeIgniter\CodeIgniter->runController(Object(App\Controllers\LoginController))
 7 SYSTEMPATH\CodeIgniter.php(353): CodeIgniter\CodeIgniter->handleRequest(null, Object(Config\Cache), false)
 8 FCPATH\index.php(79): CodeIgniter\CodeIgniter->run()
 9 SYSTEMPATH\Commands\Server\rewrite.php(47): require_once('D:\\xampp\\htdocs\\codeIgniter\\index.php')
ERROR - 2023-09-30 15:26:11 --> mysqli_sql_exception: Unknown column 'user.id' in 'where clause' in D:\xampp\htdocs\codeIgniter\system\Database\MySQLi\Connection.php:306
Stack trace:
#0 D:\xampp\htdocs\codeIgniter\system\Database\MySQLi\Connection.php(306): mysqli->query('SELECT *\nFROM `...', 0)
#1 D:\xampp\htdocs\codeIgniter\system\Database\BaseConnection.php(692): CodeIgniter\Database\MySQLi\Connection->execute('SELECT *\nFROM `...')
#2 D:\xampp\htdocs\codeIgniter\system\Database\BaseConnection.php(606): CodeIgniter\Database\BaseConnection->simpleQuery('SELECT *\nFROM `...')
#3 D:\xampp\htdocs\codeIgniter\system\Database\BaseBuilder.php(1615): CodeIgniter\Database\BaseConnection->query('SELECT *\nFROM `...', Array, false)
#4 D:\xampp\htdocs\codeIgniter\system\Model.php(196): CodeIgniter\Database\BaseBuilder->get()
#5 D:\xampp\htdocs\codeIgniter\system\BaseModel.php(563): CodeIgniter\Model->doFind(true, '1')
#6 D:\xampp\htdocs\codeIgniter\app\Controllers\LoginController.php(50): CodeIgniter\BaseModel->find('1')
#7 D:\xampp\htdocs\codeIgniter\system\CodeIgniter.php(919): App\Controllers\LoginController->edit('1')
#8 D:\xampp\htdocs\codeIgniter\system\CodeIgniter.php(494): CodeIgniter\CodeIgniter->runController(Object(App\Controllers\LoginController))
#9 D:\xampp\htdocs\codeIgniter\system\CodeIgniter.php(353): CodeIgniter\CodeIgniter->handleRequest(NULL, Object(Config\Cache), false)
#10 D:\xampp\htdocs\codeIgniter\index.php(79): CodeIgniter\CodeIgniter->run()
#11 D:\xampp\htdocs\codeIgniter\system\Commands\Server\rewrite.php(47): require_once('D:\\xampp\\htdocs...')
#12 {main}
CRITICAL - 2023-09-30 15:26:11 --> Unknown column 'user.id' in 'where clause'
in SYSTEMPATH\Database\BaseConnection.php on line 646.
 1 SYSTEMPATH\Database\BaseBuilder.php(1615): CodeIgniter\Database\BaseConnection->query('SELECT *
FROM `user`
WHERE `user`.`id` = :user.id:', [...], false)
 2 SYSTEMPATH\Model.php(196): CodeIgniter\Database\BaseBuilder->get()
 3 SYSTEMPATH\BaseModel.php(563): CodeIgniter\Model->doFind(true, '1')
 4 APPPATH\Controllers\LoginController.php(50): CodeIgniter\BaseModel->find('1')
 5 SYSTEMPATH\CodeIgniter.php(919): App\Controllers\LoginController->edit('1')
 6 SYSTEMPATH\CodeIgniter.php(494): CodeIgniter\CodeIgniter->runController(Object(App\Controllers\LoginController))
 7 SYSTEMPATH\CodeIgniter.php(353): CodeIgniter\CodeIgniter->handleRequest(null, Object(Config\Cache), false)
 8 FCPATH\index.php(79): CodeIgniter\CodeIgniter->run()
 9 SYSTEMPATH\Commands\Server\rewrite.php(47): require_once('D:\\xampp\\htdocs\\codeIgniter\\index.php')
ERROR - 2023-09-30 15:26:14 --> mysqli_sql_exception: Unknown column 'user.id' in 'where clause' in D:\xampp\htdocs\codeIgniter\system\Database\MySQLi\Connection.php:306
Stack trace:
#0 D:\xampp\htdocs\codeIgniter\system\Database\MySQLi\Connection.php(306): mysqli->query('SELECT *\nFROM `...', 0)
#1 D:\xampp\htdocs\codeIgniter\system\Database\BaseConnection.php(692): CodeIgniter\Database\MySQLi\Connection->execute('SELECT *\nFROM `...')
#2 D:\xampp\htdocs\codeIgniter\system\Database\BaseConnection.php(606): CodeIgniter\Database\BaseConnection->simpleQuery('SELECT *\nFROM `...')
#3 D:\xampp\htdocs\codeIgniter\system\Database\BaseBuilder.php(1615): CodeIgniter\Database\BaseConnection->query('SELECT *\nFROM `...', Array, false)
#4 D:\xampp\htdocs\codeIgniter\system\Model.php(196): CodeIgniter\Database\BaseBuilder->get()
#5 D:\xampp\htdocs\codeIgniter\system\BaseModel.php(563): CodeIgniter\Model->doFind(true, '1')
#6 D:\xampp\htdocs\codeIgniter\app\Controllers\LoginController.php(50): CodeIgniter\BaseModel->find('1')
#7 D:\xampp\htdocs\codeIgniter\system\CodeIgniter.php(919): App\Controllers\LoginController->edit('1')
#8 D:\xampp\htdocs\codeIgniter\system\CodeIgniter.php(494): CodeIgniter\CodeIgniter->runController(Object(App\Controllers\LoginController))
#9 D:\xampp\htdocs\codeIgniter\system\CodeIgniter.php(353): CodeIgniter\CodeIgniter->handleRequest(NULL, Object(Config\Cache), false)
#10 D:\xampp\htdocs\codeIgniter\index.php(79): CodeIgniter\CodeIgniter->run()
#11 D:\xampp\htdocs\codeIgniter\system\Commands\Server\rewrite.php(47): require_once('D:\\xampp\\htdocs...')
#12 {main}
CRITICAL - 2023-09-30 15:26:14 --> Unknown column 'user.id' in 'where clause'
in SYSTEMPATH\Database\BaseConnection.php on line 646.
 1 SYSTEMPATH\Database\BaseBuilder.php(1615): CodeIgniter\Database\BaseConnection->query('SELECT *
FROM `user`
WHERE `user`.`id` = :user.id:', [...], false)
 2 SYSTEMPATH\Model.php(196): CodeIgniter\Database\BaseBuilder->get()
 3 SYSTEMPATH\BaseModel.php(563): CodeIgniter\Model->doFind(true, '1')
 4 APPPATH\Controllers\LoginController.php(50): CodeIgniter\BaseModel->find('1')
 5 SYSTEMPATH\CodeIgniter.php(919): App\Controllers\LoginController->edit('1')
 6 SYSTEMPATH\CodeIgniter.php(494): CodeIgniter\CodeIgniter->runController(Object(App\Controllers\LoginController))
 7 SYSTEMPATH\CodeIgniter.php(353): CodeIgniter\CodeIgniter->handleRequest(null, Object(Config\Cache), false)
 8 FCPATH\index.php(79): CodeIgniter\CodeIgniter->run()
 9 SYSTEMPATH\Commands\Server\rewrite.php(47): require_once('D:\\xampp\\htdocs\\codeIgniter\\index.php')
ERROR - 2023-09-30 15:29:15 --> mysqli_sql_exception: Unknown column 'user.id' in 'where clause' in D:\xampp\htdocs\codeIgniter\system\Database\MySQLi\Connection.php:306
Stack trace:
#0 D:\xampp\htdocs\codeIgniter\system\Database\MySQLi\Connection.php(306): mysqli->query('SELECT *\nFROM `...', 0)
#1 D:\xampp\htdocs\codeIgniter\system\Database\BaseConnection.php(692): CodeIgniter\Database\MySQLi\Connection->execute('SELECT *\nFROM `...')
#2 D:\xampp\htdocs\codeIgniter\system\Database\BaseConnection.php(606): CodeIgniter\Database\BaseConnection->simpleQuery('SELECT *\nFROM `...')
#3 D:\xampp\htdocs\codeIgniter\system\Database\BaseBuilder.php(1615): CodeIgniter\Database\BaseConnection->query('SELECT *\nFROM `...', Array, false)
#4 D:\xampp\htdocs\codeIgniter\system\Model.php(196): CodeIgniter\Database\BaseBuilder->get()
#5 D:\xampp\htdocs\codeIgniter\system\BaseModel.php(563): CodeIgniter\Model->doFind(true, '1')
#6 D:\xampp\htdocs\codeIgniter\app\Controllers\LoginController.php(50): CodeIgniter\BaseModel->find('1')
#7 D:\xampp\htdocs\codeIgniter\system\CodeIgniter.php(919): App\Controllers\LoginController->edit('1')
#8 D:\xampp\htdocs\codeIgniter\system\CodeIgniter.php(494): CodeIgniter\CodeIgniter->runController(Object(App\Controllers\LoginController))
#9 D:\xampp\htdocs\codeIgniter\system\CodeIgniter.php(353): CodeIgniter\CodeIgniter->handleRequest(NULL, Object(Config\Cache), false)
#10 D:\xampp\htdocs\codeIgniter\index.php(79): CodeIgniter\CodeIgniter->run()
#11 D:\xampp\htdocs\codeIgniter\system\Commands\Server\rewrite.php(47): require_once('D:\\xampp\\htdocs...')
#12 {main}
CRITICAL - 2023-09-30 15:29:15 --> Unknown column 'user.id' in 'where clause'
in SYSTEMPATH\Database\BaseConnection.php on line 646.
 1 SYSTEMPATH\Database\BaseBuilder.php(1615): CodeIgniter\Database\BaseConnection->query('SELECT *
FROM `user`
WHERE `user`.`id` = :user.id:', [...], false)
 2 SYSTEMPATH\Model.php(196): CodeIgniter\Database\BaseBuilder->get()
 3 SYSTEMPATH\BaseModel.php(563): CodeIgniter\Model->doFind(true, '1')
 4 APPPATH\Controllers\LoginController.php(50): CodeIgniter\BaseModel->find('1')
 5 SYSTEMPATH\CodeIgniter.php(919): App\Controllers\LoginController->edit('1')
 6 SYSTEMPATH\CodeIgniter.php(494): CodeIgniter\CodeIgniter->runController(Object(App\Controllers\LoginController))
 7 SYSTEMPATH\CodeIgniter.php(353): CodeIgniter\CodeIgniter->handleRequest(null, Object(Config\Cache), false)
 8 FCPATH\index.php(79): CodeIgniter\CodeIgniter->run()
 9 SYSTEMPATH\Commands\Server\rewrite.php(47): require_once('D:\\xampp\\htdocs\\codeIgniter\\index.php')
ERROR - 2023-09-30 15:29:20 --> mysqli_sql_exception: Unknown column 'user.id' in 'where clause' in D:\xampp\htdocs\codeIgniter\system\Database\MySQLi\Connection.php:306
Stack trace:
#0 D:\xampp\htdocs\codeIgniter\system\Database\MySQLi\Connection.php(306): mysqli->query('SELECT *\nFROM `...', 0)
#1 D:\xampp\htdocs\codeIgniter\system\Database\BaseConnection.php(692): CodeIgniter\Database\MySQLi\Connection->execute('SELECT *\nFROM `...')
#2 D:\xampp\htdocs\codeIgniter\system\Database\BaseConnection.php(606): CodeIgniter\Database\BaseConnection->simpleQuery('SELECT *\nFROM `...')
#3 D:\xampp\htdocs\codeIgniter\system\Database\BaseBuilder.php(1615): CodeIgniter\Database\BaseConnection->query('SELECT *\nFROM `...', Array, false)
#4 D:\xampp\htdocs\codeIgniter\system\Model.php(196): CodeIgniter\Database\BaseBuilder->get()
#5 D:\xampp\htdocs\codeIgniter\system\BaseModel.php(563): CodeIgniter\Model->doFind(true, '4')
#6 D:\xampp\htdocs\codeIgniter\app\Controllers\LoginController.php(50): CodeIgniter\BaseModel->find('4')
#7 D:\xampp\htdocs\codeIgniter\system\CodeIgniter.php(919): App\Controllers\LoginController->edit('4')
#8 D:\xampp\htdocs\codeIgniter\system\CodeIgniter.php(494): CodeIgniter\CodeIgniter->runController(Object(App\Controllers\LoginController))
#9 D:\xampp\htdocs\codeIgniter\system\CodeIgniter.php(353): CodeIgniter\CodeIgniter->handleRequest(NULL, Object(Config\Cache), false)
#10 D:\xampp\htdocs\codeIgniter\index.php(79): CodeIgniter\CodeIgniter->run()
#11 D:\xampp\htdocs\codeIgniter\system\Commands\Server\rewrite.php(47): require_once('D:\\xampp\\htdocs...')
#12 {main}
CRITICAL - 2023-09-30 15:29:20 --> Unknown column 'user.id' in 'where clause'
in SYSTEMPATH\Database\BaseConnection.php on line 646.
 1 SYSTEMPATH\Database\BaseBuilder.php(1615): CodeIgniter\Database\BaseConnection->query('SELECT *
FROM `user`
WHERE `user`.`id` = :user.id:', [...], false)
 2 SYSTEMPATH\Model.php(196): CodeIgniter\Database\BaseBuilder->get()
 3 SYSTEMPATH\BaseModel.php(563): CodeIgniter\Model->doFind(true, '4')
 4 APPPATH\Controllers\LoginController.php(50): CodeIgniter\BaseModel->find('4')
 5 SYSTEMPATH\CodeIgniter.php(919): App\Controllers\LoginController->edit('4')
 6 SYSTEMPATH\CodeIgniter.php(494): CodeIgniter\CodeIgniter->runController(Object(App\Controllers\LoginController))
 7 SYSTEMPATH\CodeIgniter.php(353): CodeIgniter\CodeIgniter->handleRequest(null, Object(Config\Cache), false)
 8 FCPATH\index.php(79): CodeIgniter\CodeIgniter->run()
 9 SYSTEMPATH\Commands\Server\rewrite.php(47): require_once('D:\\xampp\\htdocs\\codeIgniter\\index.php')
CRITICAL - 2023-09-30 16:49:01 --> Deletes are not allowed unless they contain a "where" or "like" clause.
in SYSTEMPATH\Database\BaseBuilder.php on line 2766.
 1 SYSTEMPATH\Model.php(445): CodeIgniter\Database\BaseBuilder->delete()
 2 SYSTEMPATH\BaseModel.php(1080): CodeIgniter\Model->doDelete(null, false)
 3 APPPATH\Controllers\LoginController.php(62): CodeIgniter\BaseModel->delete()
 4 SYSTEMPATH\CodeIgniter.php(919): App\Controllers\LoginController->delete('5')
 5 SYSTEMPATH\CodeIgniter.php(494): CodeIgniter\CodeIgniter->runController(Object(App\Controllers\LoginController))
 6 SYSTEMPATH\CodeIgniter.php(353): CodeIgniter\CodeIgniter->handleRequest(null, Object(Config\Cache), false)
 7 FCPATH\index.php(79): CodeIgniter\CodeIgniter->run()
 8 SYSTEMPATH\Commands\Server\rewrite.php(47): require_once('D:\\xampp\\htdocs\\codeIgniter\\index.php')
CRITICAL - 2023-09-30 16:49:06 --> Deletes are not allowed unless they contain a "where" or "like" clause.
in SYSTEMPATH\Database\BaseBuilder.php on line 2766.
 1 SYSTEMPATH\Model.php(445): CodeIgniter\Database\BaseBuilder->delete()
 2 SYSTEMPATH\BaseModel.php(1080): CodeIgniter\Model->doDelete(null, false)
 3 APPPATH\Controllers\LoginController.php(62): CodeIgniter\BaseModel->delete()
 4 SYSTEMPATH\CodeIgniter.php(919): App\Controllers\LoginController->delete('2')
 5 SYSTEMPATH\CodeIgniter.php(494): CodeIgniter\CodeIgniter->runController(Object(App\Controllers\LoginController))
 6 SYSTEMPATH\CodeIgniter.php(353): CodeIgniter\CodeIgniter->handleRequest(null, Object(Config\Cache), false)
 7 FCPATH\index.php(79): CodeIgniter\CodeIgniter->run()
 8 SYSTEMPATH\Commands\Server\rewrite.php(47): require_once('D:\\xampp\\htdocs\\codeIgniter\\index.php')
CRITICAL - 2023-09-30 16:50:15 --> Deletes are not allowed unless they contain a "where" or "like" clause.
in SYSTEMPATH\Database\BaseBuilder.php on line 2766.
 1 SYSTEMPATH\Model.php(445): CodeIgniter\Database\BaseBuilder->delete()
 2 SYSTEMPATH\BaseModel.php(1080): CodeIgniter\Model->doDelete(null, false)
 3 APPPATH\Controllers\LoginController.php(61): CodeIgniter\BaseModel->delete()
 4 SYSTEMPATH\CodeIgniter.php(919): App\Controllers\LoginController->delete('2')
 5 SYSTEMPATH\CodeIgniter.php(494): CodeIgniter\CodeIgniter->runController(Object(App\Controllers\LoginController))
 6 SYSTEMPATH\CodeIgniter.php(353): CodeIgniter\CodeIgniter->handleRequest(null, Object(Config\Cache), false)
 7 FCPATH\index.php(79): CodeIgniter\CodeIgniter->run()
 8 SYSTEMPATH\Commands\Server\rewrite.php(47): require_once('D:\\xampp\\htdocs\\codeIgniter\\index.php')
CRITICAL - 2023-09-30 16:50:18 --> Deletes are not allowed unless they contain a "where" or "like" clause.
in SYSTEMPATH\Database\BaseBuilder.php on line 2766.
 1 SYSTEMPATH\Model.php(445): CodeIgniter\Database\BaseBuilder->delete()
 2 SYSTEMPATH\BaseModel.php(1080): CodeIgniter\Model->doDelete(null, false)
 3 APPPATH\Controllers\LoginController.php(61): CodeIgniter\BaseModel->delete()
 4 SYSTEMPATH\CodeIgniter.php(919): App\Controllers\LoginController->delete('1')
 5 SYSTEMPATH\CodeIgniter.php(494): CodeIgniter\CodeIgniter->runController(Object(App\Controllers\LoginController))
 6 SYSTEMPATH\CodeIgniter.php(353): CodeIgniter\CodeIgniter->handleRequest(null, Object(Config\Cache), false)
 7 FCPATH\index.php(79): CodeIgniter\CodeIgniter->run()
 8 SYSTEMPATH\Commands\Server\rewrite.php(47): require_once('D:\\xampp\\htdocs\\codeIgniter\\index.php')
CRITICAL - 2023-09-30 16:50:21 --> Deletes are not allowed unless they contain a "where" or "like" clause.
in SYSTEMPATH\Database\BaseBuilder.php on line 2766.
 1 SYSTEMPATH\Model.php(445): CodeIgniter\Database\BaseBuilder->delete()
 2 SYSTEMPATH\BaseModel.php(1080): CodeIgniter\Model->doDelete(null, false)
 3 APPPATH\Controllers\LoginController.php(61): CodeIgniter\BaseModel->delete()
 4 SYSTEMPATH\CodeIgniter.php(919): App\Controllers\LoginController->delete('1')
 5 SYSTEMPATH\CodeIgniter.php(494): CodeIgniter\CodeIgniter->runController(Object(App\Controllers\LoginController))
 6 SYSTEMPATH\CodeIgniter.php(353): CodeIgniter\CodeIgniter->handleRequest(null, Object(Config\Cache), false)
 7 FCPATH\index.php(79): CodeIgniter\CodeIgniter->run()
 8 SYSTEMPATH\Commands\Server\rewrite.php(47): require_once('D:\\xampp\\htdocs\\codeIgniter\\index.php')
CRITICAL - 2023-09-30 16:50:22 --> Deletes are not allowed unless they contain a "where" or "like" clause.
in SYSTEMPATH\Database\BaseBuilder.php on line 2766.
 1 SYSTEMPATH\Model.php(445): CodeIgniter\Database\BaseBuilder->delete()
 2 SYSTEMPATH\BaseModel.php(1080): CodeIgniter\Model->doDelete(null, false)
 3 APPPATH\Controllers\LoginController.php(61): CodeIgniter\BaseModel->delete()
 4 SYSTEMPATH\CodeIgniter.php(919): App\Controllers\LoginController->delete('1')
 5 SYSTEMPATH\CodeIgniter.php(494): CodeIgniter\CodeIgniter->runController(Object(App\Controllers\LoginController))
 6 SYSTEMPATH\CodeIgniter.php(353): CodeIgniter\CodeIgniter->handleRequest(null, Object(Config\Cache), false)
 7 FCPATH\index.php(79): CodeIgniter\CodeIgniter->run()
 8 SYSTEMPATH\Commands\Server\rewrite.php(47): require_once('D:\\xampp\\htdocs\\codeIgniter\\index.php')
CRITICAL - 2023-09-30 16:50:40 --> Deletes are not allowed unless they contain a "where" or "like" clause.
in SYSTEMPATH\Database\BaseBuilder.php on line 2766.
 1 SYSTEMPATH\Model.php(445): CodeIgniter\Database\BaseBuilder->delete()
 2 SYSTEMPATH\BaseModel.php(1080): CodeIgniter\Model->doDelete(null, false)
 3 APPPATH\Controllers\LoginController.php(61): CodeIgniter\BaseModel->delete()
 4 SYSTEMPATH\CodeIgniter.php(919): App\Controllers\LoginController->delete('1')
 5 SYSTEMPATH\CodeIgniter.php(494): CodeIgniter\CodeIgniter->runController(Object(App\Controllers\LoginController))
 6 SYSTEMPATH\CodeIgniter.php(353): CodeIgniter\CodeIgniter->handleRequest(null, Object(Config\Cache), false)
 7 FCPATH\index.php(79): CodeIgniter\CodeIgniter->run()
 8 SYSTEMPATH\Commands\Server\rewrite.php(47): require_once('D:\\xampp\\htdocs\\codeIgniter\\index.php')
CRITICAL - 2023-09-30 16:50:43 --> Deletes are not allowed unless they contain a "where" or "like" clause.
in SYSTEMPATH\Database\BaseBuilder.php on line 2766.
 1 SYSTEMPATH\Model.php(445): CodeIgniter\Database\BaseBuilder->delete()
 2 SYSTEMPATH\BaseModel.php(1080): CodeIgniter\Model->doDelete(null, false)
 3 APPPATH\Controllers\LoginController.php(61): CodeIgniter\BaseModel->delete()
 4 SYSTEMPATH\CodeIgniter.php(919): App\Controllers\LoginController->delete('1')
 5 SYSTEMPATH\CodeIgniter.php(494): CodeIgniter\CodeIgniter->runController(Object(App\Controllers\LoginController))
 6 SYSTEMPATH\CodeIgniter.php(353): CodeIgniter\CodeIgniter->handleRequest(null, Object(Config\Cache), false)
 7 FCPATH\index.php(79): CodeIgniter\CodeIgniter->run()
 8 SYSTEMPATH\Commands\Server\rewrite.php(47): require_once('D:\\xampp\\htdocs\\codeIgniter\\index.php')
CRITICAL - 2023-09-30 16:51:18 --> Deletes are not allowed unless they contain a "where" or "like" clause.
in SYSTEMPATH\Database\BaseBuilder.php on line 2766.
 1 SYSTEMPATH\Model.php(445): CodeIgniter\Database\BaseBuilder->delete()
 2 SYSTEMPATH\BaseModel.php(1080): CodeIgniter\Model->doDelete(null, false)
 3 APPPATH\Controllers\LoginController.php(61): CodeIgniter\BaseModel->delete()
 4 SYSTEMPATH\CodeIgniter.php(919): App\Controllers\LoginController->delete('1')
 5 SYSTEMPATH\CodeIgniter.php(494): CodeIgniter\CodeIgniter->runController(Object(App\Controllers\LoginController))
 6 SYSTEMPATH\CodeIgniter.php(353): CodeIgniter\CodeIgniter->handleRequest(null, Object(Config\Cache), false)
 7 FCPATH\index.php(79): CodeIgniter\CodeIgniter->run()
 8 SYSTEMPATH\Commands\Server\rewrite.php(47): require_once('D:\\xampp\\htdocs\\codeIgniter\\index.php')
CRITICAL - 2023-09-30 17:38:17 --> syntax error, unexpected end of file
in APPPATH\Views\nav.php on line 636.
 1 SYSTEMPATH\View\View.php(229): CodeIgniter\View\View->CodeIgniter\View\{closure}()
 2 SYSTEMPATH\Common.php(1188): CodeIgniter\View\View->render('nav', [], true)
 3 APPPATH\Controllers\Home.php(9): view('nav')
 4 SYSTEMPATH\CodeIgniter.php(919): App\Controllers\Home->index()
 5 SYSTEMPATH\CodeIgniter.php(494): CodeIgniter\CodeIgniter->runController(Object(App\Controllers\Home))
 6 SYSTEMPATH\CodeIgniter.php(353): CodeIgniter\CodeIgniter->handleRequest(null, Object(Config\Cache), false)
 7 FCPATH\index.php(79): CodeIgniter\CodeIgniter->run()
 8 SYSTEMPATH\Commands\Server\rewrite.php(47): require_once('D:\\xampp\\htdocs\\codeIgniter\\index.php')
CRITICAL - 2023-09-30 17:38:41 --> Undefined variable $login
in APPPATH\Views\nav.php on line 245.
 1 APPPATH\Views\nav.php(245): CodeIgniter\Debug\Exceptions->errorHandler(2, 'Undefined variable $login', 'D:\\xampp\\htdocs\\codeIgniter\\app\\Views\\nav.php', 245)
 2 SYSTEMPATH\View\View.php(226): include('D:\\xampp\\htdocs\\codeIgniter\\app\\Views\\nav.php')
 3 SYSTEMPATH\View\View.php(229): CodeIgniter\View\View->CodeIgniter\View\{closure}()
 4 SYSTEMPATH\Common.php(1188): CodeIgniter\View\View->render('nav', [], true)
 5 APPPATH\Controllers\Home.php(9): view('nav')
 6 SYSTEMPATH\CodeIgniter.php(919): App\Controllers\Home->index()
 7 SYSTEMPATH\CodeIgniter.php(494): CodeIgniter\CodeIgniter->runController(Object(App\Controllers\Home))
 8 SYSTEMPATH\CodeIgniter.php(353): CodeIgniter\CodeIgniter->handleRequest(null, Object(Config\Cache), false)
 9 FCPATH\index.php(79): CodeIgniter\CodeIgniter->run()
10 SYSTEMPATH\Commands\Server\rewrite.php(47): require_once('D:\\xampp\\htdocs\\codeIgniter\\index.php')
CRITICAL - 2023-09-30 17:38:42 --> Undefined variable $login
in APPPATH\Views\nav.php on line 245.
 1 APPPATH\Views\nav.php(245): CodeIgniter\Debug\Exceptions->errorHandler(2, 'Undefined variable $login', 'D:\\xampp\\htdocs\\codeIgniter\\app\\Views\\nav.php', 245)
 2 SYSTEMPATH\View\View.php(226): include('D:\\xampp\\htdocs\\codeIgniter\\app\\Views\\nav.php')
 3 SYSTEMPATH\View\View.php(229): CodeIgniter\View\View->CodeIgniter\View\{closure}()
 4 SYSTEMPATH\Common.php(1188): CodeIgniter\View\View->render('nav', [], true)
 5 APPPATH\Controllers\Home.php(9): view('nav')
 6 SYSTEMPATH\CodeIgniter.php(919): App\Controllers\Home->index()
 7 SYSTEMPATH\CodeIgniter.php(494): CodeIgniter\CodeIgniter->runController(Object(App\Controllers\Home))
 8 SYSTEMPATH\CodeIgniter.php(353): CodeIgniter\CodeIgniter->handleRequest(null, Object(Config\Cache), false)
 9 FCPATH\index.php(79): CodeIgniter\CodeIgniter->run()
10 SYSTEMPATH\Commands\Server\rewrite.php(47): require_once('D:\\xampp\\htdocs\\codeIgniter\\index.php')
CRITICAL - 2023-09-30 17:38:42 --> Undefined variable $login
in APPPATH\Views\nav.php on line 245.
 1 APPPATH\Views\nav.php(245): CodeIgniter\Debug\Exceptions->errorHandler(2, 'Undefined variable $login', 'D:\\xampp\\htdocs\\codeIgniter\\app\\Views\\nav.php', 245)
 2 SYSTEMPATH\View\View.php(226): include('D:\\xampp\\htdocs\\codeIgniter\\app\\Views\\nav.php')
 3 SYSTEMPATH\View\View.php(229): CodeIgniter\View\View->CodeIgniter\View\{closure}()
 4 SYSTEMPATH\Common.php(1188): CodeIgniter\View\View->render('nav', [], true)
 5 APPPATH\Controllers\Home.php(9): view('nav')
 6 SYSTEMPATH\CodeIgniter.php(919): App\Controllers\Home->index()
 7 SYSTEMPATH\CodeIgniter.php(494): CodeIgniter\CodeIgniter->runController(Object(App\Controllers\Home))
 8 SYSTEMPATH\CodeIgniter.php(353): CodeIgniter\CodeIgniter->handleRequest(null, Object(Config\Cache), false)
 9 FCPATH\index.php(79): CodeIgniter\CodeIgniter->run()
10 SYSTEMPATH\Commands\Server\rewrite.php(47): require_once('D:\\xampp\\htdocs\\codeIgniter\\index.php')
CRITICAL - 2023-09-30 17:38:42 --> Undefined variable $login
in APPPATH\Views\nav.php on line 245.
 1 APPPATH\Views\nav.php(245): CodeIgniter\Debug\Exceptions->errorHandler(2, 'Undefined variable $login', 'D:\\xampp\\htdocs\\codeIgniter\\app\\Views\\nav.php', 245)
 2 SYSTEMPATH\View\View.php(226): include('D:\\xampp\\htdocs\\codeIgniter\\app\\Views\\nav.php')
 3 SYSTEMPATH\View\View.php(229): CodeIgniter\View\View->CodeIgniter\View\{closure}()
 4 SYSTEMPATH\Common.php(1188): CodeIgniter\View\View->render('nav', [], true)
 5 APPPATH\Controllers\Home.php(9): view('nav')
 6 SYSTEMPATH\CodeIgniter.php(919): App\Controllers\Home->index()
 7 SYSTEMPATH\CodeIgniter.php(494): CodeIgniter\CodeIgniter->runController(Object(App\Controllers\Home))
 8 SYSTEMPATH\CodeIgniter.php(353): CodeIgniter\CodeIgniter->handleRequest(null, Object(Config\Cache), false)
 9 FCPATH\index.php(79): CodeIgniter\CodeIgniter->run()
10 SYSTEMPATH\Commands\Server\rewrite.php(47): require_once('D:\\xampp\\htdocs\\codeIgniter\\index.php')
