CRITICAL - 2024-09-10 12:05:00 --> Class "Locale" not found
in SYSTEMPATH/CodeIgniter.php on line 214.
 1 ROOTPATH/spark(88): CodeIgniter\CodeIgniter->initialize()
CRITICAL - 2024-09-10 12:05:00 --> Uncaught Error: Class "Locale" not found in /home/rakib/projects/all prj/charity_management_system/system/I18n/TimeTrait.php:74
Stack trace:
#0 /home/rakib/projects/all prj/charity_management_system/system/I18n/TimeTrait.php(115): CodeIgniter\I18n\Time->__construct()
#1 /home/rakib/projects/all prj/charity_management_system/system/HTTP/ResponseTrait.php(468): CodeIgniter\I18n\Time::now()
#2 /home/rakib/projects/all prj/charity_management_system/system/HTTP/ResponseTrait.php(446): CodeIgniter\HTTP\Response->sendHeaders()
#3 /home/rakib/projects/all prj/charity_management_system/system/Debug/ExceptionHandler.php(78): CodeIgniter\HTTP\Response->send()
#4 /home/rakib/projects/all prj/charity_management_system/system/Debug/Exceptions.php(146): CodeIgniter\Debug\ExceptionHandler->handle()
#5 [internal function]: CodeIgniter\Debug\Exceptions->exceptionHandler()
#6 {main}
  thrown
【Previous Exception】
Error
Class "Locale" not found
#0 /home/rakib/projects/all prj/charity_management_system/spark(88): CodeIgniter\CodeIgniter->initialize()
#1 {main}
in SYSTEMPATH/I18n/TimeTrait.php on line 74.
 1 [internal function]: CodeIgniter\Debug\Exceptions->shutdownHandler()
CRITICAL - 2024-09-10 12:05:22 --> Class "Locale" not found
in SYSTEMPATH/CodeIgniter.php on line 214.
 1 ROOTPATH/spark(88): CodeIgniter\CodeIgniter->initialize()
CRITICAL - 2024-09-10 12:05:22 --> Uncaught Error: Class "Locale" not found in /home/rakib/projects/all prj/charity_management_system/system/I18n/TimeTrait.php:74
Stack trace:
#0 /home/rakib/projects/all prj/charity_management_system/system/I18n/TimeTrait.php(115): CodeIgniter\I18n\Time->__construct()
#1 /home/rakib/projects/all prj/charity_management_system/system/HTTP/ResponseTrait.php(468): CodeIgniter\I18n\Time::now()
#2 /home/rakib/projects/all prj/charity_management_system/system/HTTP/ResponseTrait.php(446): CodeIgniter\HTTP\Response->sendHeaders()
#3 /home/rakib/projects/all prj/charity_management_system/system/Debug/ExceptionHandler.php(78): CodeIgniter\HTTP\Response->send()
#4 /home/rakib/projects/all prj/charity_management_system/system/Debug/Exceptions.php(146): CodeIgniter\Debug\ExceptionHandler->handle()
#5 [internal function]: CodeIgniter\Debug\Exceptions->exceptionHandler()
#6 {main}
  thrown
【Previous Exception】
Error
Class "Locale" not found
#0 /home/rakib/projects/all prj/charity_management_system/spark(88): CodeIgniter\CodeIgniter->initialize()
#1 {main}
in SYSTEMPATH/I18n/TimeTrait.php on line 74.
 1 [internal function]: CodeIgniter\Debug\Exceptions->shutdownHandler()
CRITICAL - 2024-09-10 12:05:33 --> Class "Locale" not found
in SYSTEMPATH/CodeIgniter.php on line 214.
 1 ROOTPATH/spark(88): CodeIgniter\CodeIgniter->initialize()
CRITICAL - 2024-09-10 12:05:33 --> Uncaught Error: Class "Locale" not found in /home/rakib/projects/all prj/charity_management_system/system/I18n/TimeTrait.php:74
Stack trace:
#0 /home/rakib/projects/all prj/charity_management_system/system/I18n/TimeTrait.php(115): CodeIgniter\I18n\Time->__construct()
#1 /home/rakib/projects/all prj/charity_management_system/system/HTTP/ResponseTrait.php(468): CodeIgniter\I18n\Time::now()
#2 /home/rakib/projects/all prj/charity_management_system/system/HTTP/ResponseTrait.php(446): CodeIgniter\HTTP\Response->sendHeaders()
#3 /home/rakib/projects/all prj/charity_management_system/system/Debug/ExceptionHandler.php(78): CodeIgniter\HTTP\Response->send()
#4 /home/rakib/projects/all prj/charity_management_system/system/Debug/Exceptions.php(146): CodeIgniter\Debug\ExceptionHandler->handle()
#5 [internal function]: CodeIgniter\Debug\Exceptions->exceptionHandler()
#6 {main}
  thrown
【Previous Exception】
Error
Class "Locale" not found
#0 /home/rakib/projects/all prj/charity_management_system/spark(88): CodeIgniter\CodeIgniter->initialize()
#1 {main}
in SYSTEMPATH/I18n/TimeTrait.php on line 74.
 1 [internal function]: CodeIgniter\Debug\Exceptions->shutdownHandler()
CRITICAL - 2024-09-10 12:05:58 --> Class "Locale" not found
in SYSTEMPATH/CodeIgniter.php on line 214.
 1 ROOTPATH/spark(88): CodeIgniter\CodeIgniter->initialize()
CRITICAL - 2024-09-10 12:05:58 --> Uncaught Error: Class "Locale" not found in /home/rakib/projects/all prj/charity_management_system/system/I18n/TimeTrait.php:74
Stack trace:
#0 /home/rakib/projects/all prj/charity_management_system/system/I18n/TimeTrait.php(115): CodeIgniter\I18n\Time->__construct()
#1 /home/rakib/projects/all prj/charity_management_system/system/HTTP/ResponseTrait.php(468): CodeIgniter\I18n\Time::now()
#2 /home/rakib/projects/all prj/charity_management_system/system/HTTP/ResponseTrait.php(446): CodeIgniter\HTTP\Response->sendHeaders()
#3 /home/rakib/projects/all prj/charity_management_system/system/Debug/ExceptionHandler.php(78): CodeIgniter\HTTP\Response->send()
#4 /home/rakib/projects/all prj/charity_management_system/system/Debug/Exceptions.php(146): CodeIgniter\Debug\ExceptionHandler->handle()
#5 [internal function]: CodeIgniter\Debug\Exceptions->exceptionHandler()
#6 {main}
  thrown
【Previous Exception】
Error
Class "Locale" not found
#0 /home/rakib/projects/all prj/charity_management_system/spark(88): CodeIgniter\CodeIgniter->initialize()
#1 {main}
in SYSTEMPATH/I18n/TimeTrait.php on line 74.
 1 [internal function]: CodeIgniter\Debug\Exceptions->shutdownHandler()
CRITICAL - 2024-09-10 12:06:38 --> Class "Locale" not found
in SYSTEMPATH/CodeIgniter.php on line 214.
 1 ROOTPATH/spark(88): CodeIgniter\CodeIgniter->initialize()
CRITICAL - 2024-09-10 12:06:38 --> Uncaught Error: Class "Locale" not found in /home/rakib/projects/all prj/charity_management_system/system/I18n/TimeTrait.php:74
Stack trace:
#0 /home/rakib/projects/all prj/charity_management_system/system/I18n/TimeTrait.php(115): CodeIgniter\I18n\Time->__construct()
#1 /home/rakib/projects/all prj/charity_management_system/system/HTTP/ResponseTrait.php(468): CodeIgniter\I18n\Time::now()
#2 /home/rakib/projects/all prj/charity_management_system/system/HTTP/ResponseTrait.php(446): CodeIgniter\HTTP\Response->sendHeaders()
#3 /home/rakib/projects/all prj/charity_management_system/system/Debug/ExceptionHandler.php(78): CodeIgniter\HTTP\Response->send()
#4 /home/rakib/projects/all prj/charity_management_system/system/Debug/Exceptions.php(146): CodeIgniter\Debug\ExceptionHandler->handle()
#5 [internal function]: CodeIgniter\Debug\Exceptions->exceptionHandler()
#6 {main}
  thrown
【Previous Exception】
Error
Class "Locale" not found
#0 /home/rakib/projects/all prj/charity_management_system/spark(88): CodeIgniter\CodeIgniter->initialize()
#1 {main}
in SYSTEMPATH/I18n/TimeTrait.php on line 74.
 1 [internal function]: CodeIgniter\Debug\Exceptions->shutdownHandler()
CRITICAL - 2024-09-10 12:07:52 --> Class "Locale" not found
in SYSTEMPATH/CodeIgniter.php on line 214.
 1 ROOTPATH/spark(88): CodeIgniter\CodeIgniter->initialize()
CRITICAL - 2024-09-10 12:07:52 --> Uncaught Error: Class "Locale" not found in /home/rakib/projects/all prj/charity_management_system/system/I18n/TimeTrait.php:74
Stack trace:
#0 /home/rakib/projects/all prj/charity_management_system/system/I18n/TimeTrait.php(115): CodeIgniter\I18n\Time->__construct()
#1 /home/rakib/projects/all prj/charity_management_system/system/HTTP/ResponseTrait.php(468): CodeIgniter\I18n\Time::now()
#2 /home/rakib/projects/all prj/charity_management_system/system/HTTP/ResponseTrait.php(446): CodeIgniter\HTTP\Response->sendHeaders()
#3 /home/rakib/projects/all prj/charity_management_system/system/Debug/ExceptionHandler.php(78): CodeIgniter\HTTP\Response->send()
#4 /home/rakib/projects/all prj/charity_management_system/system/Debug/Exceptions.php(146): CodeIgniter\Debug\ExceptionHandler->handle()
#5 [internal function]: CodeIgniter\Debug\Exceptions->exceptionHandler()
#6 {main}
  thrown
【Previous Exception】
Error
Class "Locale" not found
#0 /home/rakib/projects/all prj/charity_management_system/spark(88): CodeIgniter\CodeIgniter->initialize()
#1 {main}
in SYSTEMPATH/I18n/TimeTrait.php on line 74.
 1 [internal function]: CodeIgniter\Debug\Exceptions->shutdownHandler()
